[0.007s] Invoking command in '/home/poom/Desktop/ros2_Turtlesim_CatchThemAll_ws/build/turtlesim_catch_them_all_interfaces': CMAKE_PREFIX_PATH=${CMAKE_PREFIX_PATH}:/home/poom/Desktop/ros2_Turtlesim_CatchThemAll_ws/install/turtlesim_catch_them_all:/home/poom/Desktop/ROS2_MiniProject/ros2_ws/install/my_py_pkg:/home/poom/ros2_ws/install/my_py_pkg:/opt/ros/humble /usr/bin/cmake --build /home/poom/Desktop/ros2_Turtlesim_CatchThemAll_ws/build/turtlesim_catch_them_all_interfaces -- -j16 -l16
[0.029s] [35m[1mConsolidate compiler generated dependencies of target turtlesim_catch_them_all_interfaces__rosidl_generator_c[0m
[0.034s] [  2%] Built target turtlesim_catch_them_all_interfaces__cpp
[0.036s] [ 12%] Built target turtlesim_catch_them_all_interfaces__rosidl_generator_c
[0.041s] [35m[1mConsolidate compiler generated dependencies of target turtlesim_catch_them_all_interfaces__rosidl_typesupport_cpp[0m
[0.041s] [ 12%] Built target ament_cmake_python_copy_turtlesim_catch_them_all_interfaces
[0.041s] [35m[1mConsolidate compiler generated dependencies of target turtlesim_catch_them_all_interfaces__rosidl_typesupport_introspection_cpp[0m
[0.041s] [35m[1mConsolidate compiler generated dependencies of target turtlesim_catch_them_all_interfaces__rosidl_typesupport_fastrtps_cpp[0m
[0.045s] [35m[1mConsolidate compiler generated dependencies of target turtlesim_catch_them_all_interfaces__rosidl_typesupport_fastrtps_c[0m
[0.045s] [35m[1mConsolidate compiler generated dependencies of target turtlesim_catch_them_all_interfaces__rosidl_typesupport_c[0m
[0.045s] [35m[1mConsolidate compiler generated dependencies of target turtlesim_catch_them_all_interfaces__rosidl_typesupport_introspection_c[0m
[0.048s] [ 23%] Built target turtlesim_catch_them_all_interfaces__rosidl_typesupport_cpp
[0.049s] [ 33%] Built target turtlesim_catch_them_all_interfaces__rosidl_typesupport_introspection_cpp
[0.050s] [ 43%] Built target turtlesim_catch_them_all_interfaces__rosidl_typesupport_fastrtps_cpp
[0.053s] [ 56%] Built target turtlesim_catch_them_all_interfaces__rosidl_typesupport_c
[0.054s] [ 64%] Built target turtlesim_catch_them_all_interfaces__rosidl_typesupport_introspection_c
[0.055s] [ 74%] Built target turtlesim_catch_them_all_interfaces__rosidl_typesupport_fastrtps_c
[0.069s] [ 74%] Built target turtlesim_catch_them_all_interfaces
[0.081s] [ 76%] Built target turtlesim_catch_them_all_interfaces__py
[0.088s] [35m[1mConsolidate compiler generated dependencies of target turtlesim_catch_them_all_interfaces__rosidl_generator_py[0m
[0.094s] [ 84%] Built target turtlesim_catch_them_all_interfaces__rosidl_generator_py
[0.101s] [35m[1mConsolidate compiler generated dependencies of target turtlesim_catch_them_all_interfaces__rosidl_typesupport_fastrtps_c__pyext[0m
[0.101s] [35m[1mConsolidate compiler generated dependencies of target turtlesim_catch_them_all_interfaces__rosidl_typesupport_c__pyext[0m
[0.101s] [35m[1mConsolidate compiler generated dependencies of target turtlesim_catch_them_all_interfaces__rosidl_typesupport_introspection_c__pyext[0m
[0.107s] [ 89%] Built target turtlesim_catch_them_all_interfaces__rosidl_typesupport_fastrtps_c__pyext
[0.107s] [ 94%] Built target turtlesim_catch_them_all_interfaces__rosidl_typesupport_c__pyext
[0.108s] [100%] Built target turtlesim_catch_them_all_interfaces__rosidl_typesupport_introspection_c__pyext
[0.190s] running egg_info
[0.193s] writing turtlesim_catch_them_all_interfaces.egg-info/PKG-INFO
[0.193s] writing dependency_links to turtlesim_catch_them_all_interfaces.egg-info/dependency_links.txt
[0.193s] writing top-level names to turtlesim_catch_them_all_interfaces.egg-info/top_level.txt
[0.193s] reading manifest file 'turtlesim_catch_them_all_interfaces.egg-info/SOURCES.txt'
[0.193s] writing manifest file 'turtlesim_catch_them_all_interfaces.egg-info/SOURCES.txt'
[0.207s] [100%] Built target ament_cmake_python_build_turtlesim_catch_them_all_interfaces_egg
[0.216s] Invoked command in '/home/poom/Desktop/ros2_Turtlesim_CatchThemAll_ws/build/turtlesim_catch_them_all_interfaces' returned '0': CMAKE_PREFIX_PATH=${CMAKE_PREFIX_PATH}:/home/poom/Desktop/ros2_Turtlesim_CatchThemAll_ws/install/turtlesim_catch_them_all:/home/poom/Desktop/ROS2_MiniProject/ros2_ws/install/my_py_pkg:/home/poom/ros2_ws/install/my_py_pkg:/opt/ros/humble /usr/bin/cmake --build /home/poom/Desktop/ros2_Turtlesim_CatchThemAll_ws/build/turtlesim_catch_them_all_interfaces -- -j16 -l16
[0.273s] Invoking command in '/home/poom/Desktop/ros2_Turtlesim_CatchThemAll_ws/build/turtlesim_catch_them_all_interfaces': CMAKE_PREFIX_PATH=${CMAKE_PREFIX_PATH}:/home/poom/Desktop/ros2_Turtlesim_CatchThemAll_ws/install/turtlesim_catch_them_all:/home/poom/Desktop/ROS2_MiniProject/ros2_ws/install/my_py_pkg:/home/poom/ros2_ws/install/my_py_pkg:/opt/ros/humble /usr/bin/cmake --install /home/poom/Desktop/ros2_Turtlesim_CatchThemAll_ws/build/turtlesim_catch_them_all_interfaces
[0.279s] -- Install configuration: ""
[0.279s] -- Up-to-date: /home/poom/Desktop/ros2_Turtlesim_CatchThemAll_ws/install/turtlesim_catch_them_all_interfaces/share/ament_index/resource_index/rosidl_interfaces/turtlesim_catch_them_all_interfaces
[0.279s] -- Up-to-date: /home/poom/Desktop/ros2_Turtlesim_CatchThemAll_ws/install/turtlesim_catch_them_all_interfaces/include/turtlesim_catch_them_all_interfaces/turtlesim_catch_them_all_interfaces
[0.279s] -- Up-to-date: /home/poom/Desktop/ros2_Turtlesim_CatchThemAll_ws/install/turtlesim_catch_them_all_interfaces/include/turtlesim_catch_them_all_interfaces/turtlesim_catch_them_all_interfaces/msg
[0.279s] -- Up-to-date: /home/poom/Desktop/ros2_Turtlesim_CatchThemAll_ws/install/turtlesim_catch_them_all_interfaces/include/turtlesim_catch_them_all_interfaces/turtlesim_catch_them_all_interfaces/msg/turtle.h
[0.279s] -- Up-to-date: /home/poom/Desktop/ros2_Turtlesim_CatchThemAll_ws/install/turtlesim_catch_them_all_interfaces/include/turtlesim_catch_them_all_interfaces/turtlesim_catch_them_all_interfaces/msg/turtle_array.h
[0.279s] -- Up-to-date: /home/poom/Desktop/ros2_Turtlesim_CatchThemAll_ws/install/turtlesim_catch_them_all_interfaces/include/turtlesim_catch_them_all_interfaces/turtlesim_catch_them_all_interfaces/msg/detail
[0.279s] -- Up-to-date: /home/poom/Desktop/ros2_Turtlesim_CatchThemAll_ws/install/turtlesim_catch_them_all_interfaces/include/turtlesim_catch_them_all_interfaces/turtlesim_catch_them_all_interfaces/msg/detail/turtle_array__type_support.h
[0.279s] -- Up-to-date: /home/poom/Desktop/ros2_Turtlesim_CatchThemAll_ws/install/turtlesim_catch_them_all_interfaces/include/turtlesim_catch_them_all_interfaces/turtlesim_catch_them_all_interfaces/msg/detail/turtle__functions.c
[0.279s] -- Up-to-date: /home/poom/Desktop/ros2_Turtlesim_CatchThemAll_ws/install/turtlesim_catch_them_all_interfaces/include/turtlesim_catch_them_all_interfaces/turtlesim_catch_them_all_interfaces/msg/detail/turtle_array__functions.c
[0.279s] -- Up-to-date: /home/poom/Desktop/ros2_Turtlesim_CatchThemAll_ws/install/turtlesim_catch_them_all_interfaces/include/turtlesim_catch_them_all_interfaces/turtlesim_catch_them_all_interfaces/msg/detail/turtle__struct.h
[0.279s] -- Up-to-date: /home/poom/Desktop/ros2_Turtlesim_CatchThemAll_ws/install/turtlesim_catch_them_all_interfaces/include/turtlesim_catch_them_all_interfaces/turtlesim_catch_them_all_interfaces/msg/detail/turtle__functions.h
[0.279s] -- Up-to-date: /home/poom/Desktop/ros2_Turtlesim_CatchThemAll_ws/install/turtlesim_catch_them_all_interfaces/include/turtlesim_catch_them_all_interfaces/turtlesim_catch_them_all_interfaces/msg/detail/turtle_array__functions.h
[0.279s] -- Up-to-date: /home/poom/Desktop/ros2_Turtlesim_CatchThemAll_ws/install/turtlesim_catch_them_all_interfaces/include/turtlesim_catch_them_all_interfaces/turtlesim_catch_them_all_interfaces/msg/detail/turtle__type_support.h
[0.279s] -- Up-to-date: /home/poom/Desktop/ros2_Turtlesim_CatchThemAll_ws/install/turtlesim_catch_them_all_interfaces/include/turtlesim_catch_them_all_interfaces/turtlesim_catch_them_all_interfaces/msg/detail/turtle_array__struct.h
[0.279s] -- Up-to-date: /home/poom/Desktop/ros2_Turtlesim_CatchThemAll_ws/install/turtlesim_catch_them_all_interfaces/include/turtlesim_catch_them_all_interfaces/turtlesim_catch_them_all_interfaces/msg/rosidl_generator_c__visibility_control.h
[0.279s] -- Up-to-date: /home/poom/Desktop/ros2_Turtlesim_CatchThemAll_ws/install/turtlesim_catch_them_all_interfaces/share/turtlesim_catch_them_all_interfaces/environment/library_path.sh
[0.280s] -- Up-to-date: /home/poom/Desktop/ros2_Turtlesim_CatchThemAll_ws/install/turtlesim_catch_them_all_interfaces/share/turtlesim_catch_them_all_interfaces/environment/library_path.dsv
[0.280s] -- Up-to-date: /home/poom/Desktop/ros2_Turtlesim_CatchThemAll_ws/install/turtlesim_catch_them_all_interfaces/lib/libturtlesim_catch_them_all_interfaces__rosidl_generator_c.so
[0.280s] -- Up-to-date: /home/poom/Desktop/ros2_Turtlesim_CatchThemAll_ws/install/turtlesim_catch_them_all_interfaces/include/turtlesim_catch_them_all_interfaces/turtlesim_catch_them_all_interfaces
[0.280s] -- Up-to-date: /home/poom/Desktop/ros2_Turtlesim_CatchThemAll_ws/install/turtlesim_catch_them_all_interfaces/include/turtlesim_catch_them_all_interfaces/turtlesim_catch_them_all_interfaces/msg
[0.280s] -- Up-to-date: /home/poom/Desktop/ros2_Turtlesim_CatchThemAll_ws/install/turtlesim_catch_them_all_interfaces/include/turtlesim_catch_them_all_interfaces/turtlesim_catch_them_all_interfaces/msg/detail
[0.280s] -- Up-to-date: /home/poom/Desktop/ros2_Turtlesim_CatchThemAll_ws/install/turtlesim_catch_them_all_interfaces/include/turtlesim_catch_them_all_interfaces/turtlesim_catch_them_all_interfaces/msg/detail/turtle_array__rosidl_typesupport_fastrtps_c.h
[0.280s] -- Up-to-date: /home/poom/Desktop/ros2_Turtlesim_CatchThemAll_ws/install/turtlesim_catch_them_all_interfaces/include/turtlesim_catch_them_all_interfaces/turtlesim_catch_them_all_interfaces/msg/detail/turtle__rosidl_typesupport_fastrtps_c.h
[0.280s] -- Up-to-date: /home/poom/Desktop/ros2_Turtlesim_CatchThemAll_ws/install/turtlesim_catch_them_all_interfaces/include/turtlesim_catch_them_all_interfaces/turtlesim_catch_them_all_interfaces/msg/rosidl_typesupport_fastrtps_c__visibility_control.h
[0.280s] -- Up-to-date: /home/poom/Desktop/ros2_Turtlesim_CatchThemAll_ws/install/turtlesim_catch_them_all_interfaces/lib/libturtlesim_catch_them_all_interfaces__rosidl_typesupport_fastrtps_c.so
[0.280s] -- Up-to-date: /home/poom/Desktop/ros2_Turtlesim_CatchThemAll_ws/install/turtlesim_catch_them_all_interfaces/include/turtlesim_catch_them_all_interfaces/turtlesim_catch_them_all_interfaces
[0.280s] -- Up-to-date: /home/poom/Desktop/ros2_Turtlesim_CatchThemAll_ws/install/turtlesim_catch_them_all_interfaces/include/turtlesim_catch_them_all_interfaces/turtlesim_catch_them_all_interfaces/msg
[0.280s] -- Up-to-date: /home/poom/Desktop/ros2_Turtlesim_CatchThemAll_ws/install/turtlesim_catch_them_all_interfaces/include/turtlesim_catch_them_all_interfaces/turtlesim_catch_them_all_interfaces/msg/rosidl_typesupport_introspection_c__visibility_control.h
[0.280s] -- Up-to-date: /home/poom/Desktop/ros2_Turtlesim_CatchThemAll_ws/install/turtlesim_catch_them_all_interfaces/include/turtlesim_catch_them_all_interfaces/turtlesim_catch_them_all_interfaces/msg/detail
[0.280s] -- Up-to-date: /home/poom/Desktop/ros2_Turtlesim_CatchThemAll_ws/install/turtlesim_catch_them_all_interfaces/include/turtlesim_catch_them_all_interfaces/turtlesim_catch_them_all_interfaces/msg/detail/turtle_array__rosidl_typesupport_introspection_c.h
[0.280s] -- Up-to-date: /home/poom/Desktop/ros2_Turtlesim_CatchThemAll_ws/install/turtlesim_catch_them_all_interfaces/include/turtlesim_catch_them_all_interfaces/turtlesim_catch_them_all_interfaces/msg/detail/turtle__type_support.c
[0.280s] -- Up-to-date: /home/poom/Desktop/ros2_Turtlesim_CatchThemAll_ws/install/turtlesim_catch_them_all_interfaces/include/turtlesim_catch_them_all_interfaces/turtlesim_catch_them_all_interfaces/msg/detail/turtle__rosidl_typesupport_introspection_c.h
[0.280s] -- Up-to-date: /home/poom/Desktop/ros2_Turtlesim_CatchThemAll_ws/install/turtlesim_catch_them_all_interfaces/include/turtlesim_catch_them_all_interfaces/turtlesim_catch_them_all_interfaces/msg/detail/turtle_array__type_support.c
[0.280s] -- Up-to-date: /home/poom/Desktop/ros2_Turtlesim_CatchThemAll_ws/install/turtlesim_catch_them_all_interfaces/lib/libturtlesim_catch_them_all_interfaces__rosidl_typesupport_introspection_c.so
[0.280s] -- Up-to-date: /home/poom/Desktop/ros2_Turtlesim_CatchThemAll_ws/install/turtlesim_catch_them_all_interfaces/lib/libturtlesim_catch_them_all_interfaces__rosidl_typesupport_c.so
[0.280s] -- Up-to-date: /home/poom/Desktop/ros2_Turtlesim_CatchThemAll_ws/install/turtlesim_catch_them_all_interfaces/include/turtlesim_catch_them_all_interfaces/turtlesim_catch_them_all_interfaces
[0.280s] -- Up-to-date: /home/poom/Desktop/ros2_Turtlesim_CatchThemAll_ws/install/turtlesim_catch_them_all_interfaces/include/turtlesim_catch_them_all_interfaces/turtlesim_catch_them_all_interfaces/msg
[0.280s] -- Up-to-date: /home/poom/Desktop/ros2_Turtlesim_CatchThemAll_ws/install/turtlesim_catch_them_all_interfaces/include/turtlesim_catch_them_all_interfaces/turtlesim_catch_them_all_interfaces/msg/detail
[0.280s] -- Up-to-date: /home/poom/Desktop/ros2_Turtlesim_CatchThemAll_ws/install/turtlesim_catch_them_all_interfaces/include/turtlesim_catch_them_all_interfaces/turtlesim_catch_them_all_interfaces/msg/detail/turtle__traits.hpp
[0.280s] -- Up-to-date: /home/poom/Desktop/ros2_Turtlesim_CatchThemAll_ws/install/turtlesim_catch_them_all_interfaces/include/turtlesim_catch_them_all_interfaces/turtlesim_catch_them_all_interfaces/msg/detail/turtle_array__builder.hpp
[0.280s] -- Up-to-date: /home/poom/Desktop/ros2_Turtlesim_CatchThemAll_ws/install/turtlesim_catch_them_all_interfaces/include/turtlesim_catch_them_all_interfaces/turtlesim_catch_them_all_interfaces/msg/detail/turtle_array__struct.hpp
[0.280s] -- Up-to-date: /home/poom/Desktop/ros2_Turtlesim_CatchThemAll_ws/install/turtlesim_catch_them_all_interfaces/include/turtlesim_catch_them_all_interfaces/turtlesim_catch_them_all_interfaces/msg/detail/turtle_array__traits.hpp
[0.281s] -- Up-to-date: /home/poom/Desktop/ros2_Turtlesim_CatchThemAll_ws/install/turtlesim_catch_them_all_interfaces/include/turtlesim_catch_them_all_interfaces/turtlesim_catch_them_all_interfaces/msg/detail/turtle__struct.hpp
[0.281s] -- Up-to-date: /home/poom/Desktop/ros2_Turtlesim_CatchThemAll_ws/install/turtlesim_catch_them_all_interfaces/include/turtlesim_catch_them_all_interfaces/turtlesim_catch_them_all_interfaces/msg/detail/turtle__builder.hpp
[0.281s] -- Up-to-date: /home/poom/Desktop/ros2_Turtlesim_CatchThemAll_ws/install/turtlesim_catch_them_all_interfaces/include/turtlesim_catch_them_all_interfaces/turtlesim_catch_them_all_interfaces/msg/turtle.hpp
[0.281s] -- Up-to-date: /home/poom/Desktop/ros2_Turtlesim_CatchThemAll_ws/install/turtlesim_catch_them_all_interfaces/include/turtlesim_catch_them_all_interfaces/turtlesim_catch_them_all_interfaces/msg/turtle_array.hpp
[0.281s] -- Up-to-date: /home/poom/Desktop/ros2_Turtlesim_CatchThemAll_ws/install/turtlesim_catch_them_all_interfaces/include/turtlesim_catch_them_all_interfaces/turtlesim_catch_them_all_interfaces
[0.281s] -- Up-to-date: /home/poom/Desktop/ros2_Turtlesim_CatchThemAll_ws/install/turtlesim_catch_them_all_interfaces/include/turtlesim_catch_them_all_interfaces/turtlesim_catch_them_all_interfaces/msg
[0.281s] -- Up-to-date: /home/poom/Desktop/ros2_Turtlesim_CatchThemAll_ws/install/turtlesim_catch_them_all_interfaces/include/turtlesim_catch_them_all_interfaces/turtlesim_catch_them_all_interfaces/msg/detail
[0.281s] -- Up-to-date: /home/poom/Desktop/ros2_Turtlesim_CatchThemAll_ws/install/turtlesim_catch_them_all_interfaces/include/turtlesim_catch_them_all_interfaces/turtlesim_catch_them_all_interfaces/msg/detail/turtle_array__rosidl_typesupport_fastrtps_cpp.hpp
[0.281s] -- Up-to-date: /home/poom/Desktop/ros2_Turtlesim_CatchThemAll_ws/install/turtlesim_catch_them_all_interfaces/include/turtlesim_catch_them_all_interfaces/turtlesim_catch_them_all_interfaces/msg/detail/dds_fastrtps
[0.281s] -- Up-to-date: /home/poom/Desktop/ros2_Turtlesim_CatchThemAll_ws/install/turtlesim_catch_them_all_interfaces/include/turtlesim_catch_them_all_interfaces/turtlesim_catch_them_all_interfaces/msg/detail/turtle__rosidl_typesupport_fastrtps_cpp.hpp
[0.281s] -- Up-to-date: /home/poom/Desktop/ros2_Turtlesim_CatchThemAll_ws/install/turtlesim_catch_them_all_interfaces/include/turtlesim_catch_them_all_interfaces/turtlesim_catch_them_all_interfaces/msg/rosidl_typesupport_fastrtps_cpp__visibility_control.h
[0.281s] -- Up-to-date: /home/poom/Desktop/ros2_Turtlesim_CatchThemAll_ws/install/turtlesim_catch_them_all_interfaces/lib/libturtlesim_catch_them_all_interfaces__rosidl_typesupport_fastrtps_cpp.so
[0.281s] -- Up-to-date: /home/poom/Desktop/ros2_Turtlesim_CatchThemAll_ws/install/turtlesim_catch_them_all_interfaces/include/turtlesim_catch_them_all_interfaces/turtlesim_catch_them_all_interfaces
[0.281s] -- Up-to-date: /home/poom/Desktop/ros2_Turtlesim_CatchThemAll_ws/install/turtlesim_catch_them_all_interfaces/include/turtlesim_catch_them_all_interfaces/turtlesim_catch_them_all_interfaces/msg
[0.281s] -- Up-to-date: /home/poom/Desktop/ros2_Turtlesim_CatchThemAll_ws/install/turtlesim_catch_them_all_interfaces/include/turtlesim_catch_them_all_interfaces/turtlesim_catch_them_all_interfaces/msg/detail
[0.281s] -- Up-to-date: /home/poom/Desktop/ros2_Turtlesim_CatchThemAll_ws/install/turtlesim_catch_them_all_interfaces/include/turtlesim_catch_them_all_interfaces/turtlesim_catch_them_all_interfaces/msg/detail/turtle_array__type_support.cpp
[0.281s] -- Up-to-date: /home/poom/Desktop/ros2_Turtlesim_CatchThemAll_ws/install/turtlesim_catch_them_all_interfaces/include/turtlesim_catch_them_all_interfaces/turtlesim_catch_them_all_interfaces/msg/detail/turtle__type_support.cpp
[0.281s] -- Up-to-date: /home/poom/Desktop/ros2_Turtlesim_CatchThemAll_ws/install/turtlesim_catch_them_all_interfaces/include/turtlesim_catch_them_all_interfaces/turtlesim_catch_them_all_interfaces/msg/detail/turtle__rosidl_typesupport_introspection_cpp.hpp
[0.281s] -- Up-to-date: /home/poom/Desktop/ros2_Turtlesim_CatchThemAll_ws/install/turtlesim_catch_them_all_interfaces/include/turtlesim_catch_them_all_interfaces/turtlesim_catch_them_all_interfaces/msg/detail/turtle_array__rosidl_typesupport_introspection_cpp.hpp
[0.281s] -- Up-to-date: /home/poom/Desktop/ros2_Turtlesim_CatchThemAll_ws/install/turtlesim_catch_them_all_interfaces/lib/libturtlesim_catch_them_all_interfaces__rosidl_typesupport_introspection_cpp.so
[0.281s] -- Up-to-date: /home/poom/Desktop/ros2_Turtlesim_CatchThemAll_ws/install/turtlesim_catch_them_all_interfaces/lib/libturtlesim_catch_them_all_interfaces__rosidl_typesupport_cpp.so
[0.281s] -- Up-to-date: /home/poom/Desktop/ros2_Turtlesim_CatchThemAll_ws/install/turtlesim_catch_them_all_interfaces/share/turtlesim_catch_them_all_interfaces/environment/pythonpath.sh
[0.281s] -- Up-to-date: /home/poom/Desktop/ros2_Turtlesim_CatchThemAll_ws/install/turtlesim_catch_them_all_interfaces/share/turtlesim_catch_them_all_interfaces/environment/pythonpath.dsv
[0.281s] -- Up-to-date: /home/poom/Desktop/ros2_Turtlesim_CatchThemAll_ws/install/turtlesim_catch_them_all_interfaces/local/lib/python3.10/dist-packages/turtlesim_catch_them_all_interfaces-0.0.0-py3.10.egg-info
[0.281s] -- Installing: /home/poom/Desktop/ros2_Turtlesim_CatchThemAll_ws/install/turtlesim_catch_them_all_interfaces/local/lib/python3.10/dist-packages/turtlesim_catch_them_all_interfaces-0.0.0-py3.10.egg-info/top_level.txt
[0.281s] -- Installing: /home/poom/Desktop/ros2_Turtlesim_CatchThemAll_ws/install/turtlesim_catch_them_all_interfaces/local/lib/python3.10/dist-packages/turtlesim_catch_them_all_interfaces-0.0.0-py3.10.egg-info/dependency_links.txt
[0.281s] -- Installing: /home/poom/Desktop/ros2_Turtlesim_CatchThemAll_ws/install/turtlesim_catch_them_all_interfaces/local/lib/python3.10/dist-packages/turtlesim_catch_them_all_interfaces-0.0.0-py3.10.egg-info/SOURCES.txt
[0.281s] -- Installing: /home/poom/Desktop/ros2_Turtlesim_CatchThemAll_ws/install/turtlesim_catch_them_all_interfaces/local/lib/python3.10/dist-packages/turtlesim_catch_them_all_interfaces-0.0.0-py3.10.egg-info/PKG-INFO
[0.281s] -- Up-to-date: /home/poom/Desktop/ros2_Turtlesim_CatchThemAll_ws/install/turtlesim_catch_them_all_interfaces/local/lib/python3.10/dist-packages/turtlesim_catch_them_all_interfaces
[0.281s] -- Up-to-date: /home/poom/Desktop/ros2_Turtlesim_CatchThemAll_ws/install/turtlesim_catch_them_all_interfaces/local/lib/python3.10/dist-packages/turtlesim_catch_them_all_interfaces/turtlesim_catch_them_all_interfaces_s__rosidl_typesupport_introspection_c.cpython-310-x86_64-linux-gnu.so
[0.281s] -- Up-to-date: /home/poom/Desktop/ros2_Turtlesim_CatchThemAll_ws/install/turtlesim_catch_them_all_interfaces/local/lib/python3.10/dist-packages/turtlesim_catch_them_all_interfaces/turtlesim_catch_them_all_interfaces_s__rosidl_typesupport_c.cpython-310-x86_64-linux-gnu.so
[0.281s] -- Up-to-date: /home/poom/Desktop/ros2_Turtlesim_CatchThemAll_ws/install/turtlesim_catch_them_all_interfaces/local/lib/python3.10/dist-packages/turtlesim_catch_them_all_interfaces/_turtlesim_catch_them_all_interfaces_s.ep.rosidl_typesupport_fastrtps_c.c
[0.281s] -- Up-to-date: /home/poom/Desktop/ros2_Turtlesim_CatchThemAll_ws/install/turtlesim_catch_them_all_interfaces/local/lib/python3.10/dist-packages/turtlesim_catch_them_all_interfaces/libturtlesim_catch_them_all_interfaces__rosidl_generator_py.so
[0.281s] -- Up-to-date: /home/poom/Desktop/ros2_Turtlesim_CatchThemAll_ws/install/turtlesim_catch_them_all_interfaces/local/lib/python3.10/dist-packages/turtlesim_catch_them_all_interfaces/__init__.py
[0.281s] -- Up-to-date: /home/poom/Desktop/ros2_Turtlesim_CatchThemAll_ws/install/turtlesim_catch_them_all_interfaces/local/lib/python3.10/dist-packages/turtlesim_catch_them_all_interfaces/msg
[0.281s] -- Up-to-date: /home/poom/Desktop/ros2_Turtlesim_CatchThemAll_ws/install/turtlesim_catch_them_all_interfaces/local/lib/python3.10/dist-packages/turtlesim_catch_them_all_interfaces/msg/_turtle_s.c
[0.282s] -- Up-to-date: /home/poom/Desktop/ros2_Turtlesim_CatchThemAll_ws/install/turtlesim_catch_them_all_interfaces/local/lib/python3.10/dist-packages/turtlesim_catch_them_all_interfaces/msg/__init__.py
[0.282s] -- Up-to-date: /home/poom/Desktop/ros2_Turtlesim_CatchThemAll_ws/install/turtlesim_catch_them_all_interfaces/local/lib/python3.10/dist-packages/turtlesim_catch_them_all_interfaces/msg/_turtle_array.py
[0.282s] -- Up-to-date: /home/poom/Desktop/ros2_Turtlesim_CatchThemAll_ws/install/turtlesim_catch_them_all_interfaces/local/lib/python3.10/dist-packages/turtlesim_catch_them_all_interfaces/msg/_turtle.py
[0.282s] -- Up-to-date: /home/poom/Desktop/ros2_Turtlesim_CatchThemAll_ws/install/turtlesim_catch_them_all_interfaces/local/lib/python3.10/dist-packages/turtlesim_catch_them_all_interfaces/msg/_turtle_array_s.c
[0.282s] -- Up-to-date: /home/poom/Desktop/ros2_Turtlesim_CatchThemAll_ws/install/turtlesim_catch_them_all_interfaces/local/lib/python3.10/dist-packages/turtlesim_catch_them_all_interfaces/turtlesim_catch_them_all_interfaces_s__rosidl_typesupport_fastrtps_c.cpython-310-x86_64-linux-gnu.so
[0.282s] -- Up-to-date: /home/poom/Desktop/ros2_Turtlesim_CatchThemAll_ws/install/turtlesim_catch_them_all_interfaces/local/lib/python3.10/dist-packages/turtlesim_catch_them_all_interfaces/_turtlesim_catch_them_all_interfaces_s.ep.rosidl_typesupport_introspection_c.c
[0.282s] -- Up-to-date: /home/poom/Desktop/ros2_Turtlesim_CatchThemAll_ws/install/turtlesim_catch_them_all_interfaces/local/lib/python3.10/dist-packages/turtlesim_catch_them_all_interfaces/_turtlesim_catch_them_all_interfaces_s.ep.rosidl_typesupport_c.c
[0.300s] Listing '/home/poom/Desktop/ros2_Turtlesim_CatchThemAll_ws/install/turtlesim_catch_them_all_interfaces/local/lib/python3.10/dist-packages/turtlesim_catch_them_all_interfaces'...
[0.300s] Listing '/home/poom/Desktop/ros2_Turtlesim_CatchThemAll_ws/install/turtlesim_catch_them_all_interfaces/local/lib/python3.10/dist-packages/turtlesim_catch_them_all_interfaces/msg'...
[0.306s] -- Up-to-date: /home/poom/Desktop/ros2_Turtlesim_CatchThemAll_ws/install/turtlesim_catch_them_all_interfaces/local/lib/python3.10/dist-packages/turtlesim_catch_them_all_interfaces/turtlesim_catch_them_all_interfaces_s__rosidl_typesupport_fastrtps_c.cpython-310-x86_64-linux-gnu.so
[0.306s] -- Up-to-date: /home/poom/Desktop/ros2_Turtlesim_CatchThemAll_ws/install/turtlesim_catch_them_all_interfaces/local/lib/python3.10/dist-packages/turtlesim_catch_them_all_interfaces/turtlesim_catch_them_all_interfaces_s__rosidl_typesupport_introspection_c.cpython-310-x86_64-linux-gnu.so
[0.306s] -- Up-to-date: /home/poom/Desktop/ros2_Turtlesim_CatchThemAll_ws/install/turtlesim_catch_them_all_interfaces/local/lib/python3.10/dist-packages/turtlesim_catch_them_all_interfaces/turtlesim_catch_them_all_interfaces_s__rosidl_typesupport_c.cpython-310-x86_64-linux-gnu.so
[0.306s] -- Up-to-date: /home/poom/Desktop/ros2_Turtlesim_CatchThemAll_ws/install/turtlesim_catch_them_all_interfaces/lib/libturtlesim_catch_them_all_interfaces__rosidl_generator_py.so
[0.307s] -- Up-to-date: /home/poom/Desktop/ros2_Turtlesim_CatchThemAll_ws/install/turtlesim_catch_them_all_interfaces/share/turtlesim_catch_them_all_interfaces/msg/Turtle.idl
[0.307s] -- Up-to-date: /home/poom/Desktop/ros2_Turtlesim_CatchThemAll_ws/install/turtlesim_catch_them_all_interfaces/share/turtlesim_catch_them_all_interfaces/msg/TurtleArray.idl
[0.307s] -- Up-to-date: /home/poom/Desktop/ros2_Turtlesim_CatchThemAll_ws/install/turtlesim_catch_them_all_interfaces/share/turtlesim_catch_them_all_interfaces/msg/Turtle.msg
[0.307s] -- Up-to-date: /home/poom/Desktop/ros2_Turtlesim_CatchThemAll_ws/install/turtlesim_catch_them_all_interfaces/share/turtlesim_catch_them_all_interfaces/msg/TurtleArray.msg
[0.307s] -- Up-to-date: /home/poom/Desktop/ros2_Turtlesim_CatchThemAll_ws/install/turtlesim_catch_them_all_interfaces/share/ament_index/resource_index/package_run_dependencies/turtlesim_catch_them_all_interfaces
[0.307s] -- Up-to-date: /home/poom/Desktop/ros2_Turtlesim_CatchThemAll_ws/install/turtlesim_catch_them_all_interfaces/share/ament_index/resource_index/parent_prefix_path/turtlesim_catch_them_all_interfaces
[0.307s] -- Up-to-date: /home/poom/Desktop/ros2_Turtlesim_CatchThemAll_ws/install/turtlesim_catch_them_all_interfaces/share/turtlesim_catch_them_all_interfaces/environment/ament_prefix_path.sh
[0.307s] -- Up-to-date: /home/poom/Desktop/ros2_Turtlesim_CatchThemAll_ws/install/turtlesim_catch_them_all_interfaces/share/turtlesim_catch_them_all_interfaces/environment/ament_prefix_path.dsv
[0.307s] -- Up-to-date: /home/poom/Desktop/ros2_Turtlesim_CatchThemAll_ws/install/turtlesim_catch_them_all_interfaces/share/turtlesim_catch_them_all_interfaces/environment/path.sh
[0.307s] -- Up-to-date: /home/poom/Desktop/ros2_Turtlesim_CatchThemAll_ws/install/turtlesim_catch_them_all_interfaces/share/turtlesim_catch_them_all_interfaces/environment/path.dsv
[0.307s] -- Up-to-date: /home/poom/Desktop/ros2_Turtlesim_CatchThemAll_ws/install/turtlesim_catch_them_all_interfaces/share/turtlesim_catch_them_all_interfaces/local_setup.bash
[0.307s] -- Up-to-date: /home/poom/Desktop/ros2_Turtlesim_CatchThemAll_ws/install/turtlesim_catch_them_all_interfaces/share/turtlesim_catch_them_all_interfaces/local_setup.sh
[0.307s] -- Up-to-date: /home/poom/Desktop/ros2_Turtlesim_CatchThemAll_ws/install/turtlesim_catch_them_all_interfaces/share/turtlesim_catch_them_all_interfaces/local_setup.zsh
[0.307s] -- Up-to-date: /home/poom/Desktop/ros2_Turtlesim_CatchThemAll_ws/install/turtlesim_catch_them_all_interfaces/share/turtlesim_catch_them_all_interfaces/local_setup.dsv
[0.307s] -- Installing: /home/poom/Desktop/ros2_Turtlesim_CatchThemAll_ws/install/turtlesim_catch_them_all_interfaces/share/turtlesim_catch_them_all_interfaces/package.dsv
[0.307s] -- Up-to-date: /home/poom/Desktop/ros2_Turtlesim_CatchThemAll_ws/install/turtlesim_catch_them_all_interfaces/share/ament_index/resource_index/packages/turtlesim_catch_them_all_interfaces
[0.308s] -- Up-to-date: /home/poom/Desktop/ros2_Turtlesim_CatchThemAll_ws/install/turtlesim_catch_them_all_interfaces/share/turtlesim_catch_them_all_interfaces/cmake/export_turtlesim_catch_them_all_interfaces__rosidl_generator_cExport.cmake
[0.308s] -- Up-to-date: /home/poom/Desktop/ros2_Turtlesim_CatchThemAll_ws/install/turtlesim_catch_them_all_interfaces/share/turtlesim_catch_them_all_interfaces/cmake/export_turtlesim_catch_them_all_interfaces__rosidl_generator_cExport-noconfig.cmake
[0.308s] -- Up-to-date: /home/poom/Desktop/ros2_Turtlesim_CatchThemAll_ws/install/turtlesim_catch_them_all_interfaces/share/turtlesim_catch_them_all_interfaces/cmake/export_turtlesim_catch_them_all_interfaces__rosidl_typesupport_fastrtps_cExport.cmake
[0.308s] -- Up-to-date: /home/poom/Desktop/ros2_Turtlesim_CatchThemAll_ws/install/turtlesim_catch_them_all_interfaces/share/turtlesim_catch_them_all_interfaces/cmake/export_turtlesim_catch_them_all_interfaces__rosidl_typesupport_fastrtps_cExport-noconfig.cmake
[0.308s] -- Up-to-date: /home/poom/Desktop/ros2_Turtlesim_CatchThemAll_ws/install/turtlesim_catch_them_all_interfaces/share/turtlesim_catch_them_all_interfaces/cmake/turtlesim_catch_them_all_interfaces__rosidl_typesupport_introspection_cExport.cmake
[0.308s] -- Up-to-date: /home/poom/Desktop/ros2_Turtlesim_CatchThemAll_ws/install/turtlesim_catch_them_all_interfaces/share/turtlesim_catch_them_all_interfaces/cmake/turtlesim_catch_them_all_interfaces__rosidl_typesupport_introspection_cExport-noconfig.cmake
[0.308s] -- Up-to-date: /home/poom/Desktop/ros2_Turtlesim_CatchThemAll_ws/install/turtlesim_catch_them_all_interfaces/share/turtlesim_catch_them_all_interfaces/cmake/turtlesim_catch_them_all_interfaces__rosidl_typesupport_cExport.cmake
[0.308s] -- Up-to-date: /home/poom/Desktop/ros2_Turtlesim_CatchThemAll_ws/install/turtlesim_catch_them_all_interfaces/share/turtlesim_catch_them_all_interfaces/cmake/turtlesim_catch_them_all_interfaces__rosidl_typesupport_cExport-noconfig.cmake
[0.308s] -- Up-to-date: /home/poom/Desktop/ros2_Turtlesim_CatchThemAll_ws/install/turtlesim_catch_them_all_interfaces/share/turtlesim_catch_them_all_interfaces/cmake/export_turtlesim_catch_them_all_interfaces__rosidl_generator_cppExport.cmake
[0.308s] -- Up-to-date: /home/poom/Desktop/ros2_Turtlesim_CatchThemAll_ws/install/turtlesim_catch_them_all_interfaces/share/turtlesim_catch_them_all_interfaces/cmake/export_turtlesim_catch_them_all_interfaces__rosidl_typesupport_fastrtps_cppExport.cmake
[0.308s] -- Up-to-date: /home/poom/Desktop/ros2_Turtlesim_CatchThemAll_ws/install/turtlesim_catch_them_all_interfaces/share/turtlesim_catch_them_all_interfaces/cmake/export_turtlesim_catch_them_all_interfaces__rosidl_typesupport_fastrtps_cppExport-noconfig.cmake
[0.308s] -- Up-to-date: /home/poom/Desktop/ros2_Turtlesim_CatchThemAll_ws/install/turtlesim_catch_them_all_interfaces/share/turtlesim_catch_them_all_interfaces/cmake/turtlesim_catch_them_all_interfaces__rosidl_typesupport_introspection_cppExport.cmake
[0.308s] -- Up-to-date: /home/poom/Desktop/ros2_Turtlesim_CatchThemAll_ws/install/turtlesim_catch_them_all_interfaces/share/turtlesim_catch_them_all_interfaces/cmake/turtlesim_catch_them_all_interfaces__rosidl_typesupport_introspection_cppExport-noconfig.cmake
[0.308s] -- Up-to-date: /home/poom/Desktop/ros2_Turtlesim_CatchThemAll_ws/install/turtlesim_catch_them_all_interfaces/share/turtlesim_catch_them_all_interfaces/cmake/turtlesim_catch_them_all_interfaces__rosidl_typesupport_cppExport.cmake
[0.308s] -- Up-to-date: /home/poom/Desktop/ros2_Turtlesim_CatchThemAll_ws/install/turtlesim_catch_them_all_interfaces/share/turtlesim_catch_them_all_interfaces/cmake/turtlesim_catch_them_all_interfaces__rosidl_typesupport_cppExport-noconfig.cmake
[0.308s] -- Up-to-date: /home/poom/Desktop/ros2_Turtlesim_CatchThemAll_ws/install/turtlesim_catch_them_all_interfaces/share/turtlesim_catch_them_all_interfaces/cmake/export_turtlesim_catch_them_all_interfaces__rosidl_generator_pyExport.cmake
[0.308s] -- Up-to-date: /home/poom/Desktop/ros2_Turtlesim_CatchThemAll_ws/install/turtlesim_catch_them_all_interfaces/share/turtlesim_catch_them_all_interfaces/cmake/export_turtlesim_catch_them_all_interfaces__rosidl_generator_pyExport-noconfig.cmake
[0.308s] -- Up-to-date: /home/poom/Desktop/ros2_Turtlesim_CatchThemAll_ws/install/turtlesim_catch_them_all_interfaces/share/turtlesim_catch_them_all_interfaces/cmake/rosidl_cmake-extras.cmake
[0.308s] -- Up-to-date: /home/poom/Desktop/ros2_Turtlesim_CatchThemAll_ws/install/turtlesim_catch_them_all_interfaces/share/turtlesim_catch_them_all_interfaces/cmake/ament_cmake_export_include_directories-extras.cmake
[0.308s] -- Up-to-date: /home/poom/Desktop/ros2_Turtlesim_CatchThemAll_ws/install/turtlesim_catch_them_all_interfaces/share/turtlesim_catch_them_all_interfaces/cmake/ament_cmake_export_libraries-extras.cmake
[0.308s] -- Up-to-date: /home/poom/Desktop/ros2_Turtlesim_CatchThemAll_ws/install/turtlesim_catch_them_all_interfaces/share/turtlesim_catch_them_all_interfaces/cmake/ament_cmake_export_targets-extras.cmake
[0.308s] -- Up-to-date: /home/poom/Desktop/ros2_Turtlesim_CatchThemAll_ws/install/turtlesim_catch_them_all_interfaces/share/turtlesim_catch_them_all_interfaces/cmake/rosidl_cmake_export_typesupport_targets-extras.cmake
[0.308s] -- Up-to-date: /home/poom/Desktop/ros2_Turtlesim_CatchThemAll_ws/install/turtlesim_catch_them_all_interfaces/share/turtlesim_catch_them_all_interfaces/cmake/ament_cmake_export_dependencies-extras.cmake
[0.308s] -- Up-to-date: /home/poom/Desktop/ros2_Turtlesim_CatchThemAll_ws/install/turtlesim_catch_them_all_interfaces/share/turtlesim_catch_them_all_interfaces/cmake/rosidl_cmake_export_typesupport_libraries-extras.cmake
[0.308s] -- Up-to-date: /home/poom/Desktop/ros2_Turtlesim_CatchThemAll_ws/install/turtlesim_catch_them_all_interfaces/share/turtlesim_catch_them_all_interfaces/cmake/turtlesim_catch_them_all_interfacesConfig.cmake
[0.308s] -- Up-to-date: /home/poom/Desktop/ros2_Turtlesim_CatchThemAll_ws/install/turtlesim_catch_them_all_interfaces/share/turtlesim_catch_them_all_interfaces/cmake/turtlesim_catch_them_all_interfacesConfig-version.cmake
[0.308s] -- Up-to-date: /home/poom/Desktop/ros2_Turtlesim_CatchThemAll_ws/install/turtlesim_catch_them_all_interfaces/share/turtlesim_catch_them_all_interfaces/package.xml
[0.309s] Invoked command in '/home/poom/Desktop/ros2_Turtlesim_CatchThemAll_ws/build/turtlesim_catch_them_all_interfaces' returned '0': CMAKE_PREFIX_PATH=${CMAKE_PREFIX_PATH}:/home/poom/Desktop/ros2_Turtlesim_CatchThemAll_ws/install/turtlesim_catch_them_all:/home/poom/Desktop/ROS2_MiniProject/ros2_ws/install/my_py_pkg:/home/poom/ros2_ws/install/my_py_pkg:/opt/ros/humble /usr/bin/cmake --install /home/poom/Desktop/ros2_Turtlesim_CatchThemAll_ws/build/turtlesim_catch_them_all_interfaces
