[0.331s] Invoking command in '/home/poom/Desktop/ros2_Turtlesim_CatchThemAll_ws/build/turtlesim_catch_them_all': PYTHONPATH=/home/poom/Desktop/ros2_Turtlesim_CatchThemAll_ws/build/turtlesim_catch_them_all/prefix_override:/usr/lib/python3/dist-packages/colcon_core/task/python/colcon_distutils_commands:/home/poom/Desktop/ros2_Turtlesim_CatchThemAll_ws/install/turtlesim_catch_them_all/lib/python3.10/site-packages:${PYTHONPATH} /usr/bin/python3 -W ignore:setup.py install is deprecated setup.py develop --editable --build-directory /home/poom/Desktop/ros2_Turtlesim_CatchThemAll_ws/build/turtlesim_catch_them_all/build --no-deps symlink_data --force
[0.478s] running develop
[0.538s] running egg_info
[0.538s] writing turtlesim_catch_them_all.egg-info/PKG-INFO
[0.538s] writing dependency_links to turtlesim_catch_them_all.egg-info/dependency_links.txt
[0.538s] writing entry points to turtlesim_catch_them_all.egg-info/entry_points.txt
[0.538s] writing requirements to turtlesim_catch_them_all.egg-info/requires.txt
[0.538s] writing top-level names to turtlesim_catch_them_all.egg-info/top_level.txt
[0.539s] reading manifest file 'turtlesim_catch_them_all.egg-info/SOURCES.txt'
[0.541s] writing manifest file 'turtlesim_catch_them_all.egg-info/SOURCES.txt'
[0.542s] running build_ext
[0.542s] Creating /home/poom/Desktop/ros2_Turtlesim_CatchThemAll_ws/install/turtlesim_catch_them_all/lib/python3.10/site-packages/turtlesim-catch-them-all.egg-link (link to .)
[0.542s] Installing turtle_controller script to /home/poom/Desktop/ros2_Turtlesim_CatchThemAll_ws/install/turtlesim_catch_them_all/lib/turtlesim_catch_them_all
[0.542s] Installing turtle_spawner script to /home/poom/Desktop/ros2_Turtlesim_CatchThemAll_ws/install/turtlesim_catch_them_all/lib/turtlesim_catch_them_all
[0.542s] 
[0.542s] Installed /home/poom/Desktop/ros2_Turtlesim_CatchThemAll_ws/build/turtlesim_catch_them_all
[0.543s] running symlink_data
[0.543s] symbolically linking /home/poom/Desktop/ros2_Turtlesim_CatchThemAll_ws/build/turtlesim_catch_them_all/resource/turtlesim_catch_them_all -> /home/poom/Desktop/ros2_Turtlesim_CatchThemAll_ws/install/turtlesim_catch_them_all/share/ament_index/resource_index/packages
[0.543s] symbolically linking /home/poom/Desktop/ros2_Turtlesim_CatchThemAll_ws/build/turtlesim_catch_them_all/package.xml -> /home/poom/Desktop/ros2_Turtlesim_CatchThemAll_ws/install/turtlesim_catch_them_all/share/turtlesim_catch_them_all
[0.559s] Invoked command in '/home/poom/Desktop/ros2_Turtlesim_CatchThemAll_ws/build/turtlesim_catch_them_all' returned '0': PYTHONPATH=/home/poom/Desktop/ros2_Turtlesim_CatchThemAll_ws/build/turtlesim_catch_them_all/prefix_override:/usr/lib/python3/dist-packages/colcon_core/task/python/colcon_distutils_commands:/home/poom/Desktop/ros2_Turtlesim_CatchThemAll_ws/install/turtlesim_catch_them_all/lib/python3.10/site-packages:${PYTHONPATH} /usr/bin/python3 -W ignore:setup.py install is deprecated setup.py develop --editable --build-directory /home/poom/Desktop/ros2_Turtlesim_CatchThemAll_ws/build/turtlesim_catch_them_all/build --no-deps symlink_data --force
