[0.047s] DEBUG:colcon:Command line arguments: ['/usr/bin/colcon', 'build']
[0.047s] DEBUG:colcon:Parsed command line arguments: Namespace(log_base=None, log_level=None, verb_name='build', build_base='build', install_base='install', merge_install=False, symlink_install=False, test_result_base=None, continue_on_error=False, executor='parallel', parallel_workers=16, event_handlers=None, ignore_user_meta=False, metas=['./colcon.meta'], base_paths=['.'], packages_ignore=None, packages_ignore_regex=None, paths=None, packages_up_to=None, packages_up_to_regex=None, packages_above=None, packages_above_and_dependencies=None, packages_above_depth=None, packages_select_by_dep=None, packages_skip_by_dep=None, packages_skip_up_to=None, packages_select_build_failed=False, packages_skip_build_finished=False, packages_select_test_failures=False, packages_skip_test_passed=False, packages_select=None, packages_skip=None, packages_select_regex=None, packages_skip_regex=None, packages_start=None, packages_end=None, allow_overriding=[], cmake_args=None, cmake_target=None, cmake_target_skip_unavailable=False, cmake_clean_cache=False, cmake_clean_first=False, cmake_force_configure=False, ament_cmake_args=None, catkin_cmake_args=None, catkin_skip_building_tests=False, verb_parser=<colcon_defaults.argument_parser.defaults.DefaultArgumentsDecorator object at 0x7c6fc59387c0>, verb_extension=<colcon_core.verb.build.BuildVerb object at 0x7c6fc5aaa080>, main=<bound method BuildVerb.main of <colcon_core.verb.build.BuildVerb object at 0x7c6fc5aaa080>>)
[0.116s] Level 1:colcon.colcon_core.package_discovery:discover_packages(colcon_meta) check parameters
[0.116s] Level 1:colcon.colcon_core.package_discovery:discover_packages(recursive) check parameters
[0.116s] Level 1:colcon.colcon_core.package_discovery:discover_packages(ignore) check parameters
[0.116s] Level 1:colcon.colcon_core.package_discovery:discover_packages(path) check parameters
[0.116s] Level 1:colcon.colcon_core.package_discovery:discover_packages(colcon_meta) discover
[0.116s] Level 1:colcon.colcon_core.package_discovery:discover_packages(recursive) discover
[0.116s] INFO:colcon.colcon_core.package_discovery:Crawling recursively for packages in '/home/poom/Desktop/ros2_Turtlesim_CatchThemAll_ws'
[0.116s] Level 1:colcon.colcon_core.package_identification:_identify(.) by extensions ['ignore', 'ignore_ament_install']
[0.116s] Level 1:colcon.colcon_core.package_identification:_identify(.) by extension 'ignore'
[0.116s] Level 1:colcon.colcon_core.package_identification:_identify(.) by extension 'ignore_ament_install'
[0.117s] Level 1:colcon.colcon_core.package_identification:_identify(.) by extensions ['colcon_pkg']
[0.117s] Level 1:colcon.colcon_core.package_identification:_identify(.) by extension 'colcon_pkg'
[0.117s] Level 1:colcon.colcon_core.package_identification:_identify(.) by extensions ['colcon_meta']
[0.117s] Level 1:colcon.colcon_core.package_identification:_identify(.) by extension 'colcon_meta'
[0.117s] Level 1:colcon.colcon_core.package_identification:_identify(.) by extensions ['ros']
[0.117s] Level 1:colcon.colcon_core.package_identification:_identify(.) by extension 'ros'
[0.122s] Level 1:colcon.colcon_core.package_identification:_identify(.) by extensions ['cmake', 'python']
[0.122s] Level 1:colcon.colcon_core.package_identification:_identify(.) by extension 'cmake'
[0.123s] Level 1:colcon.colcon_core.package_identification:_identify(.) by extension 'python'
[0.123s] Level 1:colcon.colcon_core.package_identification:_identify(.) by extensions ['python_setup_py']
[0.123s] Level 1:colcon.colcon_core.package_identification:_identify(.) by extension 'python_setup_py'
[0.123s] Level 1:colcon.colcon_core.package_identification:_identify(build) by extensions ['ignore', 'ignore_ament_install']
[0.123s] Level 1:colcon.colcon_core.package_identification:_identify(build) by extension 'ignore'
[0.123s] Level 1:colcon.colcon_core.package_identification:_identify(build) ignored
[0.123s] Level 1:colcon.colcon_core.package_identification:_identify(install) by extensions ['ignore', 'ignore_ament_install']
[0.123s] Level 1:colcon.colcon_core.package_identification:_identify(install) by extension 'ignore'
[0.123s] Level 1:colcon.colcon_core.package_identification:_identify(install) ignored
[0.123s] Level 1:colcon.colcon_core.package_identification:_identify(log) by extensions ['ignore', 'ignore_ament_install']
[0.123s] Level 1:colcon.colcon_core.package_identification:_identify(log) by extension 'ignore'
[0.123s] Level 1:colcon.colcon_core.package_identification:_identify(log) ignored
[0.123s] Level 1:colcon.colcon_core.package_identification:_identify(src) by extensions ['ignore', 'ignore_ament_install']
[0.123s] Level 1:colcon.colcon_core.package_identification:_identify(src) by extension 'ignore'
[0.123s] Level 1:colcon.colcon_core.package_identification:_identify(src) by extension 'ignore_ament_install'
[0.123s] Level 1:colcon.colcon_core.package_identification:_identify(src) by extensions ['colcon_pkg']
[0.123s] Level 1:colcon.colcon_core.package_identification:_identify(src) by extension 'colcon_pkg'
[0.123s] Level 1:colcon.colcon_core.package_identification:_identify(src) by extensions ['colcon_meta']
[0.123s] Level 1:colcon.colcon_core.package_identification:_identify(src) by extension 'colcon_meta'
[0.123s] Level 1:colcon.colcon_core.package_identification:_identify(src) by extensions ['ros']
[0.123s] Level 1:colcon.colcon_core.package_identification:_identify(src) by extension 'ros'
[0.123s] Level 1:colcon.colcon_core.package_identification:_identify(src) by extensions ['cmake', 'python']
[0.123s] Level 1:colcon.colcon_core.package_identification:_identify(src) by extension 'cmake'
[0.123s] Level 1:colcon.colcon_core.package_identification:_identify(src) by extension 'python'
[0.123s] Level 1:colcon.colcon_core.package_identification:_identify(src) by extensions ['python_setup_py']
[0.123s] Level 1:colcon.colcon_core.package_identification:_identify(src) by extension 'python_setup_py'
[0.123s] Level 1:colcon.colcon_core.package_identification:_identify(src/turtlesim_catch_them_all) by extensions ['ignore', 'ignore_ament_install']
[0.123s] Level 1:colcon.colcon_core.package_identification:_identify(src/turtlesim_catch_them_all) by extension 'ignore'
[0.123s] Level 1:colcon.colcon_core.package_identification:_identify(src/turtlesim_catch_them_all) by extension 'ignore_ament_install'
[0.123s] Level 1:colcon.colcon_core.package_identification:_identify(src/turtlesim_catch_them_all) by extensions ['colcon_pkg']
[0.123s] Level 1:colcon.colcon_core.package_identification:_identify(src/turtlesim_catch_them_all) by extension 'colcon_pkg'
[0.123s] Level 1:colcon.colcon_core.package_identification:_identify(src/turtlesim_catch_them_all) by extensions ['colcon_meta']
[0.123s] Level 1:colcon.colcon_core.package_identification:_identify(src/turtlesim_catch_them_all) by extension 'colcon_meta'
[0.123s] Level 1:colcon.colcon_core.package_identification:_identify(src/turtlesim_catch_them_all) by extensions ['ros']
[0.123s] Level 1:colcon.colcon_core.package_identification:_identify(src/turtlesim_catch_them_all) by extension 'ros'
[0.125s] DEBUG:colcon.colcon_core.package_identification:Package 'src/turtlesim_catch_them_all' with type 'ros.ament_python' and name 'turtlesim_catch_them_all'
[0.125s] Level 1:colcon.colcon_core.package_identification:_identify(src/turtlesim_catch_them_all_interfaces) by extensions ['ignore', 'ignore_ament_install']
[0.125s] Level 1:colcon.colcon_core.package_identification:_identify(src/turtlesim_catch_them_all_interfaces) by extension 'ignore'
[0.125s] Level 1:colcon.colcon_core.package_identification:_identify(src/turtlesim_catch_them_all_interfaces) by extension 'ignore_ament_install'
[0.125s] Level 1:colcon.colcon_core.package_identification:_identify(src/turtlesim_catch_them_all_interfaces) by extensions ['colcon_pkg']
[0.125s] Level 1:colcon.colcon_core.package_identification:_identify(src/turtlesim_catch_them_all_interfaces) by extension 'colcon_pkg'
[0.125s] Level 1:colcon.colcon_core.package_identification:_identify(src/turtlesim_catch_them_all_interfaces) by extensions ['colcon_meta']
[0.125s] Level 1:colcon.colcon_core.package_identification:_identify(src/turtlesim_catch_them_all_interfaces) by extension 'colcon_meta'
[0.125s] Level 1:colcon.colcon_core.package_identification:_identify(src/turtlesim_catch_them_all_interfaces) by extensions ['ros']
[0.125s] Level 1:colcon.colcon_core.package_identification:_identify(src/turtlesim_catch_them_all_interfaces) by extension 'ros'
[0.125s] DEBUG:colcon.colcon_core.package_identification:Package 'src/turtlesim_catch_them_all_interfaces' with type 'ros.ament_cmake' and name 'turtlesim_catch_them_all_interfaces'
[0.125s] Level 1:colcon.colcon_core.package_discovery:discover_packages(recursive) using defaults
[0.125s] Level 1:colcon.colcon_core.package_discovery:discover_packages(ignore) discover
[0.125s] Level 1:colcon.colcon_core.package_discovery:discover_packages(ignore) using defaults
[0.125s] Level 1:colcon.colcon_core.package_discovery:discover_packages(path) discover
[0.125s] Level 1:colcon.colcon_core.package_discovery:discover_packages(path) using defaults
[0.136s] Level 1:colcon.colcon_core.package_discovery:discover_packages(prefix_path) check parameters
[0.136s] Level 1:colcon.colcon_core.package_discovery:discover_packages(prefix_path) discover
[0.136s] WARNING:colcon.colcon_ros.prefix_path.ament:The path '/home/poom/Desktop/ros2_Turtlesim_CatchThemAll_ws/install/poom_robot_interfaces' in the environment variable AMENT_PREFIX_PATH doesn't exist
[0.137s] WARNING:colcon.colcon_ros.prefix_path.catkin:The path '/home/poom/Desktop/ros2_Turtlesim_CatchThemAll_ws/install/poom_robot_interfaces' in the environment variable CMAKE_PREFIX_PATH doesn't exist
[0.137s] DEBUG:colcon.colcon_installed_package_information.package_discovery:Found 2 installed packages in /home/poom/Desktop/ros2_Turtlesim_CatchThemAll_ws/install
[0.137s] DEBUG:colcon.colcon_installed_package_information.package_discovery:Found 4 installed packages in /home/poom/Desktop/ROS2_MiniProject/ros2_ws/install
[0.137s] DEBUG:colcon.colcon_installed_package_information.package_discovery:Found 2 installed packages in /home/poom/ros2_ws/install
[0.138s] DEBUG:colcon.colcon_installed_package_information.package_discovery:Found 270 installed packages in /opt/ros/humble
[0.139s] Level 1:colcon.colcon_core.package_discovery:discover_packages(prefix_path) using defaults
[0.161s] Level 5:colcon.colcon_core.verb:set package 'turtlesim_catch_them_all_interfaces' build argument 'cmake_args' from command line to 'None'
[0.161s] Level 5:colcon.colcon_core.verb:set package 'turtlesim_catch_them_all_interfaces' build argument 'cmake_target' from command line to 'None'
[0.161s] Level 5:colcon.colcon_core.verb:set package 'turtlesim_catch_them_all_interfaces' build argument 'cmake_target_skip_unavailable' from command line to 'False'
[0.161s] Level 5:colcon.colcon_core.verb:set package 'turtlesim_catch_them_all_interfaces' build argument 'cmake_clean_cache' from command line to 'False'
[0.161s] Level 5:colcon.colcon_core.verb:set package 'turtlesim_catch_them_all_interfaces' build argument 'cmake_clean_first' from command line to 'False'
[0.161s] Level 5:colcon.colcon_core.verb:set package 'turtlesim_catch_them_all_interfaces' build argument 'cmake_force_configure' from command line to 'False'
[0.161s] Level 5:colcon.colcon_core.verb:set package 'turtlesim_catch_them_all_interfaces' build argument 'ament_cmake_args' from command line to 'None'
[0.161s] Level 5:colcon.colcon_core.verb:set package 'turtlesim_catch_them_all_interfaces' build argument 'catkin_cmake_args' from command line to 'None'
[0.161s] Level 5:colcon.colcon_core.verb:set package 'turtlesim_catch_them_all_interfaces' build argument 'catkin_skip_building_tests' from command line to 'False'
[0.162s] DEBUG:colcon.colcon_core.verb:Building package 'turtlesim_catch_them_all_interfaces' with the following arguments: {'ament_cmake_args': None, 'build_base': '/home/poom/Desktop/ros2_Turtlesim_CatchThemAll_ws/build/turtlesim_catch_them_all_interfaces', 'catkin_cmake_args': None, 'catkin_skip_building_tests': False, 'cmake_args': None, 'cmake_clean_cache': False, 'cmake_clean_first': False, 'cmake_force_configure': False, 'cmake_target': None, 'cmake_target_skip_unavailable': False, 'install_base': '/home/poom/Desktop/ros2_Turtlesim_CatchThemAll_ws/install/turtlesim_catch_them_all_interfaces', 'merge_install': False, 'path': '/home/poom/Desktop/ros2_Turtlesim_CatchThemAll_ws/src/turtlesim_catch_them_all_interfaces', 'symlink_install': False, 'test_result_base': None}
[0.162s] Level 5:colcon.colcon_core.verb:set package 'turtlesim_catch_them_all' build argument 'cmake_args' from command line to 'None'
[0.162s] Level 5:colcon.colcon_core.verb:set package 'turtlesim_catch_them_all' build argument 'cmake_target' from command line to 'None'
[0.162s] Level 5:colcon.colcon_core.verb:set package 'turtlesim_catch_them_all' build argument 'cmake_target_skip_unavailable' from command line to 'False'
[0.162s] Level 5:colcon.colcon_core.verb:set package 'turtlesim_catch_them_all' build argument 'cmake_clean_cache' from command line to 'False'
[0.162s] Level 5:colcon.colcon_core.verb:set package 'turtlesim_catch_them_all' build argument 'cmake_clean_first' from command line to 'False'
[0.162s] Level 5:colcon.colcon_core.verb:set package 'turtlesim_catch_them_all' build argument 'cmake_force_configure' from command line to 'False'
[0.162s] Level 5:colcon.colcon_core.verb:set package 'turtlesim_catch_them_all' build argument 'ament_cmake_args' from command line to 'None'
[0.162s] Level 5:colcon.colcon_core.verb:set package 'turtlesim_catch_them_all' build argument 'catkin_cmake_args' from command line to 'None'
[0.162s] Level 5:colcon.colcon_core.verb:set package 'turtlesim_catch_them_all' build argument 'catkin_skip_building_tests' from command line to 'False'
[0.162s] DEBUG:colcon.colcon_core.verb:Building package 'turtlesim_catch_them_all' with the following arguments: {'ament_cmake_args': None, 'build_base': '/home/poom/Desktop/ros2_Turtlesim_CatchThemAll_ws/build/turtlesim_catch_them_all', 'catkin_cmake_args': None, 'catkin_skip_building_tests': False, 'cmake_args': None, 'cmake_clean_cache': False, 'cmake_clean_first': False, 'cmake_force_configure': False, 'cmake_target': None, 'cmake_target_skip_unavailable': False, 'install_base': '/home/poom/Desktop/ros2_Turtlesim_CatchThemAll_ws/install/turtlesim_catch_them_all', 'merge_install': False, 'path': '/home/poom/Desktop/ros2_Turtlesim_CatchThemAll_ws/src/turtlesim_catch_them_all', 'symlink_install': False, 'test_result_base': None}
[0.162s] INFO:colcon.colcon_core.executor:Executing jobs using 'parallel' executor
[0.163s] DEBUG:colcon.colcon_parallel_executor.executor.parallel:run_until_complete
[0.163s] INFO:colcon.colcon_ros.task.ament_cmake.build:Building ROS package in '/home/poom/Desktop/ros2_Turtlesim_CatchThemAll_ws/src/turtlesim_catch_them_all_interfaces' with build type 'ament_cmake'
[0.163s] INFO:colcon.colcon_cmake.task.cmake.build:Building CMake package in '/home/poom/Desktop/ros2_Turtlesim_CatchThemAll_ws/src/turtlesim_catch_them_all_interfaces'
[0.164s] INFO:colcon.colcon_core.plugin_system:Skipping extension 'colcon_core.shell.bat': Not used on non-Windows systems
[0.164s] INFO:colcon.colcon_core.shell:Skip shell extension 'powershell' for command environment: Not usable outside of PowerShell
[0.164s] DEBUG:colcon.colcon_core.shell:Skip shell extension 'dsv' for command environment
[0.170s] DEBUG:colcon.colcon_core.event_handler.log_command:Invoking command in '/home/poom/Desktop/ros2_Turtlesim_CatchThemAll_ws/build/turtlesim_catch_them_all_interfaces': CMAKE_PREFIX_PATH=${CMAKE_PREFIX_PATH}:/home/poom/Desktop/ros2_Turtlesim_CatchThemAll_ws/install/turtlesim_catch_them_all:/home/poom/Desktop/ROS2_MiniProject/ros2_ws/install/my_py_pkg:/home/poom/ros2_ws/install/my_py_pkg:/opt/ros/humble /usr/bin/cmake --build /home/poom/Desktop/ros2_Turtlesim_CatchThemAll_ws/build/turtlesim_catch_them_all_interfaces -- -j16 -l16
[0.379s] DEBUG:colcon.colcon_core.event_handler.log_command:Invoked command in '/home/poom/Desktop/ros2_Turtlesim_CatchThemAll_ws/build/turtlesim_catch_them_all_interfaces' returned '0': CMAKE_PREFIX_PATH=${CMAKE_PREFIX_PATH}:/home/poom/Desktop/ros2_Turtlesim_CatchThemAll_ws/install/turtlesim_catch_them_all:/home/poom/Desktop/ROS2_MiniProject/ros2_ws/install/my_py_pkg:/home/poom/ros2_ws/install/my_py_pkg:/opt/ros/humble /usr/bin/cmake --build /home/poom/Desktop/ros2_Turtlesim_CatchThemAll_ws/build/turtlesim_catch_them_all_interfaces -- -j16 -l16
[0.436s] DEBUG:colcon.colcon_core.event_handler.log_command:Invoking command in '/home/poom/Desktop/ros2_Turtlesim_CatchThemAll_ws/build/turtlesim_catch_them_all_interfaces': CMAKE_PREFIX_PATH=${CMAKE_PREFIX_PATH}:/home/poom/Desktop/ros2_Turtlesim_CatchThemAll_ws/install/turtlesim_catch_them_all:/home/poom/Desktop/ROS2_MiniProject/ros2_ws/install/my_py_pkg:/home/poom/ros2_ws/install/my_py_pkg:/opt/ros/humble /usr/bin/cmake --install /home/poom/Desktop/ros2_Turtlesim_CatchThemAll_ws/build/turtlesim_catch_them_all_interfaces
[0.472s] Level 1:colcon.colcon_core.environment:create_environment_scripts_only(turtlesim_catch_them_all_interfaces)
[0.472s] DEBUG:colcon.colcon_core.event_handler.log_command:Invoked command in '/home/poom/Desktop/ros2_Turtlesim_CatchThemAll_ws/build/turtlesim_catch_them_all_interfaces' returned '0': CMAKE_PREFIX_PATH=${CMAKE_PREFIX_PATH}:/home/poom/Desktop/ros2_Turtlesim_CatchThemAll_ws/install/turtlesim_catch_them_all:/home/poom/Desktop/ROS2_MiniProject/ros2_ws/install/my_py_pkg:/home/poom/ros2_ws/install/my_py_pkg:/opt/ros/humble /usr/bin/cmake --install /home/poom/Desktop/ros2_Turtlesim_CatchThemAll_ws/build/turtlesim_catch_them_all_interfaces
[0.473s] Level 1:colcon.colcon_core.environment:checking '/home/poom/Desktop/ros2_Turtlesim_CatchThemAll_ws/install/turtlesim_catch_them_all_interfaces' for CMake module files
[0.474s] Level 1:colcon.colcon_core.environment:checking '/home/poom/Desktop/ros2_Turtlesim_CatchThemAll_ws/install/turtlesim_catch_them_all_interfaces' for CMake config files
[0.474s] Level 1:colcon.colcon_core.shell:create_environment_hook('turtlesim_catch_them_all_interfaces', 'cmake_prefix_path')
[0.474s] INFO:colcon.colcon_core.shell:Creating environment hook '/home/poom/Desktop/ros2_Turtlesim_CatchThemAll_ws/install/turtlesim_catch_them_all_interfaces/share/turtlesim_catch_them_all_interfaces/hook/cmake_prefix_path.ps1'
[0.481s] INFO:colcon.colcon_core.shell:Creating environment descriptor '/home/poom/Desktop/ros2_Turtlesim_CatchThemAll_ws/install/turtlesim_catch_them_all_interfaces/share/turtlesim_catch_them_all_interfaces/hook/cmake_prefix_path.dsv'
[0.481s] INFO:colcon.colcon_core.shell:Creating environment hook '/home/poom/Desktop/ros2_Turtlesim_CatchThemAll_ws/install/turtlesim_catch_them_all_interfaces/share/turtlesim_catch_them_all_interfaces/hook/cmake_prefix_path.sh'
[0.482s] Level 1:colcon.colcon_core.environment:checking '/home/poom/Desktop/ros2_Turtlesim_CatchThemAll_ws/install/turtlesim_catch_them_all_interfaces/lib'
[0.482s] Level 1:colcon.colcon_core.shell:create_environment_hook('turtlesim_catch_them_all_interfaces', 'ld_library_path_lib')
[0.482s] INFO:colcon.colcon_core.shell:Creating environment hook '/home/poom/Desktop/ros2_Turtlesim_CatchThemAll_ws/install/turtlesim_catch_them_all_interfaces/share/turtlesim_catch_them_all_interfaces/hook/ld_library_path_lib.ps1'
[0.482s] INFO:colcon.colcon_core.shell:Creating environment descriptor '/home/poom/Desktop/ros2_Turtlesim_CatchThemAll_ws/install/turtlesim_catch_them_all_interfaces/share/turtlesim_catch_them_all_interfaces/hook/ld_library_path_lib.dsv'
[0.482s] INFO:colcon.colcon_core.shell:Creating environment hook '/home/poom/Desktop/ros2_Turtlesim_CatchThemAll_ws/install/turtlesim_catch_them_all_interfaces/share/turtlesim_catch_them_all_interfaces/hook/ld_library_path_lib.sh'
[0.482s] Level 1:colcon.colcon_core.environment:checking '/home/poom/Desktop/ros2_Turtlesim_CatchThemAll_ws/install/turtlesim_catch_them_all_interfaces/bin'
[0.482s] Level 1:colcon.colcon_core.environment:checking '/home/poom/Desktop/ros2_Turtlesim_CatchThemAll_ws/install/turtlesim_catch_them_all_interfaces/lib/pkgconfig/turtlesim_catch_them_all_interfaces.pc'
[0.483s] Level 1:colcon.colcon_core.environment:checking '/home/poom/Desktop/ros2_Turtlesim_CatchThemAll_ws/install/turtlesim_catch_them_all_interfaces/lib/python3.10/site-packages'
[0.483s] Level 1:colcon.colcon_core.environment:checking '/home/poom/Desktop/ros2_Turtlesim_CatchThemAll_ws/install/turtlesim_catch_them_all_interfaces/bin'
[0.483s] INFO:colcon.colcon_core.shell:Creating package script '/home/poom/Desktop/ros2_Turtlesim_CatchThemAll_ws/install/turtlesim_catch_them_all_interfaces/share/turtlesim_catch_them_all_interfaces/package.ps1'
[0.483s] INFO:colcon.colcon_core.shell:Creating package descriptor '/home/poom/Desktop/ros2_Turtlesim_CatchThemAll_ws/install/turtlesim_catch_them_all_interfaces/share/turtlesim_catch_them_all_interfaces/package.dsv'
[0.484s] INFO:colcon.colcon_core.shell:Creating package script '/home/poom/Desktop/ros2_Turtlesim_CatchThemAll_ws/install/turtlesim_catch_them_all_interfaces/share/turtlesim_catch_them_all_interfaces/package.sh'
[0.484s] INFO:colcon.colcon_core.shell:Creating package script '/home/poom/Desktop/ros2_Turtlesim_CatchThemAll_ws/install/turtlesim_catch_them_all_interfaces/share/turtlesim_catch_them_all_interfaces/package.bash'
[0.484s] INFO:colcon.colcon_core.shell:Creating package script '/home/poom/Desktop/ros2_Turtlesim_CatchThemAll_ws/install/turtlesim_catch_them_all_interfaces/share/turtlesim_catch_them_all_interfaces/package.zsh'
[0.485s] Level 1:colcon.colcon_core.environment:create_file_with_runtime_dependencies(/home/poom/Desktop/ros2_Turtlesim_CatchThemAll_ws/install/turtlesim_catch_them_all_interfaces/share/colcon-core/packages/turtlesim_catch_them_all_interfaces)
[0.537s] Level 1:colcon.colcon_core.environment:create_environment_scripts_only(turtlesim_catch_them_all_interfaces)
[0.538s] Level 1:colcon.colcon_core.environment:checking '/home/poom/Desktop/ros2_Turtlesim_CatchThemAll_ws/install/turtlesim_catch_them_all_interfaces' for CMake module files
[0.538s] Level 1:colcon.colcon_core.environment:checking '/home/poom/Desktop/ros2_Turtlesim_CatchThemAll_ws/install/turtlesim_catch_them_all_interfaces' for CMake config files
[0.538s] Level 1:colcon.colcon_core.shell:create_environment_hook('turtlesim_catch_them_all_interfaces', 'cmake_prefix_path')
[0.538s] INFO:colcon.colcon_core.shell:Creating environment hook '/home/poom/Desktop/ros2_Turtlesim_CatchThemAll_ws/install/turtlesim_catch_them_all_interfaces/share/turtlesim_catch_them_all_interfaces/hook/cmake_prefix_path.ps1'
[0.538s] INFO:colcon.colcon_core.shell:Creating environment descriptor '/home/poom/Desktop/ros2_Turtlesim_CatchThemAll_ws/install/turtlesim_catch_them_all_interfaces/share/turtlesim_catch_them_all_interfaces/hook/cmake_prefix_path.dsv'
[0.539s] INFO:colcon.colcon_core.shell:Creating environment hook '/home/poom/Desktop/ros2_Turtlesim_CatchThemAll_ws/install/turtlesim_catch_them_all_interfaces/share/turtlesim_catch_them_all_interfaces/hook/cmake_prefix_path.sh'
[0.539s] Level 1:colcon.colcon_core.environment:checking '/home/poom/Desktop/ros2_Turtlesim_CatchThemAll_ws/install/turtlesim_catch_them_all_interfaces/lib'
[0.539s] Level 1:colcon.colcon_core.shell:create_environment_hook('turtlesim_catch_them_all_interfaces', 'ld_library_path_lib')
[0.539s] INFO:colcon.colcon_core.shell:Creating environment hook '/home/poom/Desktop/ros2_Turtlesim_CatchThemAll_ws/install/turtlesim_catch_them_all_interfaces/share/turtlesim_catch_them_all_interfaces/hook/ld_library_path_lib.ps1'
[0.540s] INFO:colcon.colcon_core.shell:Creating environment descriptor '/home/poom/Desktop/ros2_Turtlesim_CatchThemAll_ws/install/turtlesim_catch_them_all_interfaces/share/turtlesim_catch_them_all_interfaces/hook/ld_library_path_lib.dsv'
[0.540s] INFO:colcon.colcon_core.shell:Creating environment hook '/home/poom/Desktop/ros2_Turtlesim_CatchThemAll_ws/install/turtlesim_catch_them_all_interfaces/share/turtlesim_catch_them_all_interfaces/hook/ld_library_path_lib.sh'
[0.540s] Level 1:colcon.colcon_core.environment:checking '/home/poom/Desktop/ros2_Turtlesim_CatchThemAll_ws/install/turtlesim_catch_them_all_interfaces/bin'
[0.540s] Level 1:colcon.colcon_core.environment:checking '/home/poom/Desktop/ros2_Turtlesim_CatchThemAll_ws/install/turtlesim_catch_them_all_interfaces/lib/pkgconfig/turtlesim_catch_them_all_interfaces.pc'
[0.540s] Level 1:colcon.colcon_core.environment:checking '/home/poom/Desktop/ros2_Turtlesim_CatchThemAll_ws/install/turtlesim_catch_them_all_interfaces/lib/python3.10/site-packages'
[0.540s] Level 1:colcon.colcon_core.environment:checking '/home/poom/Desktop/ros2_Turtlesim_CatchThemAll_ws/install/turtlesim_catch_them_all_interfaces/bin'
[0.540s] INFO:colcon.colcon_core.shell:Creating package script '/home/poom/Desktop/ros2_Turtlesim_CatchThemAll_ws/install/turtlesim_catch_them_all_interfaces/share/turtlesim_catch_them_all_interfaces/package.ps1'
[0.541s] INFO:colcon.colcon_core.shell:Creating package descriptor '/home/poom/Desktop/ros2_Turtlesim_CatchThemAll_ws/install/turtlesim_catch_them_all_interfaces/share/turtlesim_catch_them_all_interfaces/package.dsv'
[0.541s] INFO:colcon.colcon_core.shell:Creating package script '/home/poom/Desktop/ros2_Turtlesim_CatchThemAll_ws/install/turtlesim_catch_them_all_interfaces/share/turtlesim_catch_them_all_interfaces/package.sh'
[0.541s] INFO:colcon.colcon_core.shell:Creating package script '/home/poom/Desktop/ros2_Turtlesim_CatchThemAll_ws/install/turtlesim_catch_them_all_interfaces/share/turtlesim_catch_them_all_interfaces/package.bash'
[0.541s] INFO:colcon.colcon_core.shell:Creating package script '/home/poom/Desktop/ros2_Turtlesim_CatchThemAll_ws/install/turtlesim_catch_them_all_interfaces/share/turtlesim_catch_them_all_interfaces/package.zsh'
[0.542s] Level 1:colcon.colcon_core.environment:create_file_with_runtime_dependencies(/home/poom/Desktop/ros2_Turtlesim_CatchThemAll_ws/install/turtlesim_catch_them_all_interfaces/share/colcon-core/packages/turtlesim_catch_them_all_interfaces)
[0.542s] INFO:colcon.colcon_ros.task.ament_python.build:Building ROS package in '/home/poom/Desktop/ros2_Turtlesim_CatchThemAll_ws/src/turtlesim_catch_them_all' with build type 'ament_python'
[0.542s] Level 1:colcon.colcon_core.shell:create_environment_hook('turtlesim_catch_them_all', 'ament_prefix_path')
[0.542s] INFO:colcon.colcon_core.shell:Creating environment hook '/home/poom/Desktop/ros2_Turtlesim_CatchThemAll_ws/install/turtlesim_catch_them_all/share/turtlesim_catch_them_all/hook/ament_prefix_path.ps1'
[0.543s] INFO:colcon.colcon_core.shell:Creating environment descriptor '/home/poom/Desktop/ros2_Turtlesim_CatchThemAll_ws/install/turtlesim_catch_them_all/share/turtlesim_catch_them_all/hook/ament_prefix_path.dsv'
[0.543s] INFO:colcon.colcon_core.shell:Creating environment hook '/home/poom/Desktop/ros2_Turtlesim_CatchThemAll_ws/install/turtlesim_catch_them_all/share/turtlesim_catch_them_all/hook/ament_prefix_path.sh'
[0.543s] INFO:colcon.colcon_core.shell:Skip shell extension 'powershell' for command environment: Not usable outside of PowerShell
[0.543s] DEBUG:colcon.colcon_core.shell:Skip shell extension 'dsv' for command environment
[0.682s] INFO:colcon.colcon_core.task.python.build:Building Python package in '/home/poom/Desktop/ros2_Turtlesim_CatchThemAll_ws/src/turtlesim_catch_them_all'
[0.682s] INFO:colcon.colcon_core.shell:Skip shell extension 'powershell' for command environment: Not usable outside of PowerShell
[0.682s] DEBUG:colcon.colcon_core.shell:Skip shell extension 'dsv' for command environment
[0.851s] DEBUG:colcon.colcon_core.event_handler.log_command:Invoking command in '/home/poom/Desktop/ros2_Turtlesim_CatchThemAll_ws/src/turtlesim_catch_them_all': PYTHONPATH=/home/poom/Desktop/ros2_Turtlesim_CatchThemAll_ws/build/turtlesim_catch_them_all/prefix_override:/usr/lib/python3/dist-packages/colcon_core/task/python/colcon_distutils_commands:/home/poom/Desktop/ros2_Turtlesim_CatchThemAll_ws/install/turtlesim_catch_them_all/lib/python3.10/site-packages:${PYTHONPATH} /usr/bin/python3 -W ignore:setup.py install is deprecated setup.py egg_info --egg-base ../../build/turtlesim_catch_them_all build --build-base /home/poom/Desktop/ros2_Turtlesim_CatchThemAll_ws/build/turtlesim_catch_them_all/build install --record /home/poom/Desktop/ros2_Turtlesim_CatchThemAll_ws/build/turtlesim_catch_them_all/install.log --single-version-externally-managed install_data
[1.002s] Level 1:colcon.colcon_core.environment:checking '/home/poom/Desktop/ros2_Turtlesim_CatchThemAll_ws/install/turtlesim_catch_them_all' for CMake module files
[1.002s] Level 1:colcon.colcon_core.environment:checking '/home/poom/Desktop/ros2_Turtlesim_CatchThemAll_ws/install/turtlesim_catch_them_all' for CMake config files
[1.003s] DEBUG:colcon.colcon_core.event_handler.log_command:Invoked command in '/home/poom/Desktop/ros2_Turtlesim_CatchThemAll_ws/src/turtlesim_catch_them_all' returned '0': PYTHONPATH=/home/poom/Desktop/ros2_Turtlesim_CatchThemAll_ws/build/turtlesim_catch_them_all/prefix_override:/usr/lib/python3/dist-packages/colcon_core/task/python/colcon_distutils_commands:/home/poom/Desktop/ros2_Turtlesim_CatchThemAll_ws/install/turtlesim_catch_them_all/lib/python3.10/site-packages:${PYTHONPATH} /usr/bin/python3 -W ignore:setup.py install is deprecated setup.py egg_info --egg-base ../../build/turtlesim_catch_them_all build --build-base /home/poom/Desktop/ros2_Turtlesim_CatchThemAll_ws/build/turtlesim_catch_them_all/build install --record /home/poom/Desktop/ros2_Turtlesim_CatchThemAll_ws/build/turtlesim_catch_them_all/install.log --single-version-externally-managed install_data
[1.003s] Level 1:colcon.colcon_core.environment:checking '/home/poom/Desktop/ros2_Turtlesim_CatchThemAll_ws/install/turtlesim_catch_them_all/lib'
[1.003s] Level 1:colcon.colcon_core.environment:checking '/home/poom/Desktop/ros2_Turtlesim_CatchThemAll_ws/install/turtlesim_catch_them_all/bin'
[1.003s] Level 1:colcon.colcon_core.environment:checking '/home/poom/Desktop/ros2_Turtlesim_CatchThemAll_ws/install/turtlesim_catch_them_all/lib/pkgconfig/turtlesim_catch_them_all.pc'
[1.004s] Level 1:colcon.colcon_core.environment:checking '/home/poom/Desktop/ros2_Turtlesim_CatchThemAll_ws/install/turtlesim_catch_them_all/lib/python3.10/site-packages'
[1.004s] Level 1:colcon.colcon_core.shell:create_environment_hook('turtlesim_catch_them_all', 'pythonpath')
[1.004s] INFO:colcon.colcon_core.shell:Creating environment hook '/home/poom/Desktop/ros2_Turtlesim_CatchThemAll_ws/install/turtlesim_catch_them_all/share/turtlesim_catch_them_all/hook/pythonpath.ps1'
[1.005s] INFO:colcon.colcon_core.shell:Creating environment descriptor '/home/poom/Desktop/ros2_Turtlesim_CatchThemAll_ws/install/turtlesim_catch_them_all/share/turtlesim_catch_them_all/hook/pythonpath.dsv'
[1.006s] INFO:colcon.colcon_core.shell:Creating environment hook '/home/poom/Desktop/ros2_Turtlesim_CatchThemAll_ws/install/turtlesim_catch_them_all/share/turtlesim_catch_them_all/hook/pythonpath.sh'
[1.007s] Level 1:colcon.colcon_core.environment:checking '/home/poom/Desktop/ros2_Turtlesim_CatchThemAll_ws/install/turtlesim_catch_them_all/bin'
[1.007s] Level 1:colcon.colcon_core.environment:create_environment_scripts_only(turtlesim_catch_them_all)
[1.007s] INFO:colcon.colcon_core.shell:Creating package script '/home/poom/Desktop/ros2_Turtlesim_CatchThemAll_ws/install/turtlesim_catch_them_all/share/turtlesim_catch_them_all/package.ps1'
[1.007s] INFO:colcon.colcon_core.shell:Creating package descriptor '/home/poom/Desktop/ros2_Turtlesim_CatchThemAll_ws/install/turtlesim_catch_them_all/share/turtlesim_catch_them_all/package.dsv'
[1.008s] INFO:colcon.colcon_core.shell:Creating package script '/home/poom/Desktop/ros2_Turtlesim_CatchThemAll_ws/install/turtlesim_catch_them_all/share/turtlesim_catch_them_all/package.sh'
[1.008s] INFO:colcon.colcon_core.shell:Creating package script '/home/poom/Desktop/ros2_Turtlesim_CatchThemAll_ws/install/turtlesim_catch_them_all/share/turtlesim_catch_them_all/package.bash'
[1.008s] INFO:colcon.colcon_core.shell:Creating package script '/home/poom/Desktop/ros2_Turtlesim_CatchThemAll_ws/install/turtlesim_catch_them_all/share/turtlesim_catch_them_all/package.zsh'
[1.008s] Level 1:colcon.colcon_core.environment:create_file_with_runtime_dependencies(/home/poom/Desktop/ros2_Turtlesim_CatchThemAll_ws/install/turtlesim_catch_them_all/share/colcon-core/packages/turtlesim_catch_them_all)
[1.008s] DEBUG:colcon.colcon_parallel_executor.executor.parallel:closing loop
[1.008s] DEBUG:colcon.colcon_parallel_executor.executor.parallel:loop closed
[1.008s] DEBUG:colcon.colcon_parallel_executor.executor.parallel:run_until_complete finished with '0'
[1.008s] DEBUG:colcon.colcon_core.event_reactor:joining thread
[1.011s] INFO:colcon.colcon_core.plugin_system:Skipping extension 'colcon_notification.desktop_notification.terminal_notifier': Not used on non-Darwin systems
[1.011s] INFO:colcon.colcon_core.plugin_system:Skipping extension 'colcon_notification.desktop_notification.win32': Not used on non-Windows systems
[1.011s] INFO:colcon.colcon_notification.desktop_notification:Sending desktop notification using 'notify2'
[1.018s] DEBUG:colcon.colcon_core.event_reactor:joined thread
[1.018s] INFO:colcon.colcon_core.shell:Creating prefix script '/home/poom/Desktop/ros2_Turtlesim_CatchThemAll_ws/install/local_setup.ps1'
[1.018s] INFO:colcon.colcon_core.shell:Creating prefix util module '/home/poom/Desktop/ros2_Turtlesim_CatchThemAll_ws/install/_local_setup_util_ps1.py'
[1.019s] INFO:colcon.colcon_core.shell:Creating prefix chain script '/home/poom/Desktop/ros2_Turtlesim_CatchThemAll_ws/install/setup.ps1'
[1.020s] INFO:colcon.colcon_core.shell:Creating prefix script '/home/poom/Desktop/ros2_Turtlesim_CatchThemAll_ws/install/local_setup.sh'
[1.020s] INFO:colcon.colcon_core.shell:Creating prefix util module '/home/poom/Desktop/ros2_Turtlesim_CatchThemAll_ws/install/_local_setup_util_sh.py'
[1.020s] INFO:colcon.colcon_core.shell:Creating prefix chain script '/home/poom/Desktop/ros2_Turtlesim_CatchThemAll_ws/install/setup.sh'
[1.022s] INFO:colcon.colcon_core.shell:Creating prefix script '/home/poom/Desktop/ros2_Turtlesim_CatchThemAll_ws/install/local_setup.bash'
[1.023s] INFO:colcon.colcon_core.shell:Creating prefix chain script '/home/poom/Desktop/ros2_Turtlesim_CatchThemAll_ws/install/setup.bash'
[1.026s] INFO:colcon.colcon_core.shell:Creating prefix script '/home/poom/Desktop/ros2_Turtlesim_CatchThemAll_ws/install/local_setup.zsh'
[1.027s] INFO:colcon.colcon_core.shell:Creating prefix chain script '/home/poom/Desktop/ros2_Turtlesim_CatchThemAll_ws/install/setup.zsh'
