[0.311s] Invoking command in '/home/poom/Desktop/ros2_Turtlesim_CatchThemAll_ws/build/turtlesim_catch_them_all': PYTHONPATH=/home/poom/Desktop/ros2_Turtlesim_CatchThemAll_ws/build/turtlesim_catch_them_all/prefix_override:/usr/lib/python3/dist-packages/colcon_core/task/python/colcon_distutils_commands:/home/poom/Desktop/ros2_Turtlesim_CatchThemAll_ws/install/turtlesim_catch_them_all/lib/python3.10/site-packages:${PYTHONPATH} /usr/bin/python3 -W ignore:setup.py install is deprecated setup.py develop --uninstall --editable --build-directory /home/poom/Desktop/ros2_Turtlesim_CatchThemAll_ws/build/turtlesim_catch_them_all/build
[0.436s] running develop
[0.499s] Removing /home/poom/Desktop/ros2_Turtlesim_CatchThemAll_ws/install/turtlesim_catch_them_all/lib/python3.10/site-packages/turtlesim-catch-them-all.egg-link (link to .)
[0.512s] Invoked command in '/home/poom/Desktop/ros2_Turtlesim_CatchThemAll_ws/build/turtlesim_catch_them_all' returned '0': PYTHONPATH=/home/poom/Desktop/ros2_Turtlesim_CatchThemAll_ws/build/turtlesim_catch_them_all/prefix_override:/usr/lib/python3/dist-packages/colcon_core/task/python/colcon_distutils_commands:/home/poom/Desktop/ros2_Turtlesim_CatchThemAll_ws/install/turtlesim_catch_them_all/lib/python3.10/site-packages:${PYTHONPATH} /usr/bin/python3 -W ignore:setup.py install is deprecated setup.py develop --uninstall --editable --build-directory /home/poom/Desktop/ros2_Turtlesim_CatchThemAll_ws/build/turtlesim_catch_them_all/build
[0.514s] Invoking command in '/home/poom/Desktop/ros2_Turtlesim_CatchThemAll_ws/src/turtlesim_catch_them_all': PYTHONPATH=/home/poom/Desktop/ros2_Turtlesim_CatchThemAll_ws/build/turtlesim_catch_them_all/prefix_override:/usr/lib/python3/dist-packages/colcon_core/task/python/colcon_distutils_commands:/home/poom/Desktop/ros2_Turtlesim_CatchThemAll_ws/install/turtlesim_catch_them_all/lib/python3.10/site-packages:${PYTHONPATH} /usr/bin/python3 -W ignore:setup.py install is deprecated setup.py egg_info --egg-base ../../build/turtlesim_catch_them_all build --build-base /home/poom/Desktop/ros2_Turtlesim_CatchThemAll_ws/build/turtlesim_catch_them_all/build install --record /home/poom/Desktop/ros2_Turtlesim_CatchThemAll_ws/build/turtlesim_catch_them_all/install.log --single-version-externally-managed install_data --force
[0.641s] running egg_info
[0.641s] writing ../../build/turtlesim_catch_them_all/turtlesim_catch_them_all.egg-info/PKG-INFO
[0.642s] writing dependency_links to ../../build/turtlesim_catch_them_all/turtlesim_catch_them_all.egg-info/dependency_links.txt
[0.642s] writing entry points to ../../build/turtlesim_catch_them_all/turtlesim_catch_them_all.egg-info/entry_points.txt
[0.642s] writing requirements to ../../build/turtlesim_catch_them_all/turtlesim_catch_them_all.egg-info/requires.txt
[0.642s] writing top-level names to ../../build/turtlesim_catch_them_all/turtlesim_catch_them_all.egg-info/top_level.txt
[0.649s] reading manifest file '../../build/turtlesim_catch_them_all/turtlesim_catch_them_all.egg-info/SOURCES.txt'
[0.649s] writing manifest file '../../build/turtlesim_catch_them_all/turtlesim_catch_them_all.egg-info/SOURCES.txt'
[0.649s] running build
[0.649s] running build_py
[0.650s] copying turtlesim_catch_them_all/turtle_spawner.py -> /home/poom/Desktop/ros2_Turtlesim_CatchThemAll_ws/build/turtlesim_catch_them_all/build/lib/turtlesim_catch_them_all
[0.650s] copying turtlesim_catch_them_all/turtle_controller.py -> /home/poom/Desktop/ros2_Turtlesim_CatchThemAll_ws/build/turtlesim_catch_them_all/build/lib/turtlesim_catch_them_all
[0.650s] running install
[0.650s] running install_lib
[0.650s] creating /home/poom/Desktop/ros2_Turtlesim_CatchThemAll_ws/install/turtlesim_catch_them_all/lib/python3.10/site-packages/turtlesim_catch_them_all
[0.650s] copying /home/poom/Desktop/ros2_Turtlesim_CatchThemAll_ws/build/turtlesim_catch_them_all/build/lib/turtlesim_catch_them_all/turtle_spawner.py -> /home/poom/Desktop/ros2_Turtlesim_CatchThemAll_ws/install/turtlesim_catch_them_all/lib/python3.10/site-packages/turtlesim_catch_them_all
[0.650s] copying /home/poom/Desktop/ros2_Turtlesim_CatchThemAll_ws/build/turtlesim_catch_them_all/build/lib/turtlesim_catch_them_all/__init__.py -> /home/poom/Desktop/ros2_Turtlesim_CatchThemAll_ws/install/turtlesim_catch_them_all/lib/python3.10/site-packages/turtlesim_catch_them_all
[0.650s] copying /home/poom/Desktop/ros2_Turtlesim_CatchThemAll_ws/build/turtlesim_catch_them_all/build/lib/turtlesim_catch_them_all/turtle_controller.py -> /home/poom/Desktop/ros2_Turtlesim_CatchThemAll_ws/install/turtlesim_catch_them_all/lib/python3.10/site-packages/turtlesim_catch_them_all
[0.650s] byte-compiling /home/poom/Desktop/ros2_Turtlesim_CatchThemAll_ws/install/turtlesim_catch_them_all/lib/python3.10/site-packages/turtlesim_catch_them_all/turtle_spawner.py to turtle_spawner.cpython-310.pyc
[0.651s] byte-compiling /home/poom/Desktop/ros2_Turtlesim_CatchThemAll_ws/install/turtlesim_catch_them_all/lib/python3.10/site-packages/turtlesim_catch_them_all/__init__.py to __init__.cpython-310.pyc
[0.651s] byte-compiling /home/poom/Desktop/ros2_Turtlesim_CatchThemAll_ws/install/turtlesim_catch_them_all/lib/python3.10/site-packages/turtlesim_catch_them_all/turtle_controller.py to turtle_controller.cpython-310.pyc
[0.651s] running install_data
[0.651s] copying resource/turtlesim_catch_them_all -> /home/poom/Desktop/ros2_Turtlesim_CatchThemAll_ws/install/turtlesim_catch_them_all/share/ament_index/resource_index/packages
[0.651s] copying package.xml -> /home/poom/Desktop/ros2_Turtlesim_CatchThemAll_ws/install/turtlesim_catch_them_all/share/turtlesim_catch_them_all
[0.651s] running install_egg_info
[0.652s] Copying ../../build/turtlesim_catch_them_all/turtlesim_catch_them_all.egg-info to /home/poom/Desktop/ros2_Turtlesim_CatchThemAll_ws/install/turtlesim_catch_them_all/lib/python3.10/site-packages/turtlesim_catch_them_all-0.0.0-py3.10.egg-info
[0.653s] running install_scripts
[0.663s] Installing turtle_controller script to /home/poom/Desktop/ros2_Turtlesim_CatchThemAll_ws/install/turtlesim_catch_them_all/lib/turtlesim_catch_them_all
[0.663s] Installing turtle_spawner script to /home/poom/Desktop/ros2_Turtlesim_CatchThemAll_ws/install/turtlesim_catch_them_all/lib/turtlesim_catch_them_all
[0.663s] writing list of installed files to '/home/poom/Desktop/ros2_Turtlesim_CatchThemAll_ws/build/turtlesim_catch_them_all/install.log'
[0.676s] Invoked command in '/home/poom/Desktop/ros2_Turtlesim_CatchThemAll_ws/src/turtlesim_catch_them_all' returned '0': PYTHONPATH=/home/poom/Desktop/ros2_Turtlesim_CatchThemAll_ws/build/turtlesim_catch_them_all/prefix_override:/usr/lib/python3/dist-packages/colcon_core/task/python/colcon_distutils_commands:/home/poom/Desktop/ros2_Turtlesim_CatchThemAll_ws/install/turtlesim_catch_them_all/lib/python3.10/site-packages:${PYTHONPATH} /usr/bin/python3 -W ignore:setup.py install is deprecated setup.py egg_info --egg-base ../../build/turtlesim_catch_them_all build --build-base /home/poom/Desktop/ros2_Turtlesim_CatchThemAll_ws/build/turtlesim_catch_them_all/build install --record /home/poom/Desktop/ros2_Turtlesim_CatchThemAll_ws/build/turtlesim_catch_them_all/install.log --single-version-externally-managed install_data --force
