[  2%] Built target turtlesim_catch_them_all_interfaces__cpp
[ 12%] Built target turtlesim_catch_them_all_interfaces__rosidl_generator_c
[ 12%] Built target ament_cmake_python_copy_turtlesim_catch_them_all_interfaces
[ 23%] Built target turtlesim_catch_them_all_interfaces__rosidl_typesupport_introspection_cpp
[ 34%] Built target turtlesim_catch_them_all_interfaces__rosidl_typesupport_fastrtps_cpp
[ 46%] Built target turtlesim_catch_them_all_interfaces__rosidl_typesupport_cpp
[ 55%] Built target turtlesim_catch_them_all_interfaces__rosidl_typesupport_introspection_c
[ 65%] Built target turtlesim_catch_them_all_interfaces__rosidl_typesupport_c
[ 76%] Built target turtlesim_catch_them_all_interfaces__rosidl_typesupport_fastrtps_c
[ 76%] Built target turtlesim_catch_them_all_interfaces
[ 78%] Built target turtlesim_catch_them_all_interfaces__py
[ 87%] Built target turtlesim_catch_them_all_interfaces__rosidl_generator_py
[ 91%] Built target turtlesim_catch_them_all_interfaces__rosidl_typesupport_c__pyext
[ 95%] Built target turtlesim_catch_them_all_interfaces__rosidl_typesupport_introspection_c__pyext
[100%] Built target turtlesim_catch_them_all_interfaces__rosidl_typesupport_fastrtps_c__pyext
running egg_info
writing turtlesim_catch_them_all_interfaces.egg-info/PKG-INFO
writing dependency_links to turtlesim_catch_them_all_interfaces.egg-info/dependency_links.txt
writing top-level names to turtlesim_catch_them_all_interfaces.egg-info/top_level.txt
reading manifest file 'turtlesim_catch_them_all_interfaces.egg-info/SOURCES.txt'
writing manifest file 'turtlesim_catch_them_all_interfaces.egg-info/SOURCES.txt'
[100%] Built target ament_cmake_python_build_turtlesim_catch_them_all_interfaces_egg
-- Install configuration: ""
-- Up-to-date: /home/poom/Desktop/ros2_Turtlesim_CatchThemAll_ws/install/turtlesim_catch_them_all_interfaces/share/ament_index/resource_index/rosidl_interfaces/turtlesim_catch_them_all_interfaces
-- Up-to-date: /home/poom/Desktop/ros2_Turtlesim_CatchThemAll_ws/install/turtlesim_catch_them_all_interfaces/include/turtlesim_catch_them_all_interfaces/turtlesim_catch_them_all_interfaces
-- Up-to-date: /home/poom/Desktop/ros2_Turtlesim_CatchThemAll_ws/install/turtlesim_catch_them_all_interfaces/include/turtlesim_catch_them_all_interfaces/turtlesim_catch_them_all_interfaces/srv
-- Up-to-date: /home/poom/Desktop/ros2_Turtlesim_CatchThemAll_ws/install/turtlesim_catch_them_all_interfaces/include/turtlesim_catch_them_all_interfaces/turtlesim_catch_them_all_interfaces/srv/catch_turtle.h
-- Up-to-date: /home/poom/Desktop/ros2_Turtlesim_CatchThemAll_ws/install/turtlesim_catch_them_all_interfaces/include/turtlesim_catch_them_all_interfaces/turtlesim_catch_them_all_interfaces/srv/detail
-- Up-to-date: /home/poom/Desktop/ros2_Turtlesim_CatchThemAll_ws/install/turtlesim_catch_them_all_interfaces/include/turtlesim_catch_them_all_interfaces/turtlesim_catch_them_all_interfaces/srv/detail/catch_turtle__functions.c
-- Up-to-date: /home/poom/Desktop/ros2_Turtlesim_CatchThemAll_ws/install/turtlesim_catch_them_all_interfaces/include/turtlesim_catch_them_all_interfaces/turtlesim_catch_them_all_interfaces/srv/detail/catch_turtle__functions.h
-- Up-to-date: /home/poom/Desktop/ros2_Turtlesim_CatchThemAll_ws/install/turtlesim_catch_them_all_interfaces/include/turtlesim_catch_them_all_interfaces/turtlesim_catch_them_all_interfaces/srv/detail/catch_turtle__struct.h
-- Up-to-date: /home/poom/Desktop/ros2_Turtlesim_CatchThemAll_ws/install/turtlesim_catch_them_all_interfaces/include/turtlesim_catch_them_all_interfaces/turtlesim_catch_them_all_interfaces/srv/detail/catch_turtle__type_support.h
-- Up-to-date: /home/poom/Desktop/ros2_Turtlesim_CatchThemAll_ws/install/turtlesim_catch_them_all_interfaces/include/turtlesim_catch_them_all_interfaces/turtlesim_catch_them_all_interfaces/msg
-- Up-to-date: /home/poom/Desktop/ros2_Turtlesim_CatchThemAll_ws/install/turtlesim_catch_them_all_interfaces/include/turtlesim_catch_them_all_interfaces/turtlesim_catch_them_all_interfaces/msg/turtle.h
-- Up-to-date: /home/poom/Desktop/ros2_Turtlesim_CatchThemAll_ws/install/turtlesim_catch_them_all_interfaces/include/turtlesim_catch_them_all_interfaces/turtlesim_catch_them_all_interfaces/msg/turtle_array.h
-- Up-to-date: /home/poom/Desktop/ros2_Turtlesim_CatchThemAll_ws/install/turtlesim_catch_them_all_interfaces/include/turtlesim_catch_them_all_interfaces/turtlesim_catch_them_all_interfaces/msg/detail
-- Up-to-date: /home/poom/Desktop/ros2_Turtlesim_CatchThemAll_ws/install/turtlesim_catch_them_all_interfaces/include/turtlesim_catch_them_all_interfaces/turtlesim_catch_them_all_interfaces/msg/detail/turtle_array__type_support.h
-- Up-to-date: /home/poom/Desktop/ros2_Turtlesim_CatchThemAll_ws/install/turtlesim_catch_them_all_interfaces/include/turtlesim_catch_them_all_interfaces/turtlesim_catch_them_all_interfaces/msg/detail/turtle__functions.c
-- Up-to-date: /home/poom/Desktop/ros2_Turtlesim_CatchThemAll_ws/install/turtlesim_catch_them_all_interfaces/include/turtlesim_catch_them_all_interfaces/turtlesim_catch_them_all_interfaces/msg/detail/turtle_array__functions.c
-- Up-to-date: /home/poom/Desktop/ros2_Turtlesim_CatchThemAll_ws/install/turtlesim_catch_them_all_interfaces/include/turtlesim_catch_them_all_interfaces/turtlesim_catch_them_all_interfaces/msg/detail/turtle__struct.h
-- Up-to-date: /home/poom/Desktop/ros2_Turtlesim_CatchThemAll_ws/install/turtlesim_catch_them_all_interfaces/include/turtlesim_catch_them_all_interfaces/turtlesim_catch_them_all_interfaces/msg/detail/turtle__functions.h
-- Up-to-date: /home/poom/Desktop/ros2_Turtlesim_CatchThemAll_ws/install/turtlesim_catch_them_all_interfaces/include/turtlesim_catch_them_all_interfaces/turtlesim_catch_them_all_interfaces/msg/detail/turtle_array__functions.h
-- Up-to-date: /home/poom/Desktop/ros2_Turtlesim_CatchThemAll_ws/install/turtlesim_catch_them_all_interfaces/include/turtlesim_catch_them_all_interfaces/turtlesim_catch_them_all_interfaces/msg/detail/turtle__type_support.h
-- Up-to-date: /home/poom/Desktop/ros2_Turtlesim_CatchThemAll_ws/install/turtlesim_catch_them_all_interfaces/include/turtlesim_catch_them_all_interfaces/turtlesim_catch_them_all_interfaces/msg/detail/turtle_array__struct.h
-- Up-to-date: /home/poom/Desktop/ros2_Turtlesim_CatchThemAll_ws/install/turtlesim_catch_them_all_interfaces/include/turtlesim_catch_them_all_interfaces/turtlesim_catch_them_all_interfaces/msg/rosidl_generator_c__visibility_control.h
-- Up-to-date: /home/poom/Desktop/ros2_Turtlesim_CatchThemAll_ws/install/turtlesim_catch_them_all_interfaces/share/turtlesim_catch_them_all_interfaces/environment/library_path.sh
-- Up-to-date: /home/poom/Desktop/ros2_Turtlesim_CatchThemAll_ws/install/turtlesim_catch_them_all_interfaces/share/turtlesim_catch_them_all_interfaces/environment/library_path.dsv
-- Up-to-date: /home/poom/Desktop/ros2_Turtlesim_CatchThemAll_ws/install/turtlesim_catch_them_all_interfaces/lib/libturtlesim_catch_them_all_interfaces__rosidl_generator_c.so
-- Up-to-date: /home/poom/Desktop/ros2_Turtlesim_CatchThemAll_ws/install/turtlesim_catch_them_all_interfaces/include/turtlesim_catch_them_all_interfaces/turtlesim_catch_them_all_interfaces
-- Up-to-date: /home/poom/Desktop/ros2_Turtlesim_CatchThemAll_ws/install/turtlesim_catch_them_all_interfaces/include/turtlesim_catch_them_all_interfaces/turtlesim_catch_them_all_interfaces/srv
-- Up-to-date: /home/poom/Desktop/ros2_Turtlesim_CatchThemAll_ws/install/turtlesim_catch_them_all_interfaces/include/turtlesim_catch_them_all_interfaces/turtlesim_catch_them_all_interfaces/srv/detail
-- Up-to-date: /home/poom/Desktop/ros2_Turtlesim_CatchThemAll_ws/install/turtlesim_catch_them_all_interfaces/include/turtlesim_catch_them_all_interfaces/turtlesim_catch_them_all_interfaces/srv/detail/catch_turtle__rosidl_typesupport_fastrtps_c.h
-- Up-to-date: /home/poom/Desktop/ros2_Turtlesim_CatchThemAll_ws/install/turtlesim_catch_them_all_interfaces/include/turtlesim_catch_them_all_interfaces/turtlesim_catch_them_all_interfaces/msg
-- Up-to-date: /home/poom/Desktop/ros2_Turtlesim_CatchThemAll_ws/install/turtlesim_catch_them_all_interfaces/include/turtlesim_catch_them_all_interfaces/turtlesim_catch_them_all_interfaces/msg/detail
-- Up-to-date: /home/poom/Desktop/ros2_Turtlesim_CatchThemAll_ws/install/turtlesim_catch_them_all_interfaces/include/turtlesim_catch_them_all_interfaces/turtlesim_catch_them_all_interfaces/msg/detail/turtle_array__rosidl_typesupport_fastrtps_c.h
-- Up-to-date: /home/poom/Desktop/ros2_Turtlesim_CatchThemAll_ws/install/turtlesim_catch_them_all_interfaces/include/turtlesim_catch_them_all_interfaces/turtlesim_catch_them_all_interfaces/msg/detail/turtle__rosidl_typesupport_fastrtps_c.h
-- Up-to-date: /home/poom/Desktop/ros2_Turtlesim_CatchThemAll_ws/install/turtlesim_catch_them_all_interfaces/include/turtlesim_catch_them_all_interfaces/turtlesim_catch_them_all_interfaces/msg/rosidl_typesupport_fastrtps_c__visibility_control.h
-- Up-to-date: /home/poom/Desktop/ros2_Turtlesim_CatchThemAll_ws/install/turtlesim_catch_them_all_interfaces/lib/libturtlesim_catch_them_all_interfaces__rosidl_typesupport_fastrtps_c.so
-- Up-to-date: /home/poom/Desktop/ros2_Turtlesim_CatchThemAll_ws/install/turtlesim_catch_them_all_interfaces/include/turtlesim_catch_them_all_interfaces/turtlesim_catch_them_all_interfaces
-- Up-to-date: /home/poom/Desktop/ros2_Turtlesim_CatchThemAll_ws/install/turtlesim_catch_them_all_interfaces/include/turtlesim_catch_them_all_interfaces/turtlesim_catch_them_all_interfaces/srv
-- Up-to-date: /home/poom/Desktop/ros2_Turtlesim_CatchThemAll_ws/install/turtlesim_catch_them_all_interfaces/include/turtlesim_catch_them_all_interfaces/turtlesim_catch_them_all_interfaces/srv/detail
-- Up-to-date: /home/poom/Desktop/ros2_Turtlesim_CatchThemAll_ws/install/turtlesim_catch_them_all_interfaces/include/turtlesim_catch_them_all_interfaces/turtlesim_catch_them_all_interfaces/srv/detail/catch_turtle__type_support.c
-- Up-to-date: /home/poom/Desktop/ros2_Turtlesim_CatchThemAll_ws/install/turtlesim_catch_them_all_interfaces/include/turtlesim_catch_them_all_interfaces/turtlesim_catch_them_all_interfaces/srv/detail/catch_turtle__rosidl_typesupport_introspection_c.h
-- Up-to-date: /home/poom/Desktop/ros2_Turtlesim_CatchThemAll_ws/install/turtlesim_catch_them_all_interfaces/include/turtlesim_catch_them_all_interfaces/turtlesim_catch_them_all_interfaces/msg
-- Up-to-date: /home/poom/Desktop/ros2_Turtlesim_CatchThemAll_ws/install/turtlesim_catch_them_all_interfaces/include/turtlesim_catch_them_all_interfaces/turtlesim_catch_them_all_interfaces/msg/rosidl_typesupport_introspection_c__visibility_control.h
-- Up-to-date: /home/poom/Desktop/ros2_Turtlesim_CatchThemAll_ws/install/turtlesim_catch_them_all_interfaces/include/turtlesim_catch_them_all_interfaces/turtlesim_catch_them_all_interfaces/msg/detail
-- Up-to-date: /home/poom/Desktop/ros2_Turtlesim_CatchThemAll_ws/install/turtlesim_catch_them_all_interfaces/include/turtlesim_catch_them_all_interfaces/turtlesim_catch_them_all_interfaces/msg/detail/turtle_array__rosidl_typesupport_introspection_c.h
-- Up-to-date: /home/poom/Desktop/ros2_Turtlesim_CatchThemAll_ws/install/turtlesim_catch_them_all_interfaces/include/turtlesim_catch_them_all_interfaces/turtlesim_catch_them_all_interfaces/msg/detail/turtle__type_support.c
-- Up-to-date: /home/poom/Desktop/ros2_Turtlesim_CatchThemAll_ws/install/turtlesim_catch_them_all_interfaces/include/turtlesim_catch_them_all_interfaces/turtlesim_catch_them_all_interfaces/msg/detail/turtle__rosidl_typesupport_introspection_c.h
-- Up-to-date: /home/poom/Desktop/ros2_Turtlesim_CatchThemAll_ws/install/turtlesim_catch_them_all_interfaces/include/turtlesim_catch_them_all_interfaces/turtlesim_catch_them_all_interfaces/msg/detail/turtle_array__type_support.c
-- Up-to-date: /home/poom/Desktop/ros2_Turtlesim_CatchThemAll_ws/install/turtlesim_catch_them_all_interfaces/lib/libturtlesim_catch_them_all_interfaces__rosidl_typesupport_introspection_c.so
-- Up-to-date: /home/poom/Desktop/ros2_Turtlesim_CatchThemAll_ws/install/turtlesim_catch_them_all_interfaces/lib/libturtlesim_catch_them_all_interfaces__rosidl_typesupport_c.so
-- Up-to-date: /home/poom/Desktop/ros2_Turtlesim_CatchThemAll_ws/install/turtlesim_catch_them_all_interfaces/include/turtlesim_catch_them_all_interfaces/turtlesim_catch_them_all_interfaces
-- Up-to-date: /home/poom/Desktop/ros2_Turtlesim_CatchThemAll_ws/install/turtlesim_catch_them_all_interfaces/include/turtlesim_catch_them_all_interfaces/turtlesim_catch_them_all_interfaces/srv
-- Up-to-date: /home/poom/Desktop/ros2_Turtlesim_CatchThemAll_ws/install/turtlesim_catch_them_all_interfaces/include/turtlesim_catch_them_all_interfaces/turtlesim_catch_them_all_interfaces/srv/catch_turtle.hpp
-- Up-to-date: /home/poom/Desktop/ros2_Turtlesim_CatchThemAll_ws/install/turtlesim_catch_them_all_interfaces/include/turtlesim_catch_them_all_interfaces/turtlesim_catch_them_all_interfaces/srv/detail
-- Up-to-date: /home/poom/Desktop/ros2_Turtlesim_CatchThemAll_ws/install/turtlesim_catch_them_all_interfaces/include/turtlesim_catch_them_all_interfaces/turtlesim_catch_them_all_interfaces/srv/detail/catch_turtle__builder.hpp
-- Up-to-date: /home/poom/Desktop/ros2_Turtlesim_CatchThemAll_ws/install/turtlesim_catch_them_all_interfaces/include/turtlesim_catch_them_all_interfaces/turtlesim_catch_them_all_interfaces/srv/detail/catch_turtle__struct.hpp
-- Up-to-date: /home/poom/Desktop/ros2_Turtlesim_CatchThemAll_ws/install/turtlesim_catch_them_all_interfaces/include/turtlesim_catch_them_all_interfaces/turtlesim_catch_them_all_interfaces/srv/detail/catch_turtle__traits.hpp
-- Up-to-date: /home/poom/Desktop/ros2_Turtlesim_CatchThemAll_ws/install/turtlesim_catch_them_all_interfaces/include/turtlesim_catch_them_all_interfaces/turtlesim_catch_them_all_interfaces/msg
-- Up-to-date: /home/poom/Desktop/ros2_Turtlesim_CatchThemAll_ws/install/turtlesim_catch_them_all_interfaces/include/turtlesim_catch_them_all_interfaces/turtlesim_catch_them_all_interfaces/msg/detail
-- Up-to-date: /home/poom/Desktop/ros2_Turtlesim_CatchThemAll_ws/install/turtlesim_catch_them_all_interfaces/include/turtlesim_catch_them_all_interfaces/turtlesim_catch_them_all_interfaces/msg/detail/turtle__traits.hpp
-- Up-to-date: /home/poom/Desktop/ros2_Turtlesim_CatchThemAll_ws/install/turtlesim_catch_them_all_interfaces/include/turtlesim_catch_them_all_interfaces/turtlesim_catch_them_all_interfaces/msg/detail/turtle_array__builder.hpp
-- Up-to-date: /home/poom/Desktop/ros2_Turtlesim_CatchThemAll_ws/install/turtlesim_catch_them_all_interfaces/include/turtlesim_catch_them_all_interfaces/turtlesim_catch_them_all_interfaces/msg/detail/turtle_array__struct.hpp
-- Up-to-date: /home/poom/Desktop/ros2_Turtlesim_CatchThemAll_ws/install/turtlesim_catch_them_all_interfaces/include/turtlesim_catch_them_all_interfaces/turtlesim_catch_them_all_interfaces/msg/detail/turtle_array__traits.hpp
-- Up-to-date: /home/poom/Desktop/ros2_Turtlesim_CatchThemAll_ws/install/turtlesim_catch_them_all_interfaces/include/turtlesim_catch_them_all_interfaces/turtlesim_catch_them_all_interfaces/msg/detail/turtle__struct.hpp
-- Up-to-date: /home/poom/Desktop/ros2_Turtlesim_CatchThemAll_ws/install/turtlesim_catch_them_all_interfaces/include/turtlesim_catch_them_all_interfaces/turtlesim_catch_them_all_interfaces/msg/detail/turtle__builder.hpp
-- Up-to-date: /home/poom/Desktop/ros2_Turtlesim_CatchThemAll_ws/install/turtlesim_catch_them_all_interfaces/include/turtlesim_catch_them_all_interfaces/turtlesim_catch_them_all_interfaces/msg/turtle.hpp
-- Up-to-date: /home/poom/Desktop/ros2_Turtlesim_CatchThemAll_ws/install/turtlesim_catch_them_all_interfaces/include/turtlesim_catch_them_all_interfaces/turtlesim_catch_them_all_interfaces/msg/turtle_array.hpp
-- Up-to-date: /home/poom/Desktop/ros2_Turtlesim_CatchThemAll_ws/install/turtlesim_catch_them_all_interfaces/include/turtlesim_catch_them_all_interfaces/turtlesim_catch_them_all_interfaces
-- Up-to-date: /home/poom/Desktop/ros2_Turtlesim_CatchThemAll_ws/install/turtlesim_catch_them_all_interfaces/include/turtlesim_catch_them_all_interfaces/turtlesim_catch_them_all_interfaces/srv
-- Up-to-date: /home/poom/Desktop/ros2_Turtlesim_CatchThemAll_ws/install/turtlesim_catch_them_all_interfaces/include/turtlesim_catch_them_all_interfaces/turtlesim_catch_them_all_interfaces/srv/detail
-- Up-to-date: /home/poom/Desktop/ros2_Turtlesim_CatchThemAll_ws/install/turtlesim_catch_them_all_interfaces/include/turtlesim_catch_them_all_interfaces/turtlesim_catch_them_all_interfaces/srv/detail/dds_fastrtps
-- Up-to-date: /home/poom/Desktop/ros2_Turtlesim_CatchThemAll_ws/install/turtlesim_catch_them_all_interfaces/include/turtlesim_catch_them_all_interfaces/turtlesim_catch_them_all_interfaces/srv/detail/catch_turtle__rosidl_typesupport_fastrtps_cpp.hpp
-- Up-to-date: /home/poom/Desktop/ros2_Turtlesim_CatchThemAll_ws/install/turtlesim_catch_them_all_interfaces/include/turtlesim_catch_them_all_interfaces/turtlesim_catch_them_all_interfaces/msg
-- Up-to-date: /home/poom/Desktop/ros2_Turtlesim_CatchThemAll_ws/install/turtlesim_catch_them_all_interfaces/include/turtlesim_catch_them_all_interfaces/turtlesim_catch_them_all_interfaces/msg/detail
-- Up-to-date: /home/poom/Desktop/ros2_Turtlesim_CatchThemAll_ws/install/turtlesim_catch_them_all_interfaces/include/turtlesim_catch_them_all_interfaces/turtlesim_catch_them_all_interfaces/msg/detail/turtle_array__rosidl_typesupport_fastrtps_cpp.hpp
-- Up-to-date: /home/poom/Desktop/ros2_Turtlesim_CatchThemAll_ws/install/turtlesim_catch_them_all_interfaces/include/turtlesim_catch_them_all_interfaces/turtlesim_catch_them_all_interfaces/msg/detail/dds_fastrtps
-- Up-to-date: /home/poom/Desktop/ros2_Turtlesim_CatchThemAll_ws/install/turtlesim_catch_them_all_interfaces/include/turtlesim_catch_them_all_interfaces/turtlesim_catch_them_all_interfaces/msg/detail/turtle__rosidl_typesupport_fastrtps_cpp.hpp
-- Up-to-date: /home/poom/Desktop/ros2_Turtlesim_CatchThemAll_ws/install/turtlesim_catch_them_all_interfaces/include/turtlesim_catch_them_all_interfaces/turtlesim_catch_them_all_interfaces/msg/rosidl_typesupport_fastrtps_cpp__visibility_control.h
-- Up-to-date: /home/poom/Desktop/ros2_Turtlesim_CatchThemAll_ws/install/turtlesim_catch_them_all_interfaces/lib/libturtlesim_catch_them_all_interfaces__rosidl_typesupport_fastrtps_cpp.so
-- Up-to-date: /home/poom/Desktop/ros2_Turtlesim_CatchThemAll_ws/install/turtlesim_catch_them_all_interfaces/include/turtlesim_catch_them_all_interfaces/turtlesim_catch_them_all_interfaces
-- Up-to-date: /home/poom/Desktop/ros2_Turtlesim_CatchThemAll_ws/install/turtlesim_catch_them_all_interfaces/include/turtlesim_catch_them_all_interfaces/turtlesim_catch_them_all_interfaces/srv
-- Up-to-date: /home/poom/Desktop/ros2_Turtlesim_CatchThemAll_ws/install/turtlesim_catch_them_all_interfaces/include/turtlesim_catch_them_all_interfaces/turtlesim_catch_them_all_interfaces/srv/detail
-- Up-to-date: /home/poom/Desktop/ros2_Turtlesim_CatchThemAll_ws/install/turtlesim_catch_them_all_interfaces/include/turtlesim_catch_them_all_interfaces/turtlesim_catch_them_all_interfaces/srv/detail/catch_turtle__rosidl_typesupport_introspection_cpp.hpp
-- Up-to-date: /home/poom/Desktop/ros2_Turtlesim_CatchThemAll_ws/install/turtlesim_catch_them_all_interfaces/include/turtlesim_catch_them_all_interfaces/turtlesim_catch_them_all_interfaces/srv/detail/catch_turtle__type_support.cpp
-- Up-to-date: /home/poom/Desktop/ros2_Turtlesim_CatchThemAll_ws/install/turtlesim_catch_them_all_interfaces/include/turtlesim_catch_them_all_interfaces/turtlesim_catch_them_all_interfaces/msg
-- Up-to-date: /home/poom/Desktop/ros2_Turtlesim_CatchThemAll_ws/install/turtlesim_catch_them_all_interfaces/include/turtlesim_catch_them_all_interfaces/turtlesim_catch_them_all_interfaces/msg/detail
-- Up-to-date: /home/poom/Desktop/ros2_Turtlesim_CatchThemAll_ws/install/turtlesim_catch_them_all_interfaces/include/turtlesim_catch_them_all_interfaces/turtlesim_catch_them_all_interfaces/msg/detail/turtle_array__type_support.cpp
-- Up-to-date: /home/poom/Desktop/ros2_Turtlesim_CatchThemAll_ws/install/turtlesim_catch_them_all_interfaces/include/turtlesim_catch_them_all_interfaces/turtlesim_catch_them_all_interfaces/msg/detail/turtle__type_support.cpp
-- Up-to-date: /home/poom/Desktop/ros2_Turtlesim_CatchThemAll_ws/install/turtlesim_catch_them_all_interfaces/include/turtlesim_catch_them_all_interfaces/turtlesim_catch_them_all_interfaces/msg/detail/turtle__rosidl_typesupport_introspection_cpp.hpp
-- Up-to-date: /home/poom/Desktop/ros2_Turtlesim_CatchThemAll_ws/install/turtlesim_catch_them_all_interfaces/include/turtlesim_catch_them_all_interfaces/turtlesim_catch_them_all_interfaces/msg/detail/turtle_array__rosidl_typesupport_introspection_cpp.hpp
-- Up-to-date: /home/poom/Desktop/ros2_Turtlesim_CatchThemAll_ws/install/turtlesim_catch_them_all_interfaces/lib/libturtlesim_catch_them_all_interfaces__rosidl_typesupport_introspection_cpp.so
-- Up-to-date: /home/poom/Desktop/ros2_Turtlesim_CatchThemAll_ws/install/turtlesim_catch_them_all_interfaces/lib/libturtlesim_catch_them_all_interfaces__rosidl_typesupport_cpp.so
-- Up-to-date: /home/poom/Desktop/ros2_Turtlesim_CatchThemAll_ws/install/turtlesim_catch_them_all_interfaces/share/turtlesim_catch_them_all_interfaces/environment/pythonpath.sh
-- Up-to-date: /home/poom/Desktop/ros2_Turtlesim_CatchThemAll_ws/install/turtlesim_catch_them_all_interfaces/share/turtlesim_catch_them_all_interfaces/environment/pythonpath.dsv
-- Up-to-date: /home/poom/Desktop/ros2_Turtlesim_CatchThemAll_ws/install/turtlesim_catch_them_all_interfaces/local/lib/python3.10/dist-packages/turtlesim_catch_them_all_interfaces-0.0.0-py3.10.egg-info
-- Installing: /home/poom/Desktop/ros2_Turtlesim_CatchThemAll_ws/install/turtlesim_catch_them_all_interfaces/local/lib/python3.10/dist-packages/turtlesim_catch_them_all_interfaces-0.0.0-py3.10.egg-info/top_level.txt
-- Installing: /home/poom/Desktop/ros2_Turtlesim_CatchThemAll_ws/install/turtlesim_catch_them_all_interfaces/local/lib/python3.10/dist-packages/turtlesim_catch_them_all_interfaces-0.0.0-py3.10.egg-info/dependency_links.txt
-- Installing: /home/poom/Desktop/ros2_Turtlesim_CatchThemAll_ws/install/turtlesim_catch_them_all_interfaces/local/lib/python3.10/dist-packages/turtlesim_catch_them_all_interfaces-0.0.0-py3.10.egg-info/SOURCES.txt
-- Installing: /home/poom/Desktop/ros2_Turtlesim_CatchThemAll_ws/install/turtlesim_catch_them_all_interfaces/local/lib/python3.10/dist-packages/turtlesim_catch_them_all_interfaces-0.0.0-py3.10.egg-info/PKG-INFO
-- Up-to-date: /home/poom/Desktop/ros2_Turtlesim_CatchThemAll_ws/install/turtlesim_catch_them_all_interfaces/local/lib/python3.10/dist-packages/turtlesim_catch_them_all_interfaces
-- Up-to-date: /home/poom/Desktop/ros2_Turtlesim_CatchThemAll_ws/install/turtlesim_catch_them_all_interfaces/local/lib/python3.10/dist-packages/turtlesim_catch_them_all_interfaces/turtlesim_catch_them_all_interfaces_s__rosidl_typesupport_introspection_c.cpython-310-x86_64-linux-gnu.so
-- Up-to-date: /home/poom/Desktop/ros2_Turtlesim_CatchThemAll_ws/install/turtlesim_catch_them_all_interfaces/local/lib/python3.10/dist-packages/turtlesim_catch_them_all_interfaces/turtlesim_catch_them_all_interfaces_s__rosidl_typesupport_c.cpython-310-x86_64-linux-gnu.so
-- Up-to-date: /home/poom/Desktop/ros2_Turtlesim_CatchThemAll_ws/install/turtlesim_catch_them_all_interfaces/local/lib/python3.10/dist-packages/turtlesim_catch_them_all_interfaces/_turtlesim_catch_them_all_interfaces_s.ep.rosidl_typesupport_fastrtps_c.c
-- Up-to-date: /home/poom/Desktop/ros2_Turtlesim_CatchThemAll_ws/install/turtlesim_catch_them_all_interfaces/local/lib/python3.10/dist-packages/turtlesim_catch_them_all_interfaces/srv
-- Up-to-date: /home/poom/Desktop/ros2_Turtlesim_CatchThemAll_ws/install/turtlesim_catch_them_all_interfaces/local/lib/python3.10/dist-packages/turtlesim_catch_them_all_interfaces/srv/__init__.py
-- Up-to-date: /home/poom/Desktop/ros2_Turtlesim_CatchThemAll_ws/install/turtlesim_catch_them_all_interfaces/local/lib/python3.10/dist-packages/turtlesim_catch_them_all_interfaces/srv/_catch_turtle.py
-- Up-to-date: /home/poom/Desktop/ros2_Turtlesim_CatchThemAll_ws/install/turtlesim_catch_them_all_interfaces/local/lib/python3.10/dist-packages/turtlesim_catch_them_all_interfaces/srv/_catch_turtle_s.c
-- Up-to-date: /home/poom/Desktop/ros2_Turtlesim_CatchThemAll_ws/install/turtlesim_catch_them_all_interfaces/local/lib/python3.10/dist-packages/turtlesim_catch_them_all_interfaces/libturtlesim_catch_them_all_interfaces__rosidl_generator_py.so
-- Up-to-date: /home/poom/Desktop/ros2_Turtlesim_CatchThemAll_ws/install/turtlesim_catch_them_all_interfaces/local/lib/python3.10/dist-packages/turtlesim_catch_them_all_interfaces/__init__.py
-- Up-to-date: /home/poom/Desktop/ros2_Turtlesim_CatchThemAll_ws/install/turtlesim_catch_them_all_interfaces/local/lib/python3.10/dist-packages/turtlesim_catch_them_all_interfaces/msg
-- Up-to-date: /home/poom/Desktop/ros2_Turtlesim_CatchThemAll_ws/install/turtlesim_catch_them_all_interfaces/local/lib/python3.10/dist-packages/turtlesim_catch_them_all_interfaces/msg/_turtle_s.c
-- Up-to-date: /home/poom/Desktop/ros2_Turtlesim_CatchThemAll_ws/install/turtlesim_catch_them_all_interfaces/local/lib/python3.10/dist-packages/turtlesim_catch_them_all_interfaces/msg/__init__.py
-- Up-to-date: /home/poom/Desktop/ros2_Turtlesim_CatchThemAll_ws/install/turtlesim_catch_them_all_interfaces/local/lib/python3.10/dist-packages/turtlesim_catch_them_all_interfaces/msg/_turtle_array.py
-- Up-to-date: /home/poom/Desktop/ros2_Turtlesim_CatchThemAll_ws/install/turtlesim_catch_them_all_interfaces/local/lib/python3.10/dist-packages/turtlesim_catch_them_all_interfaces/msg/_turtle.py
-- Up-to-date: /home/poom/Desktop/ros2_Turtlesim_CatchThemAll_ws/install/turtlesim_catch_them_all_interfaces/local/lib/python3.10/dist-packages/turtlesim_catch_them_all_interfaces/msg/_turtle_array_s.c
-- Up-to-date: /home/poom/Desktop/ros2_Turtlesim_CatchThemAll_ws/install/turtlesim_catch_them_all_interfaces/local/lib/python3.10/dist-packages/turtlesim_catch_them_all_interfaces/turtlesim_catch_them_all_interfaces_s__rosidl_typesupport_fastrtps_c.cpython-310-x86_64-linux-gnu.so
-- Up-to-date: /home/poom/Desktop/ros2_Turtlesim_CatchThemAll_ws/install/turtlesim_catch_them_all_interfaces/local/lib/python3.10/dist-packages/turtlesim_catch_them_all_interfaces/_turtlesim_catch_them_all_interfaces_s.ep.rosidl_typesupport_introspection_c.c
-- Up-to-date: /home/poom/Desktop/ros2_Turtlesim_CatchThemAll_ws/install/turtlesim_catch_them_all_interfaces/local/lib/python3.10/dist-packages/turtlesim_catch_them_all_interfaces/_turtlesim_catch_them_all_interfaces_s.ep.rosidl_typesupport_c.c
Listing '/home/poom/Desktop/ros2_Turtlesim_CatchThemAll_ws/install/turtlesim_catch_them_all_interfaces/local/lib/python3.10/dist-packages/turtlesim_catch_them_all_interfaces'...
Listing '/home/poom/Desktop/ros2_Turtlesim_CatchThemAll_ws/install/turtlesim_catch_them_all_interfaces/local/lib/python3.10/dist-packages/turtlesim_catch_them_all_interfaces/msg'...
Listing '/home/poom/Desktop/ros2_Turtlesim_CatchThemAll_ws/install/turtlesim_catch_them_all_interfaces/local/lib/python3.10/dist-packages/turtlesim_catch_them_all_interfaces/srv'...
-- Up-to-date: /home/poom/Desktop/ros2_Turtlesim_CatchThemAll_ws/install/turtlesim_catch_them_all_interfaces/local/lib/python3.10/dist-packages/turtlesim_catch_them_all_interfaces/turtlesim_catch_them_all_interfaces_s__rosidl_typesupport_fastrtps_c.cpython-310-x86_64-linux-gnu.so
-- Up-to-date: /home/poom/Desktop/ros2_Turtlesim_CatchThemAll_ws/install/turtlesim_catch_them_all_interfaces/local/lib/python3.10/dist-packages/turtlesim_catch_them_all_interfaces/turtlesim_catch_them_all_interfaces_s__rosidl_typesupport_introspection_c.cpython-310-x86_64-linux-gnu.so
-- Up-to-date: /home/poom/Desktop/ros2_Turtlesim_CatchThemAll_ws/install/turtlesim_catch_them_all_interfaces/local/lib/python3.10/dist-packages/turtlesim_catch_them_all_interfaces/turtlesim_catch_them_all_interfaces_s__rosidl_typesupport_c.cpython-310-x86_64-linux-gnu.so
-- Up-to-date: /home/poom/Desktop/ros2_Turtlesim_CatchThemAll_ws/install/turtlesim_catch_them_all_interfaces/lib/libturtlesim_catch_them_all_interfaces__rosidl_generator_py.so
-- Up-to-date: /home/poom/Desktop/ros2_Turtlesim_CatchThemAll_ws/install/turtlesim_catch_them_all_interfaces/share/turtlesim_catch_them_all_interfaces/msg/Turtle.idl
-- Up-to-date: /home/poom/Desktop/ros2_Turtlesim_CatchThemAll_ws/install/turtlesim_catch_them_all_interfaces/share/turtlesim_catch_them_all_interfaces/msg/TurtleArray.idl
-- Up-to-date: /home/poom/Desktop/ros2_Turtlesim_CatchThemAll_ws/install/turtlesim_catch_them_all_interfaces/share/turtlesim_catch_them_all_interfaces/srv/CatchTurtle.idl
-- Up-to-date: /home/poom/Desktop/ros2_Turtlesim_CatchThemAll_ws/install/turtlesim_catch_them_all_interfaces/share/turtlesim_catch_them_all_interfaces/msg/Turtle.msg
-- Up-to-date: /home/poom/Desktop/ros2_Turtlesim_CatchThemAll_ws/install/turtlesim_catch_them_all_interfaces/share/turtlesim_catch_them_all_interfaces/msg/TurtleArray.msg
-- Up-to-date: /home/poom/Desktop/ros2_Turtlesim_CatchThemAll_ws/install/turtlesim_catch_them_all_interfaces/share/turtlesim_catch_them_all_interfaces/srv/CatchTurtle.srv
-- Up-to-date: /home/poom/Desktop/ros2_Turtlesim_CatchThemAll_ws/install/turtlesim_catch_them_all_interfaces/share/turtlesim_catch_them_all_interfaces/srv/CatchTurtle_Request.msg
-- Up-to-date: /home/poom/Desktop/ros2_Turtlesim_CatchThemAll_ws/install/turtlesim_catch_them_all_interfaces/share/turtlesim_catch_them_all_interfaces/srv/CatchTurtle_Response.msg
-- Up-to-date: /home/poom/Desktop/ros2_Turtlesim_CatchThemAll_ws/install/turtlesim_catch_them_all_interfaces/share/ament_index/resource_index/package_run_dependencies/turtlesim_catch_them_all_interfaces
-- Up-to-date: /home/poom/Desktop/ros2_Turtlesim_CatchThemAll_ws/install/turtlesim_catch_them_all_interfaces/share/ament_index/resource_index/parent_prefix_path/turtlesim_catch_them_all_interfaces
-- Up-to-date: /home/poom/Desktop/ros2_Turtlesim_CatchThemAll_ws/install/turtlesim_catch_them_all_interfaces/share/turtlesim_catch_them_all_interfaces/environment/ament_prefix_path.sh
-- Up-to-date: /home/poom/Desktop/ros2_Turtlesim_CatchThemAll_ws/install/turtlesim_catch_them_all_interfaces/share/turtlesim_catch_them_all_interfaces/environment/ament_prefix_path.dsv
-- Up-to-date: /home/poom/Desktop/ros2_Turtlesim_CatchThemAll_ws/install/turtlesim_catch_them_all_interfaces/share/turtlesim_catch_them_all_interfaces/environment/path.sh
-- Up-to-date: /home/poom/Desktop/ros2_Turtlesim_CatchThemAll_ws/install/turtlesim_catch_them_all_interfaces/share/turtlesim_catch_them_all_interfaces/environment/path.dsv
-- Up-to-date: /home/poom/Desktop/ros2_Turtlesim_CatchThemAll_ws/install/turtlesim_catch_them_all_interfaces/share/turtlesim_catch_them_all_interfaces/local_setup.bash
-- Up-to-date: /home/poom/Desktop/ros2_Turtlesim_CatchThemAll_ws/install/turtlesim_catch_them_all_interfaces/share/turtlesim_catch_them_all_interfaces/local_setup.sh
-- Up-to-date: /home/poom/Desktop/ros2_Turtlesim_CatchThemAll_ws/install/turtlesim_catch_them_all_interfaces/share/turtlesim_catch_them_all_interfaces/local_setup.zsh
-- Up-to-date: /home/poom/Desktop/ros2_Turtlesim_CatchThemAll_ws/install/turtlesim_catch_them_all_interfaces/share/turtlesim_catch_them_all_interfaces/local_setup.dsv
-- Installing: /home/poom/Desktop/ros2_Turtlesim_CatchThemAll_ws/install/turtlesim_catch_them_all_interfaces/share/turtlesim_catch_them_all_interfaces/package.dsv
-- Up-to-date: /home/poom/Desktop/ros2_Turtlesim_CatchThemAll_ws/install/turtlesim_catch_them_all_interfaces/share/ament_index/resource_index/packages/turtlesim_catch_them_all_interfaces
-- Up-to-date: /home/poom/Desktop/ros2_Turtlesim_CatchThemAll_ws/install/turtlesim_catch_them_all_interfaces/share/turtlesim_catch_them_all_interfaces/cmake/export_turtlesim_catch_them_all_interfaces__rosidl_generator_cExport.cmake
-- Up-to-date: /home/poom/Desktop/ros2_Turtlesim_CatchThemAll_ws/install/turtlesim_catch_them_all_interfaces/share/turtlesim_catch_them_all_interfaces/cmake/export_turtlesim_catch_them_all_interfaces__rosidl_generator_cExport-noconfig.cmake
-- Up-to-date: /home/poom/Desktop/ros2_Turtlesim_CatchThemAll_ws/install/turtlesim_catch_them_all_interfaces/share/turtlesim_catch_them_all_interfaces/cmake/export_turtlesim_catch_them_all_interfaces__rosidl_typesupport_fastrtps_cExport.cmake
-- Up-to-date: /home/poom/Desktop/ros2_Turtlesim_CatchThemAll_ws/install/turtlesim_catch_them_all_interfaces/share/turtlesim_catch_them_all_interfaces/cmake/export_turtlesim_catch_them_all_interfaces__rosidl_typesupport_fastrtps_cExport-noconfig.cmake
-- Up-to-date: /home/poom/Desktop/ros2_Turtlesim_CatchThemAll_ws/install/turtlesim_catch_them_all_interfaces/share/turtlesim_catch_them_all_interfaces/cmake/turtlesim_catch_them_all_interfaces__rosidl_typesupport_introspection_cExport.cmake
-- Up-to-date: /home/poom/Desktop/ros2_Turtlesim_CatchThemAll_ws/install/turtlesim_catch_them_all_interfaces/share/turtlesim_catch_them_all_interfaces/cmake/turtlesim_catch_them_all_interfaces__rosidl_typesupport_introspection_cExport-noconfig.cmake
-- Up-to-date: /home/poom/Desktop/ros2_Turtlesim_CatchThemAll_ws/install/turtlesim_catch_them_all_interfaces/share/turtlesim_catch_them_all_interfaces/cmake/turtlesim_catch_them_all_interfaces__rosidl_typesupport_cExport.cmake
-- Up-to-date: /home/poom/Desktop/ros2_Turtlesim_CatchThemAll_ws/install/turtlesim_catch_them_all_interfaces/share/turtlesim_catch_them_all_interfaces/cmake/turtlesim_catch_them_all_interfaces__rosidl_typesupport_cExport-noconfig.cmake
-- Up-to-date: /home/poom/Desktop/ros2_Turtlesim_CatchThemAll_ws/install/turtlesim_catch_them_all_interfaces/share/turtlesim_catch_them_all_interfaces/cmake/export_turtlesim_catch_them_all_interfaces__rosidl_generator_cppExport.cmake
-- Up-to-date: /home/poom/Desktop/ros2_Turtlesim_CatchThemAll_ws/install/turtlesim_catch_them_all_interfaces/share/turtlesim_catch_them_all_interfaces/cmake/export_turtlesim_catch_them_all_interfaces__rosidl_typesupport_fastrtps_cppExport.cmake
-- Up-to-date: /home/poom/Desktop/ros2_Turtlesim_CatchThemAll_ws/install/turtlesim_catch_them_all_interfaces/share/turtlesim_catch_them_all_interfaces/cmake/export_turtlesim_catch_them_all_interfaces__rosidl_typesupport_fastrtps_cppExport-noconfig.cmake
-- Up-to-date: /home/poom/Desktop/ros2_Turtlesim_CatchThemAll_ws/install/turtlesim_catch_them_all_interfaces/share/turtlesim_catch_them_all_interfaces/cmake/turtlesim_catch_them_all_interfaces__rosidl_typesupport_introspection_cppExport.cmake
-- Up-to-date: /home/poom/Desktop/ros2_Turtlesim_CatchThemAll_ws/install/turtlesim_catch_them_all_interfaces/share/turtlesim_catch_them_all_interfaces/cmake/turtlesim_catch_them_all_interfaces__rosidl_typesupport_introspection_cppExport-noconfig.cmake
-- Up-to-date: /home/poom/Desktop/ros2_Turtlesim_CatchThemAll_ws/install/turtlesim_catch_them_all_interfaces/share/turtlesim_catch_them_all_interfaces/cmake/turtlesim_catch_them_all_interfaces__rosidl_typesupport_cppExport.cmake
-- Up-to-date: /home/poom/Desktop/ros2_Turtlesim_CatchThemAll_ws/install/turtlesim_catch_them_all_interfaces/share/turtlesim_catch_them_all_interfaces/cmake/turtlesim_catch_them_all_interfaces__rosidl_typesupport_cppExport-noconfig.cmake
-- Up-to-date: /home/poom/Desktop/ros2_Turtlesim_CatchThemAll_ws/install/turtlesim_catch_them_all_interfaces/share/turtlesim_catch_them_all_interfaces/cmake/export_turtlesim_catch_them_all_interfaces__rosidl_generator_pyExport.cmake
-- Up-to-date: /home/poom/Desktop/ros2_Turtlesim_CatchThemAll_ws/install/turtlesim_catch_them_all_interfaces/share/turtlesim_catch_them_all_interfaces/cmake/export_turtlesim_catch_them_all_interfaces__rosidl_generator_pyExport-noconfig.cmake
-- Up-to-date: /home/poom/Desktop/ros2_Turtlesim_CatchThemAll_ws/install/turtlesim_catch_them_all_interfaces/share/turtlesim_catch_them_all_interfaces/cmake/rosidl_cmake-extras.cmake
-- Up-to-date: /home/poom/Desktop/ros2_Turtlesim_CatchThemAll_ws/install/turtlesim_catch_them_all_interfaces/share/turtlesim_catch_them_all_interfaces/cmake/ament_cmake_export_include_directories-extras.cmake
-- Up-to-date: /home/poom/Desktop/ros2_Turtlesim_CatchThemAll_ws/install/turtlesim_catch_them_all_interfaces/share/turtlesim_catch_them_all_interfaces/cmake/ament_cmake_export_libraries-extras.cmake
-- Up-to-date: /home/poom/Desktop/ros2_Turtlesim_CatchThemAll_ws/install/turtlesim_catch_them_all_interfaces/share/turtlesim_catch_them_all_interfaces/cmake/ament_cmake_export_targets-extras.cmake
-- Up-to-date: /home/poom/Desktop/ros2_Turtlesim_CatchThemAll_ws/install/turtlesim_catch_them_all_interfaces/share/turtlesim_catch_them_all_interfaces/cmake/rosidl_cmake_export_typesupport_targets-extras.cmake
-- Up-to-date: /home/poom/Desktop/ros2_Turtlesim_CatchThemAll_ws/install/turtlesim_catch_them_all_interfaces/share/turtlesim_catch_them_all_interfaces/cmake/ament_cmake_export_dependencies-extras.cmake
-- Up-to-date: /home/poom/Desktop/ros2_Turtlesim_CatchThemAll_ws/install/turtlesim_catch_them_all_interfaces/share/turtlesim_catch_them_all_interfaces/cmake/rosidl_cmake_export_typesupport_libraries-extras.cmake
-- Up-to-date: /home/poom/Desktop/ros2_Turtlesim_CatchThemAll_ws/install/turtlesim_catch_them_all_interfaces/share/turtlesim_catch_them_all_interfaces/cmake/turtlesim_catch_them_all_interfacesConfig.cmake
-- Up-to-date: /home/poom/Desktop/ros2_Turtlesim_CatchThemAll_ws/install/turtlesim_catch_them_all_interfaces/share/turtlesim_catch_them_all_interfaces/cmake/turtlesim_catch_them_all_interfacesConfig-version.cmake
-- Up-to-date: /home/poom/Desktop/ros2_Turtlesim_CatchThemAll_ws/install/turtlesim_catch_them_all_interfaces/share/turtlesim_catch_them_all_interfaces/package.xml
