[0.401s] Invoking command in '/home/poom/Desktop/ros2_Turtlesim_CatchThemAll_ws/src/turtlesim_catch_them_all': PYTHONPATH=/home/poom/Desktop/ros2_Turtlesim_CatchThemAll_ws/build/turtlesim_catch_them_all/prefix_override:/usr/lib/python3/dist-packages/colcon_core/task/python/colcon_distutils_commands:/home/poom/Desktop/ros2_Turtlesim_CatchThemAll_ws/install/turtlesim_catch_them_all/lib/python3.10/site-packages:${PYTHONPATH} /usr/bin/python3 -W ignore:setup.py install is deprecated setup.py egg_info --egg-base ../../build/turtlesim_catch_them_all build --build-base /home/poom/Desktop/ros2_Turtlesim_CatchThemAll_ws/build/turtlesim_catch_them_all/build install --record /home/poom/Desktop/ros2_Turtlesim_CatchThemAll_ws/build/turtlesim_catch_them_all/install.log --single-version-externally-managed install_data
[0.571s] running egg_info
[0.571s] writing ../../build/turtlesim_catch_them_all/turtlesim_catch_them_all.egg-info/PKG-INFO
[0.572s] writing dependency_links to ../../build/turtlesim_catch_them_all/turtlesim_catch_them_all.egg-info/dependency_links.txt
[0.572s] writing entry points to ../../build/turtlesim_catch_them_all/turtlesim_catch_them_all.egg-info/entry_points.txt
[0.572s] writing requirements to ../../build/turtlesim_catch_them_all/turtlesim_catch_them_all.egg-info/requires.txt
[0.572s] writing top-level names to ../../build/turtlesim_catch_them_all/turtlesim_catch_them_all.egg-info/top_level.txt
[0.573s] reading manifest file '../../build/turtlesim_catch_them_all/turtlesim_catch_them_all.egg-info/SOURCES.txt'
[0.574s] writing manifest file '../../build/turtlesim_catch_them_all/turtlesim_catch_them_all.egg-info/SOURCES.txt'
[0.574s] running build
[0.574s] running build_py
[0.574s] copying turtlesim_catch_them_all/turtle_controller.py -> /home/poom/Desktop/ros2_Turtlesim_CatchThemAll_ws/build/turtlesim_catch_them_all/build/lib/turtlesim_catch_them_all
[0.574s] running install
[0.575s] running install_lib
[0.575s] copying /home/poom/Desktop/ros2_Turtlesim_CatchThemAll_ws/build/turtlesim_catch_them_all/build/lib/turtlesim_catch_them_all/turtle_controller.py -> /home/poom/Desktop/ros2_Turtlesim_CatchThemAll_ws/install/turtlesim_catch_them_all/lib/python3.10/site-packages/turtlesim_catch_them_all
[0.575s] byte-compiling /home/poom/Desktop/ros2_Turtlesim_CatchThemAll_ws/install/turtlesim_catch_them_all/lib/python3.10/site-packages/turtlesim_catch_them_all/turtle_controller.py to turtle_controller.cpython-310.pyc
[0.576s] running install_data
[0.576s] running install_egg_info
[0.577s] removing '/home/poom/Desktop/ros2_Turtlesim_CatchThemAll_ws/install/turtlesim_catch_them_all/lib/python3.10/site-packages/turtlesim_catch_them_all-0.0.0-py3.10.egg-info' (and everything under it)
[0.580s] Copying ../../build/turtlesim_catch_them_all/turtlesim_catch_them_all.egg-info to /home/poom/Desktop/ros2_Turtlesim_CatchThemAll_ws/install/turtlesim_catch_them_all/lib/python3.10/site-packages/turtlesim_catch_them_all-0.0.0-py3.10.egg-info
[0.580s] running install_scripts
[0.591s] Installing turtle_controller script to /home/poom/Desktop/ros2_Turtlesim_CatchThemAll_ws/install/turtlesim_catch_them_all/lib/turtlesim_catch_them_all
[0.591s] Installing turtle_spawner script to /home/poom/Desktop/ros2_Turtlesim_CatchThemAll_ws/install/turtlesim_catch_them_all/lib/turtlesim_catch_them_all
[0.592s] writing list of installed files to '/home/poom/Desktop/ros2_Turtlesim_CatchThemAll_ws/build/turtlesim_catch_them_all/install.log'
[0.607s] Invoked command in '/home/poom/Desktop/ros2_Turtlesim_CatchThemAll_ws/src/turtlesim_catch_them_all' returned '0': PYTHONPATH=/home/poom/Desktop/ros2_Turtlesim_CatchThemAll_ws/build/turtlesim_catch_them_all/prefix_override:/usr/lib/python3/dist-packages/colcon_core/task/python/colcon_distutils_commands:/home/poom/Desktop/ros2_Turtlesim_CatchThemAll_ws/install/turtlesim_catch_them_all/lib/python3.10/site-packages:${PYTHONPATH} /usr/bin/python3 -W ignore:setup.py install is deprecated setup.py egg_info --egg-base ../../build/turtlesim_catch_them_all build --build-base /home/poom/Desktop/ros2_Turtlesim_CatchThemAll_ws/build/turtlesim_catch_them_all/build install --record /home/poom/Desktop/ros2_Turtlesim_CatchThemAll_ws/build/turtlesim_catch_them_all/install.log --single-version-externally-managed install_data
