[0.090s] DEBUG:colcon:Command line arguments: ['/usr/bin/colcon', 'build']
[0.090s] DEBUG:colcon:Parsed command line arguments: Namespace(log_base=None, log_level=None, verb_name='build', build_base='build', install_base='install', merge_install=False, symlink_install=False, test_result_base=None, continue_on_error=False, executor='parallel', parallel_workers=16, event_handlers=None, ignore_user_meta=False, metas=['./colcon.meta'], base_paths=['.'], packages_ignore=None, packages_ignore_regex=None, paths=None, packages_up_to=None, packages_up_to_regex=None, packages_above=None, packages_above_and_dependencies=None, packages_above_depth=None, packages_select_by_dep=None, packages_skip_by_dep=None, packages_skip_up_to=None, packages_select_build_failed=False, packages_skip_build_finished=False, packages_select_test_failures=False, packages_skip_test_passed=False, packages_select=None, packages_skip=None, packages_select_regex=None, packages_skip_regex=None, packages_start=None, packages_end=None, allow_overriding=[], cmake_args=None, cmake_target=None, cmake_target_skip_unavailable=False, cmake_clean_cache=False, cmake_clean_first=False, cmake_force_configure=False, ament_cmake_args=None, catkin_cmake_args=None, catkin_skip_building_tests=False, verb_parser=<colcon_defaults.argument_parser.defaults.DefaultArgumentsDecorator object at 0x7d44fe33c460>, verb_extension=<colcon_core.verb.build.BuildVerb object at 0x7d44fe4b1d50>, main=<bound method BuildVerb.main of <colcon_core.verb.build.BuildVerb object at 0x7d44fe4b1d50>>)
[0.209s] Level 1:colcon.colcon_core.package_discovery:discover_packages(colcon_meta) check parameters
[0.209s] Level 1:colcon.colcon_core.package_discovery:discover_packages(recursive) check parameters
[0.209s] Level 1:colcon.colcon_core.package_discovery:discover_packages(ignore) check parameters
[0.209s] Level 1:colcon.colcon_core.package_discovery:discover_packages(path) check parameters
[0.209s] Level 1:colcon.colcon_core.package_discovery:discover_packages(colcon_meta) discover
[0.209s] Level 1:colcon.colcon_core.package_discovery:discover_packages(recursive) discover
[0.209s] INFO:colcon.colcon_core.package_discovery:Crawling recursively for packages in '/home/poom/Desktop/ros2_Turtlesim_CatchThemAll_ws'
[0.209s] Level 1:colcon.colcon_core.package_identification:_identify(.) by extensions ['ignore', 'ignore_ament_install']
[0.209s] Level 1:colcon.colcon_core.package_identification:_identify(.) by extension 'ignore'
[0.209s] Level 1:colcon.colcon_core.package_identification:_identify(.) by extension 'ignore_ament_install'
[0.209s] Level 1:colcon.colcon_core.package_identification:_identify(.) by extensions ['colcon_pkg']
[0.209s] Level 1:colcon.colcon_core.package_identification:_identify(.) by extension 'colcon_pkg'
[0.209s] Level 1:colcon.colcon_core.package_identification:_identify(.) by extensions ['colcon_meta']
[0.209s] Level 1:colcon.colcon_core.package_identification:_identify(.) by extension 'colcon_meta'
[0.209s] Level 1:colcon.colcon_core.package_identification:_identify(.) by extensions ['ros']
[0.209s] Level 1:colcon.colcon_core.package_identification:_identify(.) by extension 'ros'
[0.216s] Level 1:colcon.colcon_core.package_identification:_identify(.) by extensions ['cmake', 'python']
[0.216s] Level 1:colcon.colcon_core.package_identification:_identify(.) by extension 'cmake'
[0.216s] Level 1:colcon.colcon_core.package_identification:_identify(.) by extension 'python'
[0.216s] Level 1:colcon.colcon_core.package_identification:_identify(.) by extensions ['python_setup_py']
[0.216s] Level 1:colcon.colcon_core.package_identification:_identify(.) by extension 'python_setup_py'
[0.216s] Level 1:colcon.colcon_core.package_identification:_identify(build) by extensions ['ignore', 'ignore_ament_install']
[0.216s] Level 1:colcon.colcon_core.package_identification:_identify(build) by extension 'ignore'
[0.216s] Level 1:colcon.colcon_core.package_identification:_identify(build) ignored
[0.216s] Level 1:colcon.colcon_core.package_identification:_identify(install) by extensions ['ignore', 'ignore_ament_install']
[0.217s] Level 1:colcon.colcon_core.package_identification:_identify(install) by extension 'ignore'
[0.217s] Level 1:colcon.colcon_core.package_identification:_identify(install) ignored
[0.217s] Level 1:colcon.colcon_core.package_identification:_identify(log) by extensions ['ignore', 'ignore_ament_install']
[0.217s] Level 1:colcon.colcon_core.package_identification:_identify(log) by extension 'ignore'
[0.217s] Level 1:colcon.colcon_core.package_identification:_identify(log) ignored
[0.217s] Level 1:colcon.colcon_core.package_identification:_identify(src) by extensions ['ignore', 'ignore_ament_install']
[0.217s] Level 1:colcon.colcon_core.package_identification:_identify(src) by extension 'ignore'
[0.217s] Level 1:colcon.colcon_core.package_identification:_identify(src) by extension 'ignore_ament_install'
[0.217s] Level 1:colcon.colcon_core.package_identification:_identify(src) by extensions ['colcon_pkg']
[0.217s] Level 1:colcon.colcon_core.package_identification:_identify(src) by extension 'colcon_pkg'
[0.217s] Level 1:colcon.colcon_core.package_identification:_identify(src) by extensions ['colcon_meta']
[0.217s] Level 1:colcon.colcon_core.package_identification:_identify(src) by extension 'colcon_meta'
[0.217s] Level 1:colcon.colcon_core.package_identification:_identify(src) by extensions ['ros']
[0.217s] Level 1:colcon.colcon_core.package_identification:_identify(src) by extension 'ros'
[0.217s] Level 1:colcon.colcon_core.package_identification:_identify(src) by extensions ['cmake', 'python']
[0.217s] Level 1:colcon.colcon_core.package_identification:_identify(src) by extension 'cmake'
[0.217s] Level 1:colcon.colcon_core.package_identification:_identify(src) by extension 'python'
[0.217s] Level 1:colcon.colcon_core.package_identification:_identify(src) by extensions ['python_setup_py']
[0.217s] Level 1:colcon.colcon_core.package_identification:_identify(src) by extension 'python_setup_py'
[0.217s] Level 1:colcon.colcon_core.package_identification:_identify(src/turtlesim_catch_them_all) by extensions ['ignore', 'ignore_ament_install']
[0.217s] Level 1:colcon.colcon_core.package_identification:_identify(src/turtlesim_catch_them_all) by extension 'ignore'
[0.217s] Level 1:colcon.colcon_core.package_identification:_identify(src/turtlesim_catch_them_all) by extension 'ignore_ament_install'
[0.217s] Level 1:colcon.colcon_core.package_identification:_identify(src/turtlesim_catch_them_all) by extensions ['colcon_pkg']
[0.217s] Level 1:colcon.colcon_core.package_identification:_identify(src/turtlesim_catch_them_all) by extension 'colcon_pkg'
[0.217s] Level 1:colcon.colcon_core.package_identification:_identify(src/turtlesim_catch_them_all) by extensions ['colcon_meta']
[0.217s] Level 1:colcon.colcon_core.package_identification:_identify(src/turtlesim_catch_them_all) by extension 'colcon_meta'
[0.217s] Level 1:colcon.colcon_core.package_identification:_identify(src/turtlesim_catch_them_all) by extensions ['ros']
[0.217s] Level 1:colcon.colcon_core.package_identification:_identify(src/turtlesim_catch_them_all) by extension 'ros'
[0.219s] DEBUG:colcon.colcon_core.package_identification:Package 'src/turtlesim_catch_them_all' with type 'ros.ament_python' and name 'turtlesim_catch_them_all'
[0.219s] Level 1:colcon.colcon_core.package_identification:_identify(src/turtlesim_catch_them_all_bringup) by extensions ['ignore', 'ignore_ament_install']
[0.219s] Level 1:colcon.colcon_core.package_identification:_identify(src/turtlesim_catch_them_all_bringup) by extension 'ignore'
[0.219s] Level 1:colcon.colcon_core.package_identification:_identify(src/turtlesim_catch_them_all_bringup) by extension 'ignore_ament_install'
[0.219s] Level 1:colcon.colcon_core.package_identification:_identify(src/turtlesim_catch_them_all_bringup) by extensions ['colcon_pkg']
[0.219s] Level 1:colcon.colcon_core.package_identification:_identify(src/turtlesim_catch_them_all_bringup) by extension 'colcon_pkg'
[0.219s] Level 1:colcon.colcon_core.package_identification:_identify(src/turtlesim_catch_them_all_bringup) by extensions ['colcon_meta']
[0.219s] Level 1:colcon.colcon_core.package_identification:_identify(src/turtlesim_catch_them_all_bringup) by extension 'colcon_meta'
[0.219s] Level 1:colcon.colcon_core.package_identification:_identify(src/turtlesim_catch_them_all_bringup) by extensions ['ros']
[0.219s] Level 1:colcon.colcon_core.package_identification:_identify(src/turtlesim_catch_them_all_bringup) by extension 'ros'
[0.219s] DEBUG:colcon.colcon_core.package_identification:Package 'src/turtlesim_catch_them_all_bringup' with type 'ros.ament_cmake' and name 'turtlesim_catch_them_all_bringup'
[0.219s] Level 1:colcon.colcon_core.package_identification:_identify(src/turtlesim_catch_them_all_interfaces) by extensions ['ignore', 'ignore_ament_install']
[0.220s] Level 1:colcon.colcon_core.package_identification:_identify(src/turtlesim_catch_them_all_interfaces) by extension 'ignore'
[0.220s] Level 1:colcon.colcon_core.package_identification:_identify(src/turtlesim_catch_them_all_interfaces) by extension 'ignore_ament_install'
[0.220s] Level 1:colcon.colcon_core.package_identification:_identify(src/turtlesim_catch_them_all_interfaces) by extensions ['colcon_pkg']
[0.220s] Level 1:colcon.colcon_core.package_identification:_identify(src/turtlesim_catch_them_all_interfaces) by extension 'colcon_pkg'
[0.220s] Level 1:colcon.colcon_core.package_identification:_identify(src/turtlesim_catch_them_all_interfaces) by extensions ['colcon_meta']
[0.220s] Level 1:colcon.colcon_core.package_identification:_identify(src/turtlesim_catch_them_all_interfaces) by extension 'colcon_meta'
[0.220s] Level 1:colcon.colcon_core.package_identification:_identify(src/turtlesim_catch_them_all_interfaces) by extensions ['ros']
[0.220s] Level 1:colcon.colcon_core.package_identification:_identify(src/turtlesim_catch_them_all_interfaces) by extension 'ros'
[0.220s] DEBUG:colcon.colcon_core.package_identification:Package 'src/turtlesim_catch_them_all_interfaces' with type 'ros.ament_cmake' and name 'turtlesim_catch_them_all_interfaces'
[0.220s] Level 1:colcon.colcon_core.package_discovery:discover_packages(recursive) using defaults
[0.220s] Level 1:colcon.colcon_core.package_discovery:discover_packages(ignore) discover
[0.220s] Level 1:colcon.colcon_core.package_discovery:discover_packages(ignore) using defaults
[0.220s] Level 1:colcon.colcon_core.package_discovery:discover_packages(path) discover
[0.220s] Level 1:colcon.colcon_core.package_discovery:discover_packages(path) using defaults
[0.234s] Level 1:colcon.colcon_core.package_discovery:discover_packages(prefix_path) check parameters
[0.234s] Level 1:colcon.colcon_core.package_discovery:discover_packages(prefix_path) discover
[0.237s] DEBUG:colcon.colcon_installed_package_information.package_discovery:Found 2 installed packages in /home/poom/Desktop/ros2_Turtlesim_CatchThemAll_ws/install
[0.237s] DEBUG:colcon.colcon_installed_package_information.package_discovery:Found 4 installed packages in /home/poom/Desktop/ROS2_MiniProject/ros2_ws/install
[0.237s] DEBUG:colcon.colcon_installed_package_information.package_discovery:Found 2 installed packages in /home/poom/ros2_ws/install
[0.238s] DEBUG:colcon.colcon_installed_package_information.package_discovery:Found 270 installed packages in /opt/ros/humble
[0.238s] Level 1:colcon.colcon_core.package_discovery:discover_packages(prefix_path) using defaults
[0.257s] Level 5:colcon.colcon_core.verb:set package 'turtlesim_catch_them_all_interfaces' build argument 'cmake_args' from command line to 'None'
[0.257s] Level 5:colcon.colcon_core.verb:set package 'turtlesim_catch_them_all_interfaces' build argument 'cmake_target' from command line to 'None'
[0.257s] Level 5:colcon.colcon_core.verb:set package 'turtlesim_catch_them_all_interfaces' build argument 'cmake_target_skip_unavailable' from command line to 'False'
[0.257s] Level 5:colcon.colcon_core.verb:set package 'turtlesim_catch_them_all_interfaces' build argument 'cmake_clean_cache' from command line to 'False'
[0.257s] Level 5:colcon.colcon_core.verb:set package 'turtlesim_catch_them_all_interfaces' build argument 'cmake_clean_first' from command line to 'False'
[0.257s] Level 5:colcon.colcon_core.verb:set package 'turtlesim_catch_them_all_interfaces' build argument 'cmake_force_configure' from command line to 'False'
[0.257s] Level 5:colcon.colcon_core.verb:set package 'turtlesim_catch_them_all_interfaces' build argument 'ament_cmake_args' from command line to 'None'
[0.257s] Level 5:colcon.colcon_core.verb:set package 'turtlesim_catch_them_all_interfaces' build argument 'catkin_cmake_args' from command line to 'None'
[0.257s] Level 5:colcon.colcon_core.verb:set package 'turtlesim_catch_them_all_interfaces' build argument 'catkin_skip_building_tests' from command line to 'False'
[0.257s] DEBUG:colcon.colcon_core.verb:Building package 'turtlesim_catch_them_all_interfaces' with the following arguments: {'ament_cmake_args': None, 'build_base': '/home/poom/Desktop/ros2_Turtlesim_CatchThemAll_ws/build/turtlesim_catch_them_all_interfaces', 'catkin_cmake_args': None, 'catkin_skip_building_tests': False, 'cmake_args': None, 'cmake_clean_cache': False, 'cmake_clean_first': False, 'cmake_force_configure': False, 'cmake_target': None, 'cmake_target_skip_unavailable': False, 'install_base': '/home/poom/Desktop/ros2_Turtlesim_CatchThemAll_ws/install/turtlesim_catch_them_all_interfaces', 'merge_install': False, 'path': '/home/poom/Desktop/ros2_Turtlesim_CatchThemAll_ws/src/turtlesim_catch_them_all_interfaces', 'symlink_install': False, 'test_result_base': None}
[0.257s] Level 5:colcon.colcon_core.verb:set package 'turtlesim_catch_them_all' build argument 'cmake_args' from command line to 'None'
[0.257s] Level 5:colcon.colcon_core.verb:set package 'turtlesim_catch_them_all' build argument 'cmake_target' from command line to 'None'
[0.257s] Level 5:colcon.colcon_core.verb:set package 'turtlesim_catch_them_all' build argument 'cmake_target_skip_unavailable' from command line to 'False'
[0.257s] Level 5:colcon.colcon_core.verb:set package 'turtlesim_catch_them_all' build argument 'cmake_clean_cache' from command line to 'False'
[0.257s] Level 5:colcon.colcon_core.verb:set package 'turtlesim_catch_them_all' build argument 'cmake_clean_first' from command line to 'False'
[0.257s] Level 5:colcon.colcon_core.verb:set package 'turtlesim_catch_them_all' build argument 'cmake_force_configure' from command line to 'False'
[0.257s] Level 5:colcon.colcon_core.verb:set package 'turtlesim_catch_them_all' build argument 'ament_cmake_args' from command line to 'None'
[0.257s] Level 5:colcon.colcon_core.verb:set package 'turtlesim_catch_them_all' build argument 'catkin_cmake_args' from command line to 'None'
[0.257s] Level 5:colcon.colcon_core.verb:set package 'turtlesim_catch_them_all' build argument 'catkin_skip_building_tests' from command line to 'False'
[0.257s] DEBUG:colcon.colcon_core.verb:Building package 'turtlesim_catch_them_all' with the following arguments: {'ament_cmake_args': None, 'build_base': '/home/poom/Desktop/ros2_Turtlesim_CatchThemAll_ws/build/turtlesim_catch_them_all', 'catkin_cmake_args': None, 'catkin_skip_building_tests': False, 'cmake_args': None, 'cmake_clean_cache': False, 'cmake_clean_first': False, 'cmake_force_configure': False, 'cmake_target': None, 'cmake_target_skip_unavailable': False, 'install_base': '/home/poom/Desktop/ros2_Turtlesim_CatchThemAll_ws/install/turtlesim_catch_them_all', 'merge_install': False, 'path': '/home/poom/Desktop/ros2_Turtlesim_CatchThemAll_ws/src/turtlesim_catch_them_all', 'symlink_install': False, 'test_result_base': None}
[0.258s] Level 5:colcon.colcon_core.verb:set package 'turtlesim_catch_them_all_bringup' build argument 'cmake_args' from command line to 'None'
[0.258s] Level 5:colcon.colcon_core.verb:set package 'turtlesim_catch_them_all_bringup' build argument 'cmake_target' from command line to 'None'
[0.258s] Level 5:colcon.colcon_core.verb:set package 'turtlesim_catch_them_all_bringup' build argument 'cmake_target_skip_unavailable' from command line to 'False'
[0.258s] Level 5:colcon.colcon_core.verb:set package 'turtlesim_catch_them_all_bringup' build argument 'cmake_clean_cache' from command line to 'False'
[0.258s] Level 5:colcon.colcon_core.verb:set package 'turtlesim_catch_them_all_bringup' build argument 'cmake_clean_first' from command line to 'False'
[0.258s] Level 5:colcon.colcon_core.verb:set package 'turtlesim_catch_them_all_bringup' build argument 'cmake_force_configure' from command line to 'False'
[0.258s] Level 5:colcon.colcon_core.verb:set package 'turtlesim_catch_them_all_bringup' build argument 'ament_cmake_args' from command line to 'None'
[0.258s] Level 5:colcon.colcon_core.verb:set package 'turtlesim_catch_them_all_bringup' build argument 'catkin_cmake_args' from command line to 'None'
[0.258s] Level 5:colcon.colcon_core.verb:set package 'turtlesim_catch_them_all_bringup' build argument 'catkin_skip_building_tests' from command line to 'False'
[0.258s] DEBUG:colcon.colcon_core.verb:Building package 'turtlesim_catch_them_all_bringup' with the following arguments: {'ament_cmake_args': None, 'build_base': '/home/poom/Desktop/ros2_Turtlesim_CatchThemAll_ws/build/turtlesim_catch_them_all_bringup', 'catkin_cmake_args': None, 'catkin_skip_building_tests': False, 'cmake_args': None, 'cmake_clean_cache': False, 'cmake_clean_first': False, 'cmake_force_configure': False, 'cmake_target': None, 'cmake_target_skip_unavailable': False, 'install_base': '/home/poom/Desktop/ros2_Turtlesim_CatchThemAll_ws/install/turtlesim_catch_them_all_bringup', 'merge_install': False, 'path': '/home/poom/Desktop/ros2_Turtlesim_CatchThemAll_ws/src/turtlesim_catch_them_all_bringup', 'symlink_install': False, 'test_result_base': None}
[0.258s] INFO:colcon.colcon_core.executor:Executing jobs using 'parallel' executor
[0.258s] DEBUG:colcon.colcon_parallel_executor.executor.parallel:run_until_complete
[0.258s] INFO:colcon.colcon_ros.task.ament_cmake.build:Building ROS package in '/home/poom/Desktop/ros2_Turtlesim_CatchThemAll_ws/src/turtlesim_catch_them_all_interfaces' with build type 'ament_cmake'
[0.258s] INFO:colcon.colcon_cmake.task.cmake.build:Building CMake package in '/home/poom/Desktop/ros2_Turtlesim_CatchThemAll_ws/src/turtlesim_catch_them_all_interfaces'
[0.261s] INFO:colcon.colcon_core.plugin_system:Skipping extension 'colcon_core.shell.bat': Not used on non-Windows systems
[0.261s] INFO:colcon.colcon_core.shell:Skip shell extension 'powershell' for command environment: Not usable outside of PowerShell
[0.261s] DEBUG:colcon.colcon_core.shell:Skip shell extension 'dsv' for command environment
[0.265s] DEBUG:colcon.colcon_core.event_handler.log_command:Invoking command in '/home/poom/Desktop/ros2_Turtlesim_CatchThemAll_ws/build/turtlesim_catch_them_all_interfaces': CMAKE_PREFIX_PATH=${CMAKE_PREFIX_PATH}:/home/poom/Desktop/ros2_Turtlesim_CatchThemAll_ws/install/turtlesim_catch_them_all:/home/poom/Desktop/ROS2_MiniProject/ros2_ws/install/my_py_pkg:/home/poom/ros2_ws/install/my_py_pkg:/opt/ros/humble /usr/bin/cmake --build /home/poom/Desktop/ros2_Turtlesim_CatchThemAll_ws/build/turtlesim_catch_them_all_interfaces -- -j16 -l16
[0.503s] DEBUG:colcon.colcon_core.event_handler.log_command:Invoked command in '/home/poom/Desktop/ros2_Turtlesim_CatchThemAll_ws/build/turtlesim_catch_them_all_interfaces' returned '0': CMAKE_PREFIX_PATH=${CMAKE_PREFIX_PATH}:/home/poom/Desktop/ros2_Turtlesim_CatchThemAll_ws/install/turtlesim_catch_them_all:/home/poom/Desktop/ROS2_MiniProject/ros2_ws/install/my_py_pkg:/home/poom/ros2_ws/install/my_py_pkg:/opt/ros/humble /usr/bin/cmake --build /home/poom/Desktop/ros2_Turtlesim_CatchThemAll_ws/build/turtlesim_catch_them_all_interfaces -- -j16 -l16
[0.565s] DEBUG:colcon.colcon_core.event_handler.log_command:Invoking command in '/home/poom/Desktop/ros2_Turtlesim_CatchThemAll_ws/build/turtlesim_catch_them_all_interfaces': CMAKE_PREFIX_PATH=${CMAKE_PREFIX_PATH}:/home/poom/Desktop/ros2_Turtlesim_CatchThemAll_ws/install/turtlesim_catch_them_all:/home/poom/Desktop/ROS2_MiniProject/ros2_ws/install/my_py_pkg:/home/poom/ros2_ws/install/my_py_pkg:/opt/ros/humble /usr/bin/cmake --install /home/poom/Desktop/ros2_Turtlesim_CatchThemAll_ws/build/turtlesim_catch_them_all_interfaces
[0.629s] Level 1:colcon.colcon_core.environment:create_environment_scripts_only(turtlesim_catch_them_all_interfaces)
[0.630s] DEBUG:colcon.colcon_core.event_handler.log_command:Invoked command in '/home/poom/Desktop/ros2_Turtlesim_CatchThemAll_ws/build/turtlesim_catch_them_all_interfaces' returned '0': CMAKE_PREFIX_PATH=${CMAKE_PREFIX_PATH}:/home/poom/Desktop/ros2_Turtlesim_CatchThemAll_ws/install/turtlesim_catch_them_all:/home/poom/Desktop/ROS2_MiniProject/ros2_ws/install/my_py_pkg:/home/poom/ros2_ws/install/my_py_pkg:/opt/ros/humble /usr/bin/cmake --install /home/poom/Desktop/ros2_Turtlesim_CatchThemAll_ws/build/turtlesim_catch_them_all_interfaces
[0.636s] Level 1:colcon.colcon_core.environment:checking '/home/poom/Desktop/ros2_Turtlesim_CatchThemAll_ws/install/turtlesim_catch_them_all_interfaces' for CMake module files
[0.636s] Level 1:colcon.colcon_core.environment:checking '/home/poom/Desktop/ros2_Turtlesim_CatchThemAll_ws/install/turtlesim_catch_them_all_interfaces' for CMake config files
[0.636s] Level 1:colcon.colcon_core.shell:create_environment_hook('turtlesim_catch_them_all_interfaces', 'cmake_prefix_path')
[0.636s] INFO:colcon.colcon_core.shell:Creating environment hook '/home/poom/Desktop/ros2_Turtlesim_CatchThemAll_ws/install/turtlesim_catch_them_all_interfaces/share/turtlesim_catch_them_all_interfaces/hook/cmake_prefix_path.ps1'
[0.642s] INFO:colcon.colcon_core.shell:Creating environment descriptor '/home/poom/Desktop/ros2_Turtlesim_CatchThemAll_ws/install/turtlesim_catch_them_all_interfaces/share/turtlesim_catch_them_all_interfaces/hook/cmake_prefix_path.dsv'
[0.642s] INFO:colcon.colcon_core.shell:Creating environment hook '/home/poom/Desktop/ros2_Turtlesim_CatchThemAll_ws/install/turtlesim_catch_them_all_interfaces/share/turtlesim_catch_them_all_interfaces/hook/cmake_prefix_path.sh'
[0.643s] Level 1:colcon.colcon_core.environment:checking '/home/poom/Desktop/ros2_Turtlesim_CatchThemAll_ws/install/turtlesim_catch_them_all_interfaces/lib'
[0.643s] Level 1:colcon.colcon_core.shell:create_environment_hook('turtlesim_catch_them_all_interfaces', 'ld_library_path_lib')
[0.643s] INFO:colcon.colcon_core.shell:Creating environment hook '/home/poom/Desktop/ros2_Turtlesim_CatchThemAll_ws/install/turtlesim_catch_them_all_interfaces/share/turtlesim_catch_them_all_interfaces/hook/ld_library_path_lib.ps1'
[0.643s] INFO:colcon.colcon_core.shell:Creating environment descriptor '/home/poom/Desktop/ros2_Turtlesim_CatchThemAll_ws/install/turtlesim_catch_them_all_interfaces/share/turtlesim_catch_them_all_interfaces/hook/ld_library_path_lib.dsv'
[0.643s] INFO:colcon.colcon_core.shell:Creating environment hook '/home/poom/Desktop/ros2_Turtlesim_CatchThemAll_ws/install/turtlesim_catch_them_all_interfaces/share/turtlesim_catch_them_all_interfaces/hook/ld_library_path_lib.sh'
[0.643s] Level 1:colcon.colcon_core.environment:checking '/home/poom/Desktop/ros2_Turtlesim_CatchThemAll_ws/install/turtlesim_catch_them_all_interfaces/bin'
[0.644s] Level 1:colcon.colcon_core.environment:checking '/home/poom/Desktop/ros2_Turtlesim_CatchThemAll_ws/install/turtlesim_catch_them_all_interfaces/lib/pkgconfig/turtlesim_catch_them_all_interfaces.pc'
[0.644s] Level 1:colcon.colcon_core.environment:checking '/home/poom/Desktop/ros2_Turtlesim_CatchThemAll_ws/install/turtlesim_catch_them_all_interfaces/lib/python3.10/site-packages'
[0.644s] Level 1:colcon.colcon_core.environment:checking '/home/poom/Desktop/ros2_Turtlesim_CatchThemAll_ws/install/turtlesim_catch_them_all_interfaces/bin'
[0.644s] INFO:colcon.colcon_core.shell:Creating package script '/home/poom/Desktop/ros2_Turtlesim_CatchThemAll_ws/install/turtlesim_catch_them_all_interfaces/share/turtlesim_catch_them_all_interfaces/package.ps1'
[0.644s] INFO:colcon.colcon_core.shell:Creating package descriptor '/home/poom/Desktop/ros2_Turtlesim_CatchThemAll_ws/install/turtlesim_catch_them_all_interfaces/share/turtlesim_catch_them_all_interfaces/package.dsv'
[0.645s] INFO:colcon.colcon_core.shell:Creating package script '/home/poom/Desktop/ros2_Turtlesim_CatchThemAll_ws/install/turtlesim_catch_them_all_interfaces/share/turtlesim_catch_them_all_interfaces/package.sh'
[0.645s] INFO:colcon.colcon_core.shell:Creating package script '/home/poom/Desktop/ros2_Turtlesim_CatchThemAll_ws/install/turtlesim_catch_them_all_interfaces/share/turtlesim_catch_them_all_interfaces/package.bash'
[0.646s] INFO:colcon.colcon_core.shell:Creating package script '/home/poom/Desktop/ros2_Turtlesim_CatchThemAll_ws/install/turtlesim_catch_them_all_interfaces/share/turtlesim_catch_them_all_interfaces/package.zsh'
[0.646s] Level 1:colcon.colcon_core.environment:create_file_with_runtime_dependencies(/home/poom/Desktop/ros2_Turtlesim_CatchThemAll_ws/install/turtlesim_catch_them_all_interfaces/share/colcon-core/packages/turtlesim_catch_them_all_interfaces)
[0.707s] Level 1:colcon.colcon_core.environment:create_environment_scripts_only(turtlesim_catch_them_all_interfaces)
[0.707s] Level 1:colcon.colcon_core.environment:checking '/home/poom/Desktop/ros2_Turtlesim_CatchThemAll_ws/install/turtlesim_catch_them_all_interfaces' for CMake module files
[0.708s] Level 1:colcon.colcon_core.environment:checking '/home/poom/Desktop/ros2_Turtlesim_CatchThemAll_ws/install/turtlesim_catch_them_all_interfaces' for CMake config files
[0.708s] Level 1:colcon.colcon_core.shell:create_environment_hook('turtlesim_catch_them_all_interfaces', 'cmake_prefix_path')
[0.708s] INFO:colcon.colcon_core.shell:Creating environment hook '/home/poom/Desktop/ros2_Turtlesim_CatchThemAll_ws/install/turtlesim_catch_them_all_interfaces/share/turtlesim_catch_them_all_interfaces/hook/cmake_prefix_path.ps1'
[0.708s] INFO:colcon.colcon_core.shell:Creating environment descriptor '/home/poom/Desktop/ros2_Turtlesim_CatchThemAll_ws/install/turtlesim_catch_them_all_interfaces/share/turtlesim_catch_them_all_interfaces/hook/cmake_prefix_path.dsv'
[0.709s] INFO:colcon.colcon_core.shell:Creating environment hook '/home/poom/Desktop/ros2_Turtlesim_CatchThemAll_ws/install/turtlesim_catch_them_all_interfaces/share/turtlesim_catch_them_all_interfaces/hook/cmake_prefix_path.sh'
[0.709s] Level 1:colcon.colcon_core.environment:checking '/home/poom/Desktop/ros2_Turtlesim_CatchThemAll_ws/install/turtlesim_catch_them_all_interfaces/lib'
[0.709s] Level 1:colcon.colcon_core.shell:create_environment_hook('turtlesim_catch_them_all_interfaces', 'ld_library_path_lib')
[0.709s] INFO:colcon.colcon_core.shell:Creating environment hook '/home/poom/Desktop/ros2_Turtlesim_CatchThemAll_ws/install/turtlesim_catch_them_all_interfaces/share/turtlesim_catch_them_all_interfaces/hook/ld_library_path_lib.ps1'
[0.710s] INFO:colcon.colcon_core.shell:Creating environment descriptor '/home/poom/Desktop/ros2_Turtlesim_CatchThemAll_ws/install/turtlesim_catch_them_all_interfaces/share/turtlesim_catch_them_all_interfaces/hook/ld_library_path_lib.dsv'
[0.710s] INFO:colcon.colcon_core.shell:Creating environment hook '/home/poom/Desktop/ros2_Turtlesim_CatchThemAll_ws/install/turtlesim_catch_them_all_interfaces/share/turtlesim_catch_them_all_interfaces/hook/ld_library_path_lib.sh'
[0.710s] Level 1:colcon.colcon_core.environment:checking '/home/poom/Desktop/ros2_Turtlesim_CatchThemAll_ws/install/turtlesim_catch_them_all_interfaces/bin'
[0.710s] Level 1:colcon.colcon_core.environment:checking '/home/poom/Desktop/ros2_Turtlesim_CatchThemAll_ws/install/turtlesim_catch_them_all_interfaces/lib/pkgconfig/turtlesim_catch_them_all_interfaces.pc'
[0.710s] Level 1:colcon.colcon_core.environment:checking '/home/poom/Desktop/ros2_Turtlesim_CatchThemAll_ws/install/turtlesim_catch_them_all_interfaces/lib/python3.10/site-packages'
[0.710s] Level 1:colcon.colcon_core.environment:checking '/home/poom/Desktop/ros2_Turtlesim_CatchThemAll_ws/install/turtlesim_catch_them_all_interfaces/bin'
[0.711s] INFO:colcon.colcon_core.shell:Creating package script '/home/poom/Desktop/ros2_Turtlesim_CatchThemAll_ws/install/turtlesim_catch_them_all_interfaces/share/turtlesim_catch_them_all_interfaces/package.ps1'
[0.711s] INFO:colcon.colcon_core.shell:Creating package descriptor '/home/poom/Desktop/ros2_Turtlesim_CatchThemAll_ws/install/turtlesim_catch_them_all_interfaces/share/turtlesim_catch_them_all_interfaces/package.dsv'
[0.711s] INFO:colcon.colcon_core.shell:Creating package script '/home/poom/Desktop/ros2_Turtlesim_CatchThemAll_ws/install/turtlesim_catch_them_all_interfaces/share/turtlesim_catch_them_all_interfaces/package.sh'
[0.712s] INFO:colcon.colcon_core.shell:Creating package script '/home/poom/Desktop/ros2_Turtlesim_CatchThemAll_ws/install/turtlesim_catch_them_all_interfaces/share/turtlesim_catch_them_all_interfaces/package.bash'
[0.712s] INFO:colcon.colcon_core.shell:Creating package script '/home/poom/Desktop/ros2_Turtlesim_CatchThemAll_ws/install/turtlesim_catch_them_all_interfaces/share/turtlesim_catch_them_all_interfaces/package.zsh'
[0.712s] Level 1:colcon.colcon_core.environment:create_file_with_runtime_dependencies(/home/poom/Desktop/ros2_Turtlesim_CatchThemAll_ws/install/turtlesim_catch_them_all_interfaces/share/colcon-core/packages/turtlesim_catch_them_all_interfaces)
[0.712s] INFO:colcon.colcon_ros.task.ament_python.build:Building ROS package in '/home/poom/Desktop/ros2_Turtlesim_CatchThemAll_ws/src/turtlesim_catch_them_all' with build type 'ament_python'
[0.712s] Level 1:colcon.colcon_core.shell:create_environment_hook('turtlesim_catch_them_all', 'ament_prefix_path')
[0.712s] INFO:colcon.colcon_core.shell:Creating environment hook '/home/poom/Desktop/ros2_Turtlesim_CatchThemAll_ws/install/turtlesim_catch_them_all/share/turtlesim_catch_them_all/hook/ament_prefix_path.ps1'
[0.713s] INFO:colcon.colcon_core.shell:Creating environment descriptor '/home/poom/Desktop/ros2_Turtlesim_CatchThemAll_ws/install/turtlesim_catch_them_all/share/turtlesim_catch_them_all/hook/ament_prefix_path.dsv'
[0.714s] INFO:colcon.colcon_core.shell:Creating environment hook '/home/poom/Desktop/ros2_Turtlesim_CatchThemAll_ws/install/turtlesim_catch_them_all/share/turtlesim_catch_them_all/hook/ament_prefix_path.sh'
[0.714s] INFO:colcon.colcon_core.shell:Skip shell extension 'powershell' for command environment: Not usable outside of PowerShell
[0.714s] DEBUG:colcon.colcon_core.shell:Skip shell extension 'dsv' for command environment
[0.865s] INFO:colcon.colcon_core.task.python.build:Building Python package in '/home/poom/Desktop/ros2_Turtlesim_CatchThemAll_ws/src/turtlesim_catch_them_all'
[0.866s] INFO:colcon.colcon_core.shell:Skip shell extension 'powershell' for command environment: Not usable outside of PowerShell
[0.866s] DEBUG:colcon.colcon_core.shell:Skip shell extension 'dsv' for command environment
[1.069s] DEBUG:colcon.colcon_core.event_handler.log_command:Invoking command in '/home/poom/Desktop/ros2_Turtlesim_CatchThemAll_ws/src/turtlesim_catch_them_all': PYTHONPATH=/home/poom/Desktop/ros2_Turtlesim_CatchThemAll_ws/build/turtlesim_catch_them_all/prefix_override:/usr/lib/python3/dist-packages/colcon_core/task/python/colcon_distutils_commands:/home/poom/Desktop/ros2_Turtlesim_CatchThemAll_ws/install/turtlesim_catch_them_all/lib/python3.10/site-packages:${PYTHONPATH} /usr/bin/python3 -W ignore:setup.py install is deprecated setup.py egg_info --egg-base ../../build/turtlesim_catch_them_all build --build-base /home/poom/Desktop/ros2_Turtlesim_CatchThemAll_ws/build/turtlesim_catch_them_all/build install --record /home/poom/Desktop/ros2_Turtlesim_CatchThemAll_ws/build/turtlesim_catch_them_all/install.log --single-version-externally-managed install_data
[1.242s] Level 1:colcon.colcon_core.environment:checking '/home/poom/Desktop/ros2_Turtlesim_CatchThemAll_ws/install/turtlesim_catch_them_all' for CMake module files
[1.242s] DEBUG:colcon.colcon_core.event_handler.log_command:Invoked command in '/home/poom/Desktop/ros2_Turtlesim_CatchThemAll_ws/src/turtlesim_catch_them_all' returned '0': PYTHONPATH=/home/poom/Desktop/ros2_Turtlesim_CatchThemAll_ws/build/turtlesim_catch_them_all/prefix_override:/usr/lib/python3/dist-packages/colcon_core/task/python/colcon_distutils_commands:/home/poom/Desktop/ros2_Turtlesim_CatchThemAll_ws/install/turtlesim_catch_them_all/lib/python3.10/site-packages:${PYTHONPATH} /usr/bin/python3 -W ignore:setup.py install is deprecated setup.py egg_info --egg-base ../../build/turtlesim_catch_them_all build --build-base /home/poom/Desktop/ros2_Turtlesim_CatchThemAll_ws/build/turtlesim_catch_them_all/build install --record /home/poom/Desktop/ros2_Turtlesim_CatchThemAll_ws/build/turtlesim_catch_them_all/install.log --single-version-externally-managed install_data
[1.242s] Level 1:colcon.colcon_core.environment:checking '/home/poom/Desktop/ros2_Turtlesim_CatchThemAll_ws/install/turtlesim_catch_them_all' for CMake config files
[1.243s] Level 1:colcon.colcon_core.environment:checking '/home/poom/Desktop/ros2_Turtlesim_CatchThemAll_ws/install/turtlesim_catch_them_all/lib'
[1.243s] Level 1:colcon.colcon_core.environment:checking '/home/poom/Desktop/ros2_Turtlesim_CatchThemAll_ws/install/turtlesim_catch_them_all/bin'
[1.243s] Level 1:colcon.colcon_core.environment:checking '/home/poom/Desktop/ros2_Turtlesim_CatchThemAll_ws/install/turtlesim_catch_them_all/lib/pkgconfig/turtlesim_catch_them_all.pc'
[1.243s] Level 1:colcon.colcon_core.environment:checking '/home/poom/Desktop/ros2_Turtlesim_CatchThemAll_ws/install/turtlesim_catch_them_all/lib/python3.10/site-packages'
[1.243s] Level 1:colcon.colcon_core.shell:create_environment_hook('turtlesim_catch_them_all', 'pythonpath')
[1.243s] INFO:colcon.colcon_core.shell:Creating environment hook '/home/poom/Desktop/ros2_Turtlesim_CatchThemAll_ws/install/turtlesim_catch_them_all/share/turtlesim_catch_them_all/hook/pythonpath.ps1'
[1.243s] INFO:colcon.colcon_core.shell:Creating environment descriptor '/home/poom/Desktop/ros2_Turtlesim_CatchThemAll_ws/install/turtlesim_catch_them_all/share/turtlesim_catch_them_all/hook/pythonpath.dsv'
[1.243s] INFO:colcon.colcon_core.shell:Creating environment hook '/home/poom/Desktop/ros2_Turtlesim_CatchThemAll_ws/install/turtlesim_catch_them_all/share/turtlesim_catch_them_all/hook/pythonpath.sh'
[1.244s] Level 1:colcon.colcon_core.environment:checking '/home/poom/Desktop/ros2_Turtlesim_CatchThemAll_ws/install/turtlesim_catch_them_all/bin'
[1.244s] Level 1:colcon.colcon_core.environment:create_environment_scripts_only(turtlesim_catch_them_all)
[1.244s] INFO:colcon.colcon_core.shell:Creating package script '/home/poom/Desktop/ros2_Turtlesim_CatchThemAll_ws/install/turtlesim_catch_them_all/share/turtlesim_catch_them_all/package.ps1'
[1.244s] INFO:colcon.colcon_core.shell:Creating package descriptor '/home/poom/Desktop/ros2_Turtlesim_CatchThemAll_ws/install/turtlesim_catch_them_all/share/turtlesim_catch_them_all/package.dsv'
[1.244s] INFO:colcon.colcon_core.shell:Creating package script '/home/poom/Desktop/ros2_Turtlesim_CatchThemAll_ws/install/turtlesim_catch_them_all/share/turtlesim_catch_them_all/package.sh'
[1.245s] INFO:colcon.colcon_core.shell:Creating package script '/home/poom/Desktop/ros2_Turtlesim_CatchThemAll_ws/install/turtlesim_catch_them_all/share/turtlesim_catch_them_all/package.bash'
[1.245s] INFO:colcon.colcon_core.shell:Creating package script '/home/poom/Desktop/ros2_Turtlesim_CatchThemAll_ws/install/turtlesim_catch_them_all/share/turtlesim_catch_them_all/package.zsh'
[1.245s] Level 1:colcon.colcon_core.environment:create_file_with_runtime_dependencies(/home/poom/Desktop/ros2_Turtlesim_CatchThemAll_ws/install/turtlesim_catch_them_all/share/colcon-core/packages/turtlesim_catch_them_all)
[1.245s] INFO:colcon.colcon_ros.task.ament_cmake.build:Building ROS package in '/home/poom/Desktop/ros2_Turtlesim_CatchThemAll_ws/src/turtlesim_catch_them_all_bringup' with build type 'ament_cmake'
[1.245s] INFO:colcon.colcon_cmake.task.cmake.build:Building CMake package in '/home/poom/Desktop/ros2_Turtlesim_CatchThemAll_ws/src/turtlesim_catch_them_all_bringup'
[1.245s] INFO:colcon.colcon_core.shell:Skip shell extension 'powershell' for command environment: Not usable outside of PowerShell
[1.245s] DEBUG:colcon.colcon_core.shell:Skip shell extension 'dsv' for command environment
[1.252s] DEBUG:colcon.colcon_core.event_handler.log_command:Invoking command in '/home/poom/Desktop/ros2_Turtlesim_CatchThemAll_ws/build/turtlesim_catch_them_all_bringup': CMAKE_PREFIX_PATH=${CMAKE_PREFIX_PATH}:/home/poom/Desktop/ros2_Turtlesim_CatchThemAll_ws/install/turtlesim_catch_them_all:/home/poom/Desktop/ROS2_MiniProject/ros2_ws/install/my_py_pkg:/home/poom/ros2_ws/install/my_py_pkg:/opt/ros/humble /usr/bin/cmake /home/poom/Desktop/ros2_Turtlesim_CatchThemAll_ws/src/turtlesim_catch_them_all_bringup -DCMAKE_INSTALL_PREFIX=/home/poom/Desktop/ros2_Turtlesim_CatchThemAll_ws/install/turtlesim_catch_them_all_bringup
[1.735s] DEBUG:colcon.colcon_core.event_handler.log_command:Invoked command in '/home/poom/Desktop/ros2_Turtlesim_CatchThemAll_ws/build/turtlesim_catch_them_all_bringup' returned '0': CMAKE_PREFIX_PATH=${CMAKE_PREFIX_PATH}:/home/poom/Desktop/ros2_Turtlesim_CatchThemAll_ws/install/turtlesim_catch_them_all:/home/poom/Desktop/ROS2_MiniProject/ros2_ws/install/my_py_pkg:/home/poom/ros2_ws/install/my_py_pkg:/opt/ros/humble /usr/bin/cmake /home/poom/Desktop/ros2_Turtlesim_CatchThemAll_ws/src/turtlesim_catch_them_all_bringup -DCMAKE_INSTALL_PREFIX=/home/poom/Desktop/ros2_Turtlesim_CatchThemAll_ws/install/turtlesim_catch_them_all_bringup
[1.736s] DEBUG:colcon.colcon_core.event_handler.log_command:Invoking command in '/home/poom/Desktop/ros2_Turtlesim_CatchThemAll_ws/build/turtlesim_catch_them_all_bringup': CMAKE_PREFIX_PATH=${CMAKE_PREFIX_PATH}:/home/poom/Desktop/ros2_Turtlesim_CatchThemAll_ws/install/turtlesim_catch_them_all:/home/poom/Desktop/ROS2_MiniProject/ros2_ws/install/my_py_pkg:/home/poom/ros2_ws/install/my_py_pkg:/opt/ros/humble /usr/bin/cmake --build /home/poom/Desktop/ros2_Turtlesim_CatchThemAll_ws/build/turtlesim_catch_them_all_bringup -- -j16 -l16
[1.756s] DEBUG:colcon.colcon_core.event_handler.log_command:Invoked command in '/home/poom/Desktop/ros2_Turtlesim_CatchThemAll_ws/build/turtlesim_catch_them_all_bringup' returned '0': CMAKE_PREFIX_PATH=${CMAKE_PREFIX_PATH}:/home/poom/Desktop/ros2_Turtlesim_CatchThemAll_ws/install/turtlesim_catch_them_all:/home/poom/Desktop/ROS2_MiniProject/ros2_ws/install/my_py_pkg:/home/poom/ros2_ws/install/my_py_pkg:/opt/ros/humble /usr/bin/cmake --build /home/poom/Desktop/ros2_Turtlesim_CatchThemAll_ws/build/turtlesim_catch_them_all_bringup -- -j16 -l16
[1.769s] DEBUG:colcon.colcon_core.event_handler.log_command:Invoking command in '/home/poom/Desktop/ros2_Turtlesim_CatchThemAll_ws/build/turtlesim_catch_them_all_bringup': CMAKE_PREFIX_PATH=${CMAKE_PREFIX_PATH}:/home/poom/Desktop/ros2_Turtlesim_CatchThemAll_ws/install/turtlesim_catch_them_all:/home/poom/Desktop/ROS2_MiniProject/ros2_ws/install/my_py_pkg:/home/poom/ros2_ws/install/my_py_pkg:/opt/ros/humble /usr/bin/cmake --install /home/poom/Desktop/ros2_Turtlesim_CatchThemAll_ws/build/turtlesim_catch_them_all_bringup
[1.777s] Level 1:colcon.colcon_core.environment:create_environment_scripts_only(turtlesim_catch_them_all_bringup)
[1.778s] Level 1:colcon.colcon_core.environment:checking '/home/poom/Desktop/ros2_Turtlesim_CatchThemAll_ws/install/turtlesim_catch_them_all_bringup' for CMake module files
[1.778s] DEBUG:colcon.colcon_core.event_handler.log_command:Invoked command in '/home/poom/Desktop/ros2_Turtlesim_CatchThemAll_ws/build/turtlesim_catch_them_all_bringup' returned '0': CMAKE_PREFIX_PATH=${CMAKE_PREFIX_PATH}:/home/poom/Desktop/ros2_Turtlesim_CatchThemAll_ws/install/turtlesim_catch_them_all:/home/poom/Desktop/ROS2_MiniProject/ros2_ws/install/my_py_pkg:/home/poom/ros2_ws/install/my_py_pkg:/opt/ros/humble /usr/bin/cmake --install /home/poom/Desktop/ros2_Turtlesim_CatchThemAll_ws/build/turtlesim_catch_them_all_bringup
[1.778s] Level 1:colcon.colcon_core.environment:checking '/home/poom/Desktop/ros2_Turtlesim_CatchThemAll_ws/install/turtlesim_catch_them_all_bringup' for CMake config files
[1.778s] Level 1:colcon.colcon_core.shell:create_environment_hook('turtlesim_catch_them_all_bringup', 'cmake_prefix_path')
[1.778s] INFO:colcon.colcon_core.shell:Creating environment hook '/home/poom/Desktop/ros2_Turtlesim_CatchThemAll_ws/install/turtlesim_catch_them_all_bringup/share/turtlesim_catch_them_all_bringup/hook/cmake_prefix_path.ps1'
[1.778s] INFO:colcon.colcon_core.shell:Creating environment descriptor '/home/poom/Desktop/ros2_Turtlesim_CatchThemAll_ws/install/turtlesim_catch_them_all_bringup/share/turtlesim_catch_them_all_bringup/hook/cmake_prefix_path.dsv'
[1.779s] INFO:colcon.colcon_core.shell:Creating environment hook '/home/poom/Desktop/ros2_Turtlesim_CatchThemAll_ws/install/turtlesim_catch_them_all_bringup/share/turtlesim_catch_them_all_bringup/hook/cmake_prefix_path.sh'
[1.779s] Level 1:colcon.colcon_core.environment:checking '/home/poom/Desktop/ros2_Turtlesim_CatchThemAll_ws/install/turtlesim_catch_them_all_bringup/bin'
[1.779s] Level 1:colcon.colcon_core.environment:checking '/home/poom/Desktop/ros2_Turtlesim_CatchThemAll_ws/install/turtlesim_catch_them_all_bringup/lib/pkgconfig/turtlesim_catch_them_all_bringup.pc'
[1.779s] Level 1:colcon.colcon_core.environment:checking '/home/poom/Desktop/ros2_Turtlesim_CatchThemAll_ws/install/turtlesim_catch_them_all_bringup/lib/python3.10/site-packages'
[1.779s] Level 1:colcon.colcon_core.environment:checking '/home/poom/Desktop/ros2_Turtlesim_CatchThemAll_ws/install/turtlesim_catch_them_all_bringup/bin'
[1.780s] INFO:colcon.colcon_core.shell:Creating package script '/home/poom/Desktop/ros2_Turtlesim_CatchThemAll_ws/install/turtlesim_catch_them_all_bringup/share/turtlesim_catch_them_all_bringup/package.ps1'
[1.780s] INFO:colcon.colcon_core.shell:Creating package descriptor '/home/poom/Desktop/ros2_Turtlesim_CatchThemAll_ws/install/turtlesim_catch_them_all_bringup/share/turtlesim_catch_them_all_bringup/package.dsv'
[1.780s] INFO:colcon.colcon_core.shell:Creating package script '/home/poom/Desktop/ros2_Turtlesim_CatchThemAll_ws/install/turtlesim_catch_them_all_bringup/share/turtlesim_catch_them_all_bringup/package.sh'
[1.780s] INFO:colcon.colcon_core.shell:Creating package script '/home/poom/Desktop/ros2_Turtlesim_CatchThemAll_ws/install/turtlesim_catch_them_all_bringup/share/turtlesim_catch_them_all_bringup/package.bash'
[1.780s] INFO:colcon.colcon_core.shell:Creating package script '/home/poom/Desktop/ros2_Turtlesim_CatchThemAll_ws/install/turtlesim_catch_them_all_bringup/share/turtlesim_catch_them_all_bringup/package.zsh'
[1.780s] Level 1:colcon.colcon_core.environment:create_file_with_runtime_dependencies(/home/poom/Desktop/ros2_Turtlesim_CatchThemAll_ws/install/turtlesim_catch_them_all_bringup/share/colcon-core/packages/turtlesim_catch_them_all_bringup)
[1.792s] Level 1:colcon.colcon_core.environment:create_environment_scripts_only(turtlesim_catch_them_all_bringup)
[1.793s] Level 1:colcon.colcon_core.environment:checking '/home/poom/Desktop/ros2_Turtlesim_CatchThemAll_ws/install/turtlesim_catch_them_all_bringup' for CMake module files
[1.793s] Level 1:colcon.colcon_core.environment:checking '/home/poom/Desktop/ros2_Turtlesim_CatchThemAll_ws/install/turtlesim_catch_them_all_bringup' for CMake config files
[1.793s] Level 1:colcon.colcon_core.shell:create_environment_hook('turtlesim_catch_them_all_bringup', 'cmake_prefix_path')
[1.793s] INFO:colcon.colcon_core.shell:Creating environment hook '/home/poom/Desktop/ros2_Turtlesim_CatchThemAll_ws/install/turtlesim_catch_them_all_bringup/share/turtlesim_catch_them_all_bringup/hook/cmake_prefix_path.ps1'
[1.793s] INFO:colcon.colcon_core.shell:Creating environment descriptor '/home/poom/Desktop/ros2_Turtlesim_CatchThemAll_ws/install/turtlesim_catch_them_all_bringup/share/turtlesim_catch_them_all_bringup/hook/cmake_prefix_path.dsv'
[1.793s] INFO:colcon.colcon_core.shell:Creating environment hook '/home/poom/Desktop/ros2_Turtlesim_CatchThemAll_ws/install/turtlesim_catch_them_all_bringup/share/turtlesim_catch_them_all_bringup/hook/cmake_prefix_path.sh'
[1.794s] Level 1:colcon.colcon_core.environment:checking '/home/poom/Desktop/ros2_Turtlesim_CatchThemAll_ws/install/turtlesim_catch_them_all_bringup/bin'
[1.794s] Level 1:colcon.colcon_core.environment:checking '/home/poom/Desktop/ros2_Turtlesim_CatchThemAll_ws/install/turtlesim_catch_them_all_bringup/lib/pkgconfig/turtlesim_catch_them_all_bringup.pc'
[1.794s] Level 1:colcon.colcon_core.environment:checking '/home/poom/Desktop/ros2_Turtlesim_CatchThemAll_ws/install/turtlesim_catch_them_all_bringup/lib/python3.10/site-packages'
[1.794s] Level 1:colcon.colcon_core.environment:checking '/home/poom/Desktop/ros2_Turtlesim_CatchThemAll_ws/install/turtlesim_catch_them_all_bringup/bin'
[1.794s] INFO:colcon.colcon_core.shell:Creating package script '/home/poom/Desktop/ros2_Turtlesim_CatchThemAll_ws/install/turtlesim_catch_them_all_bringup/share/turtlesim_catch_them_all_bringup/package.ps1'
[1.794s] INFO:colcon.colcon_core.shell:Creating package descriptor '/home/poom/Desktop/ros2_Turtlesim_CatchThemAll_ws/install/turtlesim_catch_them_all_bringup/share/turtlesim_catch_them_all_bringup/package.dsv'
[1.795s] INFO:colcon.colcon_core.shell:Creating package script '/home/poom/Desktop/ros2_Turtlesim_CatchThemAll_ws/install/turtlesim_catch_them_all_bringup/share/turtlesim_catch_them_all_bringup/package.sh'
[1.795s] INFO:colcon.colcon_core.shell:Creating package script '/home/poom/Desktop/ros2_Turtlesim_CatchThemAll_ws/install/turtlesim_catch_them_all_bringup/share/turtlesim_catch_them_all_bringup/package.bash'
[1.795s] INFO:colcon.colcon_core.shell:Creating package script '/home/poom/Desktop/ros2_Turtlesim_CatchThemAll_ws/install/turtlesim_catch_them_all_bringup/share/turtlesim_catch_them_all_bringup/package.zsh'
[1.795s] Level 1:colcon.colcon_core.environment:create_file_with_runtime_dependencies(/home/poom/Desktop/ros2_Turtlesim_CatchThemAll_ws/install/turtlesim_catch_them_all_bringup/share/colcon-core/packages/turtlesim_catch_them_all_bringup)
[1.795s] DEBUG:colcon.colcon_parallel_executor.executor.parallel:closing loop
[1.796s] DEBUG:colcon.colcon_parallel_executor.executor.parallel:loop closed
[1.796s] DEBUG:colcon.colcon_parallel_executor.executor.parallel:run_until_complete finished with '0'
[1.796s] DEBUG:colcon.colcon_core.event_reactor:joining thread
[1.802s] INFO:colcon.colcon_core.plugin_system:Skipping extension 'colcon_notification.desktop_notification.terminal_notifier': Not used on non-Darwin systems
[1.802s] INFO:colcon.colcon_core.plugin_system:Skipping extension 'colcon_notification.desktop_notification.win32': Not used on non-Windows systems
[1.802s] INFO:colcon.colcon_notification.desktop_notification:Sending desktop notification using 'notify2'
[1.815s] DEBUG:colcon.colcon_core.event_reactor:joined thread
[1.815s] INFO:colcon.colcon_core.shell:Creating prefix script '/home/poom/Desktop/ros2_Turtlesim_CatchThemAll_ws/install/local_setup.ps1'
[1.816s] INFO:colcon.colcon_core.shell:Creating prefix util module '/home/poom/Desktop/ros2_Turtlesim_CatchThemAll_ws/install/_local_setup_util_ps1.py'
[1.819s] INFO:colcon.colcon_core.shell:Creating prefix chain script '/home/poom/Desktop/ros2_Turtlesim_CatchThemAll_ws/install/setup.ps1'
[1.821s] INFO:colcon.colcon_core.shell:Creating prefix script '/home/poom/Desktop/ros2_Turtlesim_CatchThemAll_ws/install/local_setup.sh'
[1.822s] INFO:colcon.colcon_core.shell:Creating prefix util module '/home/poom/Desktop/ros2_Turtlesim_CatchThemAll_ws/install/_local_setup_util_sh.py'
[1.822s] INFO:colcon.colcon_core.shell:Creating prefix chain script '/home/poom/Desktop/ros2_Turtlesim_CatchThemAll_ws/install/setup.sh'
[1.823s] INFO:colcon.colcon_core.shell:Creating prefix script '/home/poom/Desktop/ros2_Turtlesim_CatchThemAll_ws/install/local_setup.bash'
[1.823s] INFO:colcon.colcon_core.shell:Creating prefix chain script '/home/poom/Desktop/ros2_Turtlesim_CatchThemAll_ws/install/setup.bash'
[1.824s] INFO:colcon.colcon_core.shell:Creating prefix script '/home/poom/Desktop/ros2_Turtlesim_CatchThemAll_ws/install/local_setup.zsh'
[1.824s] INFO:colcon.colcon_core.shell:Creating prefix chain script '/home/poom/Desktop/ros2_Turtlesim_CatchThemAll_ws/install/setup.zsh'
