-- The C compiler identification is GNU 11.4.0
-- The CXX compiler identification is GNU 11.4.0
-- Detecting C compiler ABI info
-- Detecting C compiler ABI info - done
-- Check for working C compiler: /usr/bin/cc - skipped
-- Detecting C compile features
-- Detecting C compile features - done
-- Detecting CXX compiler ABI info
-- Detecting CXX compiler ABI info - done
-- Check for working CXX compiler: /usr/bin/c++ - skipped
-- Detecting CXX compile features
-- Detecting CXX compile features - done
-- Found ament_cmake: 1.3.10 (/opt/ros/humble/share/ament_cmake/cmake)
-- Found Python3: /usr/bin/python3 (found version "3.10.12") found components: Interpreter 
-- Found rosidl_default_generators: 1.2.0 (/opt/ros/humble/share/rosidl_default_generators/cmake)
-- Using all available rosidl_typesupport_c: rosidl_typesupport_fastrtps_c;rosidl_typesupport_introspection_c
-- Found rosidl_adapter: 3.1.5 (/opt/ros/humble/share/rosidl_adapter/cmake)
-- Using all available rosidl_typesupport_cpp: rosidl_typesupport_fastrtps_cpp;rosidl_typesupport_introspection_cpp
-- Found ament_cmake_ros: 0.10.0 (/opt/ros/humble/share/ament_cmake_ros/cmake)
-- Using all available rosidl_typesupport_c: rosidl_typesupport_fastrtps_c;rosidl_typesupport_introspection_c
-- Using all available rosidl_typesupport_cpp: rosidl_typesupport_fastrtps_cpp;rosidl_typesupport_introspection_cpp
-- Found PythonInterp: /usr/bin/python3 (found suitable version "3.10.12", minimum required is "3.6") 
-- Found python_cmake_module: 0.10.0 (/opt/ros/humble/share/python_cmake_module/cmake)
-- Found PythonLibs: /usr/lib/x86_64-linux-gnu/libpython3.10.so (found suitable version "3.10.12", minimum required is "3.5") 
-- Using PYTHON_EXECUTABLE: /usr/bin/python3
-- Using PYTHON_INCLUDE_DIRS: /usr/include/python3.10
-- Using PYTHON_LIBRARIES: /usr/lib/x86_64-linux-gnu/libpython3.10.so
-- Found PythonExtra: .so  
-- Configuring done
-- Generating done
-- Build files have been written to: /home/poom/Desktop/ros2_Turtlesim_CatchThemAll_ws/build/turtlesim_catch_them_all_interfaces
[  2%] [34m[1mGenerating C code for ROS interfaces[0m
[  5%] [34m[1mGenerating C++ code for ROS interfaces[0m
[  5%] Built target ament_cmake_python_copy_turtlesim_catch_them_all_interfaces
running egg_info
creating turtlesim_catch_them_all_interfaces.egg-info
writing turtlesim_catch_them_all_interfaces.egg-info/PKG-INFO
writing dependency_links to turtlesim_catch_them_all_interfaces.egg-info/dependency_links.txt
writing top-level names to turtlesim_catch_them_all_interfaces.egg-info/top_level.txt
writing manifest file 'turtlesim_catch_them_all_interfaces.egg-info/SOURCES.txt'
reading manifest file 'turtlesim_catch_them_all_interfaces.egg-info/SOURCES.txt'
writing manifest file 'turtlesim_catch_them_all_interfaces.egg-info/SOURCES.txt'
[  5%] Built target ament_cmake_python_build_turtlesim_catch_them_all_interfaces_egg
[  5%] Built target turtlesim_catch_them_all_interfaces__cpp
[  7%] [32mBuilding C object CMakeFiles/turtlesim_catch_them_all_interfaces__rosidl_generator_c.dir/rosidl_generator_c/turtlesim_catch_them_all_interfaces/msg/detail/turtle__functions.c.o[0m
[ 10%] [32mBuilding C object CMakeFiles/turtlesim_catch_them_all_interfaces__rosidl_generator_c.dir/rosidl_generator_c/turtlesim_catch_them_all_interfaces/msg/detail/turtle_array__functions.c.o[0m
[ 15%] [34m[1mGenerating C++ type support for eProsima Fast-RTPS[0m
[ 15%] [34m[1mGenerating C++ type support dispatch for ROS interfaces[0m
[ 17%] [34m[1mGenerating C++ introspection for ROS interfaces[0m
[ 20%] [32m[1mLinking C shared library libturtlesim_catch_them_all_interfaces__rosidl_generator_c.so[0m
[ 20%] Built target turtlesim_catch_them_all_interfaces__rosidl_generator_c
[ 23%] [34m[1mGenerating C type support for eProsima Fast-RTPS[0m
[ 25%] [34m[1mGenerating C introspection for ROS interfaces[0m
[ 28%] [34m[1mGenerating C type support dispatch for ROS interfaces[0m
[ 30%] [32mBuilding CXX object CMakeFiles/turtlesim_catch_them_all_interfaces__rosidl_typesupport_cpp.dir/rosidl_typesupport_cpp/turtlesim_catch_them_all_interfaces/msg/turtle__type_support.cpp.o[0m
[ 33%] [32mBuilding CXX object CMakeFiles/turtlesim_catch_them_all_interfaces__rosidl_typesupport_cpp.dir/rosidl_typesupport_cpp/turtlesim_catch_them_all_interfaces/msg/turtle_array__type_support.cpp.o[0m
[ 35%] [32mBuilding CXX object CMakeFiles/turtlesim_catch_them_all_interfaces__rosidl_typesupport_introspection_cpp.dir/rosidl_typesupport_introspection_cpp/turtlesim_catch_them_all_interfaces/msg/detail/turtle__type_support.cpp.o[0m
[ 38%] [32mBuilding CXX object CMakeFiles/turtlesim_catch_them_all_interfaces__rosidl_typesupport_introspection_cpp.dir/rosidl_typesupport_introspection_cpp/turtlesim_catch_them_all_interfaces/msg/detail/turtle_array__type_support.cpp.o[0m
[ 41%] [32mBuilding CXX object CMakeFiles/turtlesim_catch_them_all_interfaces__rosidl_typesupport_fastrtps_cpp.dir/rosidl_typesupport_fastrtps_cpp/turtlesim_catch_them_all_interfaces/msg/detail/dds_fastrtps/turtle_array__type_support.cpp.o[0m
[ 43%] [32mBuilding CXX object CMakeFiles/turtlesim_catch_them_all_interfaces__rosidl_typesupport_fastrtps_cpp.dir/rosidl_typesupport_fastrtps_cpp/turtlesim_catch_them_all_interfaces/msg/detail/dds_fastrtps/turtle__type_support.cpp.o[0m
[ 46%] [32mBuilding CXX object CMakeFiles/turtlesim_catch_them_all_interfaces__rosidl_typesupport_c.dir/rosidl_typesupport_c/turtlesim_catch_them_all_interfaces/msg/turtle__type_support.cpp.o[0m
[ 48%] [32mBuilding CXX object CMakeFiles/turtlesim_catch_them_all_interfaces__rosidl_typesupport_c.dir/rosidl_typesupport_c/turtlesim_catch_them_all_interfaces/msg/turtle_array__type_support.cpp.o[0m
[ 51%] [32mBuilding C object CMakeFiles/turtlesim_catch_them_all_interfaces__rosidl_typesupport_introspection_c.dir/rosidl_typesupport_introspection_c/turtlesim_catch_them_all_interfaces/msg/detail/turtle_array__type_support.c.o[0m
[ 53%] [32mBuilding C object CMakeFiles/turtlesim_catch_them_all_interfaces__rosidl_typesupport_introspection_c.dir/rosidl_typesupport_introspection_c/turtlesim_catch_them_all_interfaces/msg/detail/turtle__type_support.c.o[0m
[ 56%] [32mBuilding CXX object CMakeFiles/turtlesim_catch_them_all_interfaces__rosidl_typesupport_fastrtps_c.dir/rosidl_typesupport_fastrtps_c/turtlesim_catch_them_all_interfaces/msg/detail/turtle__type_support_c.cpp.o[0m
[ 58%] [32mBuilding CXX object CMakeFiles/turtlesim_catch_them_all_interfaces__rosidl_typesupport_fastrtps_c.dir/rosidl_typesupport_fastrtps_c/turtlesim_catch_them_all_interfaces/msg/detail/turtle_array__type_support_c.cpp.o[0m
[ 61%] [32m[1mLinking CXX shared library libturtlesim_catch_them_all_interfaces__rosidl_typesupport_c.so[0m
[ 64%] [32m[1mLinking C shared library libturtlesim_catch_them_all_interfaces__rosidl_typesupport_introspection_c.so[0m
[ 64%] Built target turtlesim_catch_them_all_interfaces__rosidl_typesupport_c
[ 64%] Built target turtlesim_catch_them_all_interfaces__rosidl_typesupport_introspection_c
[ 66%] [32m[1mLinking CXX shared library libturtlesim_catch_them_all_interfaces__rosidl_typesupport_cpp.so[0m
[ 66%] Built target turtlesim_catch_them_all_interfaces__rosidl_typesupport_cpp
[ 69%] [32m[1mLinking CXX shared library libturtlesim_catch_them_all_interfaces__rosidl_typesupport_introspection_cpp.so[0m
[ 71%] [32m[1mLinking CXX shared library libturtlesim_catch_them_all_interfaces__rosidl_typesupport_fastrtps_c.so[0m
[ 74%] [32m[1mLinking CXX shared library libturtlesim_catch_them_all_interfaces__rosidl_typesupport_fastrtps_cpp.so[0m
[ 74%] Built target turtlesim_catch_them_all_interfaces__rosidl_typesupport_introspection_cpp
[ 74%] Built target turtlesim_catch_them_all_interfaces__rosidl_typesupport_fastrtps_c
[ 74%] Built target turtlesim_catch_them_all_interfaces__rosidl_typesupport_fastrtps_cpp
[ 74%] Built target turtlesim_catch_them_all_interfaces
[ 76%] [34m[1mGenerating Python code for ROS interfaces[0m
[ 76%] Built target turtlesim_catch_them_all_interfaces__py
[ 79%] [32mBuilding C object CMakeFiles/turtlesim_catch_them_all_interfaces__rosidl_generator_py.dir/rosidl_generator_py/turtlesim_catch_them_all_interfaces/msg/_turtle_s.c.o[0m
[ 82%] [32mBuilding C object CMakeFiles/turtlesim_catch_them_all_interfaces__rosidl_generator_py.dir/rosidl_generator_py/turtlesim_catch_them_all_interfaces/msg/_turtle_array_s.c.o[0m
[ 84%] [32m[1mLinking C shared library rosidl_generator_py/turtlesim_catch_them_all_interfaces/libturtlesim_catch_them_all_interfaces__rosidl_generator_py.so[0m
[ 84%] Built target turtlesim_catch_them_all_interfaces__rosidl_generator_py
[ 87%] [32mBuilding C object CMakeFiles/turtlesim_catch_them_all_interfaces__rosidl_typesupport_introspection_c__pyext.dir/rosidl_generator_py/turtlesim_catch_them_all_interfaces/_turtlesim_catch_them_all_interfaces_s.ep.rosidl_typesupport_introspection_c.c.o[0m
[ 89%] [32mBuilding C object CMakeFiles/turtlesim_catch_them_all_interfaces__rosidl_typesupport_fastrtps_c__pyext.dir/rosidl_generator_py/turtlesim_catch_them_all_interfaces/_turtlesim_catch_them_all_interfaces_s.ep.rosidl_typesupport_fastrtps_c.c.o[0m
[ 92%] [32mBuilding C object CMakeFiles/turtlesim_catch_them_all_interfaces__rosidl_typesupport_c__pyext.dir/rosidl_generator_py/turtlesim_catch_them_all_interfaces/_turtlesim_catch_them_all_interfaces_s.ep.rosidl_typesupport_c.c.o[0m
[ 94%] [32m[1mLinking C shared library rosidl_generator_py/turtlesim_catch_them_all_interfaces/turtlesim_catch_them_all_interfaces_s__rosidl_typesupport_c.cpython-310-x86_64-linux-gnu.so[0m
[ 97%] [32m[1mLinking C shared library rosidl_generator_py/turtlesim_catch_them_all_interfaces/turtlesim_catch_them_all_interfaces_s__rosidl_typesupport_introspection_c.cpython-310-x86_64-linux-gnu.so[0m
[100%] [32m[1mLinking C shared library rosidl_generator_py/turtlesim_catch_them_all_interfaces/turtlesim_catch_them_all_interfaces_s__rosidl_typesupport_fastrtps_c.cpython-310-x86_64-linux-gnu.so[0m
[100%] Built target turtlesim_catch_them_all_interfaces__rosidl_typesupport_introspection_c__pyext
[100%] Built target turtlesim_catch_them_all_interfaces__rosidl_typesupport_c__pyext
[100%] Built target turtlesim_catch_them_all_interfaces__rosidl_typesupport_fastrtps_c__pyext
-- Install configuration: ""
-- Installing: /home/poom/Desktop/ros2_Turtlesim_CatchThemAll_ws/install/turtlesim_catch_them_all_interfaces/share/ament_index/resource_index/rosidl_interfaces/turtlesim_catch_them_all_interfaces
-- Installing: /home/poom/Desktop/ros2_Turtlesim_CatchThemAll_ws/install/turtlesim_catch_them_all_interfaces/include/turtlesim_catch_them_all_interfaces/turtlesim_catch_them_all_interfaces
-- Installing: /home/poom/Desktop/ros2_Turtlesim_CatchThemAll_ws/install/turtlesim_catch_them_all_interfaces/include/turtlesim_catch_them_all_interfaces/turtlesim_catch_them_all_interfaces/msg
-- Installing: /home/poom/Desktop/ros2_Turtlesim_CatchThemAll_ws/install/turtlesim_catch_them_all_interfaces/include/turtlesim_catch_them_all_interfaces/turtlesim_catch_them_all_interfaces/msg/turtle.h
-- Installing: /home/poom/Desktop/ros2_Turtlesim_CatchThemAll_ws/install/turtlesim_catch_them_all_interfaces/include/turtlesim_catch_them_all_interfaces/turtlesim_catch_them_all_interfaces/msg/turtle_array.h
-- Installing: /home/poom/Desktop/ros2_Turtlesim_CatchThemAll_ws/install/turtlesim_catch_them_all_interfaces/include/turtlesim_catch_them_all_interfaces/turtlesim_catch_them_all_interfaces/msg/detail
-- Installing: /home/poom/Desktop/ros2_Turtlesim_CatchThemAll_ws/install/turtlesim_catch_them_all_interfaces/include/turtlesim_catch_them_all_interfaces/turtlesim_catch_them_all_interfaces/msg/detail/turtle_array__type_support.h
-- Installing: /home/poom/Desktop/ros2_Turtlesim_CatchThemAll_ws/install/turtlesim_catch_them_all_interfaces/include/turtlesim_catch_them_all_interfaces/turtlesim_catch_them_all_interfaces/msg/detail/turtle__functions.c
-- Installing: /home/poom/Desktop/ros2_Turtlesim_CatchThemAll_ws/install/turtlesim_catch_them_all_interfaces/include/turtlesim_catch_them_all_interfaces/turtlesim_catch_them_all_interfaces/msg/detail/turtle_array__functions.c
-- Installing: /home/poom/Desktop/ros2_Turtlesim_CatchThemAll_ws/install/turtlesim_catch_them_all_interfaces/include/turtlesim_catch_them_all_interfaces/turtlesim_catch_them_all_interfaces/msg/detail/turtle__struct.h
-- Installing: /home/poom/Desktop/ros2_Turtlesim_CatchThemAll_ws/install/turtlesim_catch_them_all_interfaces/include/turtlesim_catch_them_all_interfaces/turtlesim_catch_them_all_interfaces/msg/detail/turtle__functions.h
-- Installing: /home/poom/Desktop/ros2_Turtlesim_CatchThemAll_ws/install/turtlesim_catch_them_all_interfaces/include/turtlesim_catch_them_all_interfaces/turtlesim_catch_them_all_interfaces/msg/detail/turtle_array__functions.h
-- Installing: /home/poom/Desktop/ros2_Turtlesim_CatchThemAll_ws/install/turtlesim_catch_them_all_interfaces/include/turtlesim_catch_them_all_interfaces/turtlesim_catch_them_all_interfaces/msg/detail/turtle__type_support.h
-- Installing: /home/poom/Desktop/ros2_Turtlesim_CatchThemAll_ws/install/turtlesim_catch_them_all_interfaces/include/turtlesim_catch_them_all_interfaces/turtlesim_catch_them_all_interfaces/msg/detail/turtle_array__struct.h
-- Installing: /home/poom/Desktop/ros2_Turtlesim_CatchThemAll_ws/install/turtlesim_catch_them_all_interfaces/include/turtlesim_catch_them_all_interfaces/turtlesim_catch_them_all_interfaces/msg/rosidl_generator_c__visibility_control.h
-- Installing: /home/poom/Desktop/ros2_Turtlesim_CatchThemAll_ws/install/turtlesim_catch_them_all_interfaces/share/turtlesim_catch_them_all_interfaces/environment/library_path.sh
-- Installing: /home/poom/Desktop/ros2_Turtlesim_CatchThemAll_ws/install/turtlesim_catch_them_all_interfaces/share/turtlesim_catch_them_all_interfaces/environment/library_path.dsv
-- Installing: /home/poom/Desktop/ros2_Turtlesim_CatchThemAll_ws/install/turtlesim_catch_them_all_interfaces/lib/libturtlesim_catch_them_all_interfaces__rosidl_generator_c.so
-- Set runtime path of "/home/poom/Desktop/ros2_Turtlesim_CatchThemAll_ws/install/turtlesim_catch_them_all_interfaces/lib/libturtlesim_catch_them_all_interfaces__rosidl_generator_c.so" to ""
-- Up-to-date: /home/poom/Desktop/ros2_Turtlesim_CatchThemAll_ws/install/turtlesim_catch_them_all_interfaces/include/turtlesim_catch_them_all_interfaces/turtlesim_catch_them_all_interfaces
-- Up-to-date: /home/poom/Desktop/ros2_Turtlesim_CatchThemAll_ws/install/turtlesim_catch_them_all_interfaces/include/turtlesim_catch_them_all_interfaces/turtlesim_catch_them_all_interfaces/msg
-- Up-to-date: /home/poom/Desktop/ros2_Turtlesim_CatchThemAll_ws/install/turtlesim_catch_them_all_interfaces/include/turtlesim_catch_them_all_interfaces/turtlesim_catch_them_all_interfaces/msg/detail
-- Installing: /home/poom/Desktop/ros2_Turtlesim_CatchThemAll_ws/install/turtlesim_catch_them_all_interfaces/include/turtlesim_catch_them_all_interfaces/turtlesim_catch_them_all_interfaces/msg/detail/turtle_array__rosidl_typesupport_fastrtps_c.h
-- Installing: /home/poom/Desktop/ros2_Turtlesim_CatchThemAll_ws/install/turtlesim_catch_them_all_interfaces/include/turtlesim_catch_them_all_interfaces/turtlesim_catch_them_all_interfaces/msg/detail/turtle__rosidl_typesupport_fastrtps_c.h
-- Installing: /home/poom/Desktop/ros2_Turtlesim_CatchThemAll_ws/install/turtlesim_catch_them_all_interfaces/include/turtlesim_catch_them_all_interfaces/turtlesim_catch_them_all_interfaces/msg/rosidl_typesupport_fastrtps_c__visibility_control.h
-- Installing: /home/poom/Desktop/ros2_Turtlesim_CatchThemAll_ws/install/turtlesim_catch_them_all_interfaces/lib/libturtlesim_catch_them_all_interfaces__rosidl_typesupport_fastrtps_c.so
-- Set runtime path of "/home/poom/Desktop/ros2_Turtlesim_CatchThemAll_ws/install/turtlesim_catch_them_all_interfaces/lib/libturtlesim_catch_them_all_interfaces__rosidl_typesupport_fastrtps_c.so" to ""
-- Up-to-date: /home/poom/Desktop/ros2_Turtlesim_CatchThemAll_ws/install/turtlesim_catch_them_all_interfaces/include/turtlesim_catch_them_all_interfaces/turtlesim_catch_them_all_interfaces
-- Up-to-date: /home/poom/Desktop/ros2_Turtlesim_CatchThemAll_ws/install/turtlesim_catch_them_all_interfaces/include/turtlesim_catch_them_all_interfaces/turtlesim_catch_them_all_interfaces/msg
-- Installing: /home/poom/Desktop/ros2_Turtlesim_CatchThemAll_ws/install/turtlesim_catch_them_all_interfaces/include/turtlesim_catch_them_all_interfaces/turtlesim_catch_them_all_interfaces/msg/rosidl_typesupport_introspection_c__visibility_control.h
-- Up-to-date: /home/poom/Desktop/ros2_Turtlesim_CatchThemAll_ws/install/turtlesim_catch_them_all_interfaces/include/turtlesim_catch_them_all_interfaces/turtlesim_catch_them_all_interfaces/msg/detail
-- Installing: /home/poom/Desktop/ros2_Turtlesim_CatchThemAll_ws/install/turtlesim_catch_them_all_interfaces/include/turtlesim_catch_them_all_interfaces/turtlesim_catch_them_all_interfaces/msg/detail/turtle_array__rosidl_typesupport_introspection_c.h
-- Installing: /home/poom/Desktop/ros2_Turtlesim_CatchThemAll_ws/install/turtlesim_catch_them_all_interfaces/include/turtlesim_catch_them_all_interfaces/turtlesim_catch_them_all_interfaces/msg/detail/turtle__type_support.c
-- Installing: /home/poom/Desktop/ros2_Turtlesim_CatchThemAll_ws/install/turtlesim_catch_them_all_interfaces/include/turtlesim_catch_them_all_interfaces/turtlesim_catch_them_all_interfaces/msg/detail/turtle__rosidl_typesupport_introspection_c.h
-- Installing: /home/poom/Desktop/ros2_Turtlesim_CatchThemAll_ws/install/turtlesim_catch_them_all_interfaces/include/turtlesim_catch_them_all_interfaces/turtlesim_catch_them_all_interfaces/msg/detail/turtle_array__type_support.c
-- Installing: /home/poom/Desktop/ros2_Turtlesim_CatchThemAll_ws/install/turtlesim_catch_them_all_interfaces/lib/libturtlesim_catch_them_all_interfaces__rosidl_typesupport_introspection_c.so
-- Set runtime path of "/home/poom/Desktop/ros2_Turtlesim_CatchThemAll_ws/install/turtlesim_catch_them_all_interfaces/lib/libturtlesim_catch_them_all_interfaces__rosidl_typesupport_introspection_c.so" to ""
-- Installing: /home/poom/Desktop/ros2_Turtlesim_CatchThemAll_ws/install/turtlesim_catch_them_all_interfaces/lib/libturtlesim_catch_them_all_interfaces__rosidl_typesupport_c.so
-- Set runtime path of "/home/poom/Desktop/ros2_Turtlesim_CatchThemAll_ws/install/turtlesim_catch_them_all_interfaces/lib/libturtlesim_catch_them_all_interfaces__rosidl_typesupport_c.so" to ""
-- Up-to-date: /home/poom/Desktop/ros2_Turtlesim_CatchThemAll_ws/install/turtlesim_catch_them_all_interfaces/include/turtlesim_catch_them_all_interfaces/turtlesim_catch_them_all_interfaces
-- Up-to-date: /home/poom/Desktop/ros2_Turtlesim_CatchThemAll_ws/install/turtlesim_catch_them_all_interfaces/include/turtlesim_catch_them_all_interfaces/turtlesim_catch_them_all_interfaces/msg
-- Up-to-date: /home/poom/Desktop/ros2_Turtlesim_CatchThemAll_ws/install/turtlesim_catch_them_all_interfaces/include/turtlesim_catch_them_all_interfaces/turtlesim_catch_them_all_interfaces/msg/detail
-- Installing: /home/poom/Desktop/ros2_Turtlesim_CatchThemAll_ws/install/turtlesim_catch_them_all_interfaces/include/turtlesim_catch_them_all_interfaces/turtlesim_catch_them_all_interfaces/msg/detail/turtle__traits.hpp
-- Installing: /home/poom/Desktop/ros2_Turtlesim_CatchThemAll_ws/install/turtlesim_catch_them_all_interfaces/include/turtlesim_catch_them_all_interfaces/turtlesim_catch_them_all_interfaces/msg/detail/turtle_array__builder.hpp
-- Installing: /home/poom/Desktop/ros2_Turtlesim_CatchThemAll_ws/install/turtlesim_catch_them_all_interfaces/include/turtlesim_catch_them_all_interfaces/turtlesim_catch_them_all_interfaces/msg/detail/turtle_array__struct.hpp
-- Installing: /home/poom/Desktop/ros2_Turtlesim_CatchThemAll_ws/install/turtlesim_catch_them_all_interfaces/include/turtlesim_catch_them_all_interfaces/turtlesim_catch_them_all_interfaces/msg/detail/turtle_array__traits.hpp
-- Installing: /home/poom/Desktop/ros2_Turtlesim_CatchThemAll_ws/install/turtlesim_catch_them_all_interfaces/include/turtlesim_catch_them_all_interfaces/turtlesim_catch_them_all_interfaces/msg/detail/turtle__struct.hpp
-- Installing: /home/poom/Desktop/ros2_Turtlesim_CatchThemAll_ws/install/turtlesim_catch_them_all_interfaces/include/turtlesim_catch_them_all_interfaces/turtlesim_catch_them_all_interfaces/msg/detail/turtle__builder.hpp
-- Installing: /home/poom/Desktop/ros2_Turtlesim_CatchThemAll_ws/install/turtlesim_catch_them_all_interfaces/include/turtlesim_catch_them_all_interfaces/turtlesim_catch_them_all_interfaces/msg/turtle.hpp
-- Installing: /home/poom/Desktop/ros2_Turtlesim_CatchThemAll_ws/install/turtlesim_catch_them_all_interfaces/include/turtlesim_catch_them_all_interfaces/turtlesim_catch_them_all_interfaces/msg/turtle_array.hpp
-- Up-to-date: /home/poom/Desktop/ros2_Turtlesim_CatchThemAll_ws/install/turtlesim_catch_them_all_interfaces/include/turtlesim_catch_them_all_interfaces/turtlesim_catch_them_all_interfaces
-- Up-to-date: /home/poom/Desktop/ros2_Turtlesim_CatchThemAll_ws/install/turtlesim_catch_them_all_interfaces/include/turtlesim_catch_them_all_interfaces/turtlesim_catch_them_all_interfaces/msg
-- Up-to-date: /home/poom/Desktop/ros2_Turtlesim_CatchThemAll_ws/install/turtlesim_catch_them_all_interfaces/include/turtlesim_catch_them_all_interfaces/turtlesim_catch_them_all_interfaces/msg/detail
-- Installing: /home/poom/Desktop/ros2_Turtlesim_CatchThemAll_ws/install/turtlesim_catch_them_all_interfaces/include/turtlesim_catch_them_all_interfaces/turtlesim_catch_them_all_interfaces/msg/detail/turtle_array__rosidl_typesupport_fastrtps_cpp.hpp
-- Installing: /home/poom/Desktop/ros2_Turtlesim_CatchThemAll_ws/install/turtlesim_catch_them_all_interfaces/include/turtlesim_catch_them_all_interfaces/turtlesim_catch_them_all_interfaces/msg/detail/dds_fastrtps
-- Installing: /home/poom/Desktop/ros2_Turtlesim_CatchThemAll_ws/install/turtlesim_catch_them_all_interfaces/include/turtlesim_catch_them_all_interfaces/turtlesim_catch_them_all_interfaces/msg/detail/turtle__rosidl_typesupport_fastrtps_cpp.hpp
-- Installing: /home/poom/Desktop/ros2_Turtlesim_CatchThemAll_ws/install/turtlesim_catch_them_all_interfaces/include/turtlesim_catch_them_all_interfaces/turtlesim_catch_them_all_interfaces/msg/rosidl_typesupport_fastrtps_cpp__visibility_control.h
-- Installing: /home/poom/Desktop/ros2_Turtlesim_CatchThemAll_ws/install/turtlesim_catch_them_all_interfaces/lib/libturtlesim_catch_them_all_interfaces__rosidl_typesupport_fastrtps_cpp.so
-- Set runtime path of "/home/poom/Desktop/ros2_Turtlesim_CatchThemAll_ws/install/turtlesim_catch_them_all_interfaces/lib/libturtlesim_catch_them_all_interfaces__rosidl_typesupport_fastrtps_cpp.so" to ""
-- Up-to-date: /home/poom/Desktop/ros2_Turtlesim_CatchThemAll_ws/install/turtlesim_catch_them_all_interfaces/include/turtlesim_catch_them_all_interfaces/turtlesim_catch_them_all_interfaces
-- Up-to-date: /home/poom/Desktop/ros2_Turtlesim_CatchThemAll_ws/install/turtlesim_catch_them_all_interfaces/include/turtlesim_catch_them_all_interfaces/turtlesim_catch_them_all_interfaces/msg
-- Up-to-date: /home/poom/Desktop/ros2_Turtlesim_CatchThemAll_ws/install/turtlesim_catch_them_all_interfaces/include/turtlesim_catch_them_all_interfaces/turtlesim_catch_them_all_interfaces/msg/detail
-- Installing: /home/poom/Desktop/ros2_Turtlesim_CatchThemAll_ws/install/turtlesim_catch_them_all_interfaces/include/turtlesim_catch_them_all_interfaces/turtlesim_catch_them_all_interfaces/msg/detail/turtle_array__type_support.cpp
-- Installing: /home/poom/Desktop/ros2_Turtlesim_CatchThemAll_ws/install/turtlesim_catch_them_all_interfaces/include/turtlesim_catch_them_all_interfaces/turtlesim_catch_them_all_interfaces/msg/detail/turtle__type_support.cpp
-- Installing: /home/poom/Desktop/ros2_Turtlesim_CatchThemAll_ws/install/turtlesim_catch_them_all_interfaces/include/turtlesim_catch_them_all_interfaces/turtlesim_catch_them_all_interfaces/msg/detail/turtle__rosidl_typesupport_introspection_cpp.hpp
-- Installing: /home/poom/Desktop/ros2_Turtlesim_CatchThemAll_ws/install/turtlesim_catch_them_all_interfaces/include/turtlesim_catch_them_all_interfaces/turtlesim_catch_them_all_interfaces/msg/detail/turtle_array__rosidl_typesupport_introspection_cpp.hpp
-- Installing: /home/poom/Desktop/ros2_Turtlesim_CatchThemAll_ws/install/turtlesim_catch_them_all_interfaces/lib/libturtlesim_catch_them_all_interfaces__rosidl_typesupport_introspection_cpp.so
-- Set runtime path of "/home/poom/Desktop/ros2_Turtlesim_CatchThemAll_ws/install/turtlesim_catch_them_all_interfaces/lib/libturtlesim_catch_them_all_interfaces__rosidl_typesupport_introspection_cpp.so" to ""
-- Installing: /home/poom/Desktop/ros2_Turtlesim_CatchThemAll_ws/install/turtlesim_catch_them_all_interfaces/lib/libturtlesim_catch_them_all_interfaces__rosidl_typesupport_cpp.so
-- Set runtime path of "/home/poom/Desktop/ros2_Turtlesim_CatchThemAll_ws/install/turtlesim_catch_them_all_interfaces/lib/libturtlesim_catch_them_all_interfaces__rosidl_typesupport_cpp.so" to ""
-- Installing: /home/poom/Desktop/ros2_Turtlesim_CatchThemAll_ws/install/turtlesim_catch_them_all_interfaces/share/turtlesim_catch_them_all_interfaces/environment/pythonpath.sh
-- Installing: /home/poom/Desktop/ros2_Turtlesim_CatchThemAll_ws/install/turtlesim_catch_them_all_interfaces/share/turtlesim_catch_them_all_interfaces/environment/pythonpath.dsv
-- Installing: /home/poom/Desktop/ros2_Turtlesim_CatchThemAll_ws/install/turtlesim_catch_them_all_interfaces/local/lib/python3.10/dist-packages/turtlesim_catch_them_all_interfaces-0.0.0-py3.10.egg-info
-- Installing: /home/poom/Desktop/ros2_Turtlesim_CatchThemAll_ws/install/turtlesim_catch_them_all_interfaces/local/lib/python3.10/dist-packages/turtlesim_catch_them_all_interfaces-0.0.0-py3.10.egg-info/top_level.txt
-- Installing: /home/poom/Desktop/ros2_Turtlesim_CatchThemAll_ws/install/turtlesim_catch_them_all_interfaces/local/lib/python3.10/dist-packages/turtlesim_catch_them_all_interfaces-0.0.0-py3.10.egg-info/dependency_links.txt
-- Installing: /home/poom/Desktop/ros2_Turtlesim_CatchThemAll_ws/install/turtlesim_catch_them_all_interfaces/local/lib/python3.10/dist-packages/turtlesim_catch_them_all_interfaces-0.0.0-py3.10.egg-info/SOURCES.txt
-- Installing: /home/poom/Desktop/ros2_Turtlesim_CatchThemAll_ws/install/turtlesim_catch_them_all_interfaces/local/lib/python3.10/dist-packages/turtlesim_catch_them_all_interfaces-0.0.0-py3.10.egg-info/PKG-INFO
-- Installing: /home/poom/Desktop/ros2_Turtlesim_CatchThemAll_ws/install/turtlesim_catch_them_all_interfaces/local/lib/python3.10/dist-packages/turtlesim_catch_them_all_interfaces
-- Installing: /home/poom/Desktop/ros2_Turtlesim_CatchThemAll_ws/install/turtlesim_catch_them_all_interfaces/local/lib/python3.10/dist-packages/turtlesim_catch_them_all_interfaces/turtlesim_catch_them_all_interfaces_s__rosidl_typesupport_introspection_c.cpython-310-x86_64-linux-gnu.so
-- Installing: /home/poom/Desktop/ros2_Turtlesim_CatchThemAll_ws/install/turtlesim_catch_them_all_interfaces/local/lib/python3.10/dist-packages/turtlesim_catch_them_all_interfaces/turtlesim_catch_them_all_interfaces_s__rosidl_typesupport_c.cpython-310-x86_64-linux-gnu.so
-- Installing: /home/poom/Desktop/ros2_Turtlesim_CatchThemAll_ws/install/turtlesim_catch_them_all_interfaces/local/lib/python3.10/dist-packages/turtlesim_catch_them_all_interfaces/_turtlesim_catch_them_all_interfaces_s.ep.rosidl_typesupport_fastrtps_c.c
-- Installing: /home/poom/Desktop/ros2_Turtlesim_CatchThemAll_ws/install/turtlesim_catch_them_all_interfaces/local/lib/python3.10/dist-packages/turtlesim_catch_them_all_interfaces/libturtlesim_catch_them_all_interfaces__rosidl_generator_py.so
-- Installing: /home/poom/Desktop/ros2_Turtlesim_CatchThemAll_ws/install/turtlesim_catch_them_all_interfaces/local/lib/python3.10/dist-packages/turtlesim_catch_them_all_interfaces/__init__.py
-- Installing: /home/poom/Desktop/ros2_Turtlesim_CatchThemAll_ws/install/turtlesim_catch_them_all_interfaces/local/lib/python3.10/dist-packages/turtlesim_catch_them_all_interfaces/msg
-- Installing: /home/poom/Desktop/ros2_Turtlesim_CatchThemAll_ws/install/turtlesim_catch_them_all_interfaces/local/lib/python3.10/dist-packages/turtlesim_catch_them_all_interfaces/msg/_turtle_s.c
-- Installing: /home/poom/Desktop/ros2_Turtlesim_CatchThemAll_ws/install/turtlesim_catch_them_all_interfaces/local/lib/python3.10/dist-packages/turtlesim_catch_them_all_interfaces/msg/__init__.py
-- Installing: /home/poom/Desktop/ros2_Turtlesim_CatchThemAll_ws/install/turtlesim_catch_them_all_interfaces/local/lib/python3.10/dist-packages/turtlesim_catch_them_all_interfaces/msg/_turtle_array.py
-- Installing: /home/poom/Desktop/ros2_Turtlesim_CatchThemAll_ws/install/turtlesim_catch_them_all_interfaces/local/lib/python3.10/dist-packages/turtlesim_catch_them_all_interfaces/msg/_turtle.py
-- Installing: /home/poom/Desktop/ros2_Turtlesim_CatchThemAll_ws/install/turtlesim_catch_them_all_interfaces/local/lib/python3.10/dist-packages/turtlesim_catch_them_all_interfaces/msg/_turtle_array_s.c
-- Installing: /home/poom/Desktop/ros2_Turtlesim_CatchThemAll_ws/install/turtlesim_catch_them_all_interfaces/local/lib/python3.10/dist-packages/turtlesim_catch_them_all_interfaces/turtlesim_catch_them_all_interfaces_s__rosidl_typesupport_fastrtps_c.cpython-310-x86_64-linux-gnu.so
-- Installing: /home/poom/Desktop/ros2_Turtlesim_CatchThemAll_ws/install/turtlesim_catch_them_all_interfaces/local/lib/python3.10/dist-packages/turtlesim_catch_them_all_interfaces/_turtlesim_catch_them_all_interfaces_s.ep.rosidl_typesupport_introspection_c.c
-- Installing: /home/poom/Desktop/ros2_Turtlesim_CatchThemAll_ws/install/turtlesim_catch_them_all_interfaces/local/lib/python3.10/dist-packages/turtlesim_catch_them_all_interfaces/_turtlesim_catch_them_all_interfaces_s.ep.rosidl_typesupport_c.c
Listing '/home/poom/Desktop/ros2_Turtlesim_CatchThemAll_ws/install/turtlesim_catch_them_all_interfaces/local/lib/python3.10/dist-packages/turtlesim_catch_them_all_interfaces'...
Compiling '/home/poom/Desktop/ros2_Turtlesim_CatchThemAll_ws/install/turtlesim_catch_them_all_interfaces/local/lib/python3.10/dist-packages/turtlesim_catch_them_all_interfaces/__init__.py'...
Listing '/home/poom/Desktop/ros2_Turtlesim_CatchThemAll_ws/install/turtlesim_catch_them_all_interfaces/local/lib/python3.10/dist-packages/turtlesim_catch_them_all_interfaces/msg'...
Compiling '/home/poom/Desktop/ros2_Turtlesim_CatchThemAll_ws/install/turtlesim_catch_them_all_interfaces/local/lib/python3.10/dist-packages/turtlesim_catch_them_all_interfaces/msg/__init__.py'...
Compiling '/home/poom/Desktop/ros2_Turtlesim_CatchThemAll_ws/install/turtlesim_catch_them_all_interfaces/local/lib/python3.10/dist-packages/turtlesim_catch_them_all_interfaces/msg/_turtle.py'...
Compiling '/home/poom/Desktop/ros2_Turtlesim_CatchThemAll_ws/install/turtlesim_catch_them_all_interfaces/local/lib/python3.10/dist-packages/turtlesim_catch_them_all_interfaces/msg/_turtle_array.py'...
-- Installing: /home/poom/Desktop/ros2_Turtlesim_CatchThemAll_ws/install/turtlesim_catch_them_all_interfaces/local/lib/python3.10/dist-packages/turtlesim_catch_them_all_interfaces/turtlesim_catch_them_all_interfaces_s__rosidl_typesupport_fastrtps_c.cpython-310-x86_64-linux-gnu.so
-- Set runtime path of "/home/poom/Desktop/ros2_Turtlesim_CatchThemAll_ws/install/turtlesim_catch_them_all_interfaces/local/lib/python3.10/dist-packages/turtlesim_catch_them_all_interfaces/turtlesim_catch_them_all_interfaces_s__rosidl_typesupport_fastrtps_c.cpython-310-x86_64-linux-gnu.so" to ""
-- Installing: /home/poom/Desktop/ros2_Turtlesim_CatchThemAll_ws/install/turtlesim_catch_them_all_interfaces/local/lib/python3.10/dist-packages/turtlesim_catch_them_all_interfaces/turtlesim_catch_them_all_interfaces_s__rosidl_typesupport_introspection_c.cpython-310-x86_64-linux-gnu.so
-- Set runtime path of "/home/poom/Desktop/ros2_Turtlesim_CatchThemAll_ws/install/turtlesim_catch_them_all_interfaces/local/lib/python3.10/dist-packages/turtlesim_catch_them_all_interfaces/turtlesim_catch_them_all_interfaces_s__rosidl_typesupport_introspection_c.cpython-310-x86_64-linux-gnu.so" to ""
-- Installing: /home/poom/Desktop/ros2_Turtlesim_CatchThemAll_ws/install/turtlesim_catch_them_all_interfaces/local/lib/python3.10/dist-packages/turtlesim_catch_them_all_interfaces/turtlesim_catch_them_all_interfaces_s__rosidl_typesupport_c.cpython-310-x86_64-linux-gnu.so
-- Set runtime path of "/home/poom/Desktop/ros2_Turtlesim_CatchThemAll_ws/install/turtlesim_catch_them_all_interfaces/local/lib/python3.10/dist-packages/turtlesim_catch_them_all_interfaces/turtlesim_catch_them_all_interfaces_s__rosidl_typesupport_c.cpython-310-x86_64-linux-gnu.so" to ""
-- Installing: /home/poom/Desktop/ros2_Turtlesim_CatchThemAll_ws/install/turtlesim_catch_them_all_interfaces/lib/libturtlesim_catch_them_all_interfaces__rosidl_generator_py.so
-- Set runtime path of "/home/poom/Desktop/ros2_Turtlesim_CatchThemAll_ws/install/turtlesim_catch_them_all_interfaces/lib/libturtlesim_catch_them_all_interfaces__rosidl_generator_py.so" to ""
-- Installing: /home/poom/Desktop/ros2_Turtlesim_CatchThemAll_ws/install/turtlesim_catch_them_all_interfaces/share/turtlesim_catch_them_all_interfaces/msg/Turtle.idl
-- Installing: /home/poom/Desktop/ros2_Turtlesim_CatchThemAll_ws/install/turtlesim_catch_them_all_interfaces/share/turtlesim_catch_them_all_interfaces/msg/TurtleArray.idl
-- Installing: /home/poom/Desktop/ros2_Turtlesim_CatchThemAll_ws/install/turtlesim_catch_them_all_interfaces/share/turtlesim_catch_them_all_interfaces/msg/Turtle.msg
-- Installing: /home/poom/Desktop/ros2_Turtlesim_CatchThemAll_ws/install/turtlesim_catch_them_all_interfaces/share/turtlesim_catch_them_all_interfaces/msg/TurtleArray.msg
-- Installing: /home/poom/Desktop/ros2_Turtlesim_CatchThemAll_ws/install/turtlesim_catch_them_all_interfaces/share/ament_index/resource_index/package_run_dependencies/turtlesim_catch_them_all_interfaces
-- Installing: /home/poom/Desktop/ros2_Turtlesim_CatchThemAll_ws/install/turtlesim_catch_them_all_interfaces/share/ament_index/resource_index/parent_prefix_path/turtlesim_catch_them_all_interfaces
-- Installing: /home/poom/Desktop/ros2_Turtlesim_CatchThemAll_ws/install/turtlesim_catch_them_all_interfaces/share/turtlesim_catch_them_all_interfaces/environment/ament_prefix_path.sh
-- Installing: /home/poom/Desktop/ros2_Turtlesim_CatchThemAll_ws/install/turtlesim_catch_them_all_interfaces/share/turtlesim_catch_them_all_interfaces/environment/ament_prefix_path.dsv
-- Installing: /home/poom/Desktop/ros2_Turtlesim_CatchThemAll_ws/install/turtlesim_catch_them_all_interfaces/share/turtlesim_catch_them_all_interfaces/environment/path.sh
-- Installing: /home/poom/Desktop/ros2_Turtlesim_CatchThemAll_ws/install/turtlesim_catch_them_all_interfaces/share/turtlesim_catch_them_all_interfaces/environment/path.dsv
-- Installing: /home/poom/Desktop/ros2_Turtlesim_CatchThemAll_ws/install/turtlesim_catch_them_all_interfaces/share/turtlesim_catch_them_all_interfaces/local_setup.bash
-- Installing: /home/poom/Desktop/ros2_Turtlesim_CatchThemAll_ws/install/turtlesim_catch_them_all_interfaces/share/turtlesim_catch_them_all_interfaces/local_setup.sh
-- Installing: /home/poom/Desktop/ros2_Turtlesim_CatchThemAll_ws/install/turtlesim_catch_them_all_interfaces/share/turtlesim_catch_them_all_interfaces/local_setup.zsh
-- Installing: /home/poom/Desktop/ros2_Turtlesim_CatchThemAll_ws/install/turtlesim_catch_them_all_interfaces/share/turtlesim_catch_them_all_interfaces/local_setup.dsv
-- Installing: /home/poom/Desktop/ros2_Turtlesim_CatchThemAll_ws/install/turtlesim_catch_them_all_interfaces/share/turtlesim_catch_them_all_interfaces/package.dsv
-- Installing: /home/poom/Desktop/ros2_Turtlesim_CatchThemAll_ws/install/turtlesim_catch_them_all_interfaces/share/ament_index/resource_index/packages/turtlesim_catch_them_all_interfaces
-- Installing: /home/poom/Desktop/ros2_Turtlesim_CatchThemAll_ws/install/turtlesim_catch_them_all_interfaces/share/turtlesim_catch_them_all_interfaces/cmake/export_turtlesim_catch_them_all_interfaces__rosidl_generator_cExport.cmake
-- Installing: /home/poom/Desktop/ros2_Turtlesim_CatchThemAll_ws/install/turtlesim_catch_them_all_interfaces/share/turtlesim_catch_them_all_interfaces/cmake/export_turtlesim_catch_them_all_interfaces__rosidl_generator_cExport-noconfig.cmake
-- Installing: /home/poom/Desktop/ros2_Turtlesim_CatchThemAll_ws/install/turtlesim_catch_them_all_interfaces/share/turtlesim_catch_them_all_interfaces/cmake/export_turtlesim_catch_them_all_interfaces__rosidl_typesupport_fastrtps_cExport.cmake
-- Installing: /home/poom/Desktop/ros2_Turtlesim_CatchThemAll_ws/install/turtlesim_catch_them_all_interfaces/share/turtlesim_catch_them_all_interfaces/cmake/export_turtlesim_catch_them_all_interfaces__rosidl_typesupport_fastrtps_cExport-noconfig.cmake
-- Installing: /home/poom/Desktop/ros2_Turtlesim_CatchThemAll_ws/install/turtlesim_catch_them_all_interfaces/share/turtlesim_catch_them_all_interfaces/cmake/turtlesim_catch_them_all_interfaces__rosidl_typesupport_introspection_cExport.cmake
-- Installing: /home/poom/Desktop/ros2_Turtlesim_CatchThemAll_ws/install/turtlesim_catch_them_all_interfaces/share/turtlesim_catch_them_all_interfaces/cmake/turtlesim_catch_them_all_interfaces__rosidl_typesupport_introspection_cExport-noconfig.cmake
-- Installing: /home/poom/Desktop/ros2_Turtlesim_CatchThemAll_ws/install/turtlesim_catch_them_all_interfaces/share/turtlesim_catch_them_all_interfaces/cmake/turtlesim_catch_them_all_interfaces__rosidl_typesupport_cExport.cmake
-- Installing: /home/poom/Desktop/ros2_Turtlesim_CatchThemAll_ws/install/turtlesim_catch_them_all_interfaces/share/turtlesim_catch_them_all_interfaces/cmake/turtlesim_catch_them_all_interfaces__rosidl_typesupport_cExport-noconfig.cmake
-- Installing: /home/poom/Desktop/ros2_Turtlesim_CatchThemAll_ws/install/turtlesim_catch_them_all_interfaces/share/turtlesim_catch_them_all_interfaces/cmake/export_turtlesim_catch_them_all_interfaces__rosidl_generator_cppExport.cmake
-- Installing: /home/poom/Desktop/ros2_Turtlesim_CatchThemAll_ws/install/turtlesim_catch_them_all_interfaces/share/turtlesim_catch_them_all_interfaces/cmake/export_turtlesim_catch_them_all_interfaces__rosidl_typesupport_fastrtps_cppExport.cmake
-- Installing: /home/poom/Desktop/ros2_Turtlesim_CatchThemAll_ws/install/turtlesim_catch_them_all_interfaces/share/turtlesim_catch_them_all_interfaces/cmake/export_turtlesim_catch_them_all_interfaces__rosidl_typesupport_fastrtps_cppExport-noconfig.cmake
-- Installing: /home/poom/Desktop/ros2_Turtlesim_CatchThemAll_ws/install/turtlesim_catch_them_all_interfaces/share/turtlesim_catch_them_all_interfaces/cmake/turtlesim_catch_them_all_interfaces__rosidl_typesupport_introspection_cppExport.cmake
-- Installing: /home/poom/Desktop/ros2_Turtlesim_CatchThemAll_ws/install/turtlesim_catch_them_all_interfaces/share/turtlesim_catch_them_all_interfaces/cmake/turtlesim_catch_them_all_interfaces__rosidl_typesupport_introspection_cppExport-noconfig.cmake
-- Installing: /home/poom/Desktop/ros2_Turtlesim_CatchThemAll_ws/install/turtlesim_catch_them_all_interfaces/share/turtlesim_catch_them_all_interfaces/cmake/turtlesim_catch_them_all_interfaces__rosidl_typesupport_cppExport.cmake
-- Installing: /home/poom/Desktop/ros2_Turtlesim_CatchThemAll_ws/install/turtlesim_catch_them_all_interfaces/share/turtlesim_catch_them_all_interfaces/cmake/turtlesim_catch_them_all_interfaces__rosidl_typesupport_cppExport-noconfig.cmake
-- Installing: /home/poom/Desktop/ros2_Turtlesim_CatchThemAll_ws/install/turtlesim_catch_them_all_interfaces/share/turtlesim_catch_them_all_interfaces/cmake/export_turtlesim_catch_them_all_interfaces__rosidl_generator_pyExport.cmake
-- Installing: /home/poom/Desktop/ros2_Turtlesim_CatchThemAll_ws/install/turtlesim_catch_them_all_interfaces/share/turtlesim_catch_them_all_interfaces/cmake/export_turtlesim_catch_them_all_interfaces__rosidl_generator_pyExport-noconfig.cmake
-- Installing: /home/poom/Desktop/ros2_Turtlesim_CatchThemAll_ws/install/turtlesim_catch_them_all_interfaces/share/turtlesim_catch_them_all_interfaces/cmake/rosidl_cmake-extras.cmake
-- Installing: /home/poom/Desktop/ros2_Turtlesim_CatchThemAll_ws/install/turtlesim_catch_them_all_interfaces/share/turtlesim_catch_them_all_interfaces/cmake/ament_cmake_export_include_directories-extras.cmake
-- Installing: /home/poom/Desktop/ros2_Turtlesim_CatchThemAll_ws/install/turtlesim_catch_them_all_interfaces/share/turtlesim_catch_them_all_interfaces/cmake/ament_cmake_export_libraries-extras.cmake
-- Installing: /home/poom/Desktop/ros2_Turtlesim_CatchThemAll_ws/install/turtlesim_catch_them_all_interfaces/share/turtlesim_catch_them_all_interfaces/cmake/ament_cmake_export_targets-extras.cmake
-- Installing: /home/poom/Desktop/ros2_Turtlesim_CatchThemAll_ws/install/turtlesim_catch_them_all_interfaces/share/turtlesim_catch_them_all_interfaces/cmake/rosidl_cmake_export_typesupport_targets-extras.cmake
-- Installing: /home/poom/Desktop/ros2_Turtlesim_CatchThemAll_ws/install/turtlesim_catch_them_all_interfaces/share/turtlesim_catch_them_all_interfaces/cmake/ament_cmake_export_dependencies-extras.cmake
-- Installing: /home/poom/Desktop/ros2_Turtlesim_CatchThemAll_ws/install/turtlesim_catch_them_all_interfaces/share/turtlesim_catch_them_all_interfaces/cmake/rosidl_cmake_export_typesupport_libraries-extras.cmake
-- Installing: /home/poom/Desktop/ros2_Turtlesim_CatchThemAll_ws/install/turtlesim_catch_them_all_interfaces/share/turtlesim_catch_them_all_interfaces/cmake/turtlesim_catch_them_all_interfacesConfig.cmake
-- Installing: /home/poom/Desktop/ros2_Turtlesim_CatchThemAll_ws/install/turtlesim_catch_them_all_interfaces/share/turtlesim_catch_them_all_interfaces/cmake/turtlesim_catch_them_all_interfacesConfig-version.cmake
-- Installing: /home/poom/Desktop/ros2_Turtlesim_CatchThemAll_ws/install/turtlesim_catch_them_all_interfaces/share/turtlesim_catch_them_all_interfaces/package.xml
