[0.010s] Invoking command in '/home/poom/Desktop/ros2_Turtlesim_CatchThemAll_ws/build/turtlesim_catch_them_all_interfaces': CMAKE_PREFIX_PATH=${CMAKE_PREFIX_PATH}:/home/poom/Desktop/ros2_Turtlesim_CatchThemAll_ws/install/turtlesim_catch_them_all:/home/poom/Desktop/ROS2_MiniProject/ros2_ws/install/my_py_pkg:/home/poom/ros2_ws/install/my_py_pkg:/opt/ros/humble /usr/bin/cmake /home/poom/Desktop/ros2_Turtlesim_CatchThemAll_ws/src/turtlesim_catch_them_all_interfaces -DCMAKE_INSTALL_PREFIX=/home/poom/Desktop/ros2_Turtlesim_CatchThemAll_ws/install/turtlesim_catch_them_all_interfaces
[0.039s] -- The C compiler identification is GNU 11.4.0
[0.067s] -- The CXX compiler identification is GNU 11.4.0
[0.071s] -- Detecting C compiler ABI info
[0.108s] -- Detecting C compiler ABI info - done
[0.111s] -- Check for working C compiler: /usr/bin/cc - skipped
[0.112s] -- Detecting C compile features
[0.112s] -- Detecting C compile features - done
[0.120s] -- Detecting CXX compiler ABI info
[0.166s] -- Detecting CXX compiler ABI info - done
[0.170s] -- Check for working CXX compiler: /usr/bin/c++ - skipped
[0.170s] -- Detecting CXX compile features
[0.170s] -- Detecting CXX compile features - done
[0.174s] -- Found ament_cmake: 1.3.10 (/opt/ros/humble/share/ament_cmake/cmake)
[0.252s] -- Found Python3: /usr/bin/python3 (found version "3.10.12") found components: Interpreter 
[0.297s] -- Found rosidl_default_generators: 1.2.0 (/opt/ros/humble/share/rosidl_default_generators/cmake)
[0.299s] -- Using all available rosidl_typesupport_c: rosidl_typesupport_fastrtps_c;rosidl_typesupport_introspection_c
[0.305s] -- Found rosidl_adapter: 3.1.5 (/opt/ros/humble/share/rosidl_adapter/cmake)
[0.320s] -- Using all available rosidl_typesupport_cpp: rosidl_typesupport_fastrtps_cpp;rosidl_typesupport_introspection_cpp
[0.467s] -- Found ament_cmake_ros: 0.10.0 (/opt/ros/humble/share/ament_cmake_ros/cmake)
[0.562s] -- Using all available rosidl_typesupport_c: rosidl_typesupport_fastrtps_c;rosidl_typesupport_introspection_c
[0.689s] -- Using all available rosidl_typesupport_cpp: rosidl_typesupport_fastrtps_cpp;rosidl_typesupport_introspection_cpp
[0.700s] -- Found PythonInterp: /usr/bin/python3 (found suitable version "3.10.12", minimum required is "3.6") 
[0.701s] -- Found python_cmake_module: 0.10.0 (/opt/ros/humble/share/python_cmake_module/cmake)
[0.714s] -- Found PythonLibs: /usr/lib/x86_64-linux-gnu/libpython3.10.so (found suitable version "3.10.12", minimum required is "3.5") 
[0.714s] -- Using PYTHON_EXECUTABLE: /usr/bin/python3
[0.714s] -- Using PYTHON_INCLUDE_DIRS: /usr/include/python3.10
[0.714s] -- Using PYTHON_LIBRARIES: /usr/lib/x86_64-linux-gnu/libpython3.10.so
[0.725s] -- Found PythonExtra: .so  
[0.746s] -- Configuring done
[0.761s] -- Generating done
[0.762s] -- Build files have been written to: /home/poom/Desktop/ros2_Turtlesim_CatchThemAll_ws/build/turtlesim_catch_them_all_interfaces
[0.767s] Invoked command in '/home/poom/Desktop/ros2_Turtlesim_CatchThemAll_ws/build/turtlesim_catch_them_all_interfaces' returned '0': CMAKE_PREFIX_PATH=${CMAKE_PREFIX_PATH}:/home/poom/Desktop/ros2_Turtlesim_CatchThemAll_ws/install/turtlesim_catch_them_all:/home/poom/Desktop/ROS2_MiniProject/ros2_ws/install/my_py_pkg:/home/poom/ros2_ws/install/my_py_pkg:/opt/ros/humble /usr/bin/cmake /home/poom/Desktop/ros2_Turtlesim_CatchThemAll_ws/src/turtlesim_catch_them_all_interfaces -DCMAKE_INSTALL_PREFIX=/home/poom/Desktop/ros2_Turtlesim_CatchThemAll_ws/install/turtlesim_catch_them_all_interfaces
[0.768s] Invoking command in '/home/poom/Desktop/ros2_Turtlesim_CatchThemAll_ws/build/turtlesim_catch_them_all_interfaces': CMAKE_PREFIX_PATH=${CMAKE_PREFIX_PATH}:/home/poom/Desktop/ros2_Turtlesim_CatchThemAll_ws/install/turtlesim_catch_them_all:/home/poom/Desktop/ROS2_MiniProject/ros2_ws/install/my_py_pkg:/home/poom/ros2_ws/install/my_py_pkg:/opt/ros/humble /usr/bin/cmake --build /home/poom/Desktop/ros2_Turtlesim_CatchThemAll_ws/build/turtlesim_catch_them_all_interfaces -- -j16 -l16
[0.792s] [  2%] [34m[1mGenerating C code for ROS interfaces[0m
[0.797s] [  5%] [34m[1mGenerating C++ code for ROS interfaces[0m
[0.802s] [  5%] Built target ament_cmake_python_copy_turtlesim_catch_them_all_interfaces
[0.951s] running egg_info
[0.951s] creating turtlesim_catch_them_all_interfaces.egg-info
[0.951s] writing turtlesim_catch_them_all_interfaces.egg-info/PKG-INFO
[0.951s] writing dependency_links to turtlesim_catch_them_all_interfaces.egg-info/dependency_links.txt
[0.951s] writing top-level names to turtlesim_catch_them_all_interfaces.egg-info/top_level.txt
[0.951s] writing manifest file 'turtlesim_catch_them_all_interfaces.egg-info/SOURCES.txt'
[0.953s] reading manifest file 'turtlesim_catch_them_all_interfaces.egg-info/SOURCES.txt'
[0.953s] writing manifest file 'turtlesim_catch_them_all_interfaces.egg-info/SOURCES.txt'
[0.975s] [  5%] Built target ament_cmake_python_build_turtlesim_catch_them_all_interfaces_egg
[0.979s] [  5%] Built target turtlesim_catch_them_all_interfaces__cpp
[0.983s] [  7%] [32mBuilding C object CMakeFiles/turtlesim_catch_them_all_interfaces__rosidl_generator_c.dir/rosidl_generator_c/turtlesim_catch_them_all_interfaces/msg/detail/turtle__functions.c.o[0m
[0.983s] [ 10%] [32mBuilding C object CMakeFiles/turtlesim_catch_them_all_interfaces__rosidl_generator_c.dir/rosidl_generator_c/turtlesim_catch_them_all_interfaces/msg/detail/turtle_array__functions.c.o[0m
[0.984s] [ 15%] [34m[1mGenerating C++ type support for eProsima Fast-RTPS[0m
[0.984s] [ 15%] [34m[1mGenerating C++ type support dispatch for ROS interfaces[0m
[0.985s] [ 17%] [34m[1mGenerating C++ introspection for ROS interfaces[0m
[1.035s] [ 20%] [32m[1mLinking C shared library libturtlesim_catch_them_all_interfaces__rosidl_generator_c.so[0m
[1.060s] [ 20%] Built target turtlesim_catch_them_all_interfaces__rosidl_generator_c
[1.066s] [ 23%] [34m[1mGenerating C type support for eProsima Fast-RTPS[0m
[1.066s] [ 25%] [34m[1mGenerating C introspection for ROS interfaces[0m
[1.066s] [ 28%] [34m[1mGenerating C type support dispatch for ROS interfaces[0m
[1.158s] [ 30%] [32mBuilding CXX object CMakeFiles/turtlesim_catch_them_all_interfaces__rosidl_typesupport_cpp.dir/rosidl_typesupport_cpp/turtlesim_catch_them_all_interfaces/msg/turtle__type_support.cpp.o[0m
[1.165s] [ 33%] [32mBuilding CXX object CMakeFiles/turtlesim_catch_them_all_interfaces__rosidl_typesupport_cpp.dir/rosidl_typesupport_cpp/turtlesim_catch_them_all_interfaces/msg/turtle_array__type_support.cpp.o[0m
[1.175s] [ 35%] [32mBuilding CXX object CMakeFiles/turtlesim_catch_them_all_interfaces__rosidl_typesupport_introspection_cpp.dir/rosidl_typesupport_introspection_cpp/turtlesim_catch_them_all_interfaces/msg/detail/turtle__type_support.cpp.o[0m
[1.175s] [ 38%] [32mBuilding CXX object CMakeFiles/turtlesim_catch_them_all_interfaces__rosidl_typesupport_introspection_cpp.dir/rosidl_typesupport_introspection_cpp/turtlesim_catch_them_all_interfaces/msg/detail/turtle_array__type_support.cpp.o[0m
[1.180s] [ 41%] [32mBuilding CXX object CMakeFiles/turtlesim_catch_them_all_interfaces__rosidl_typesupport_fastrtps_cpp.dir/rosidl_typesupport_fastrtps_cpp/turtlesim_catch_them_all_interfaces/msg/detail/dds_fastrtps/turtle_array__type_support.cpp.o[0m
[1.181s] [ 43%] [32mBuilding CXX object CMakeFiles/turtlesim_catch_them_all_interfaces__rosidl_typesupport_fastrtps_cpp.dir/rosidl_typesupport_fastrtps_cpp/turtlesim_catch_them_all_interfaces/msg/detail/dds_fastrtps/turtle__type_support.cpp.o[0m
[1.250s] [ 46%] [32mBuilding CXX object CMakeFiles/turtlesim_catch_them_all_interfaces__rosidl_typesupport_c.dir/rosidl_typesupport_c/turtlesim_catch_them_all_interfaces/msg/turtle__type_support.cpp.o[0m
[1.252s] [ 48%] [32mBuilding CXX object CMakeFiles/turtlesim_catch_them_all_interfaces__rosidl_typesupport_c.dir/rosidl_typesupport_c/turtlesim_catch_them_all_interfaces/msg/turtle_array__type_support.cpp.o[0m
[1.268s] [ 51%] [32mBuilding C object CMakeFiles/turtlesim_catch_them_all_interfaces__rosidl_typesupport_introspection_c.dir/rosidl_typesupport_introspection_c/turtlesim_catch_them_all_interfaces/msg/detail/turtle_array__type_support.c.o[0m
[1.269s] [ 53%] [32mBuilding C object CMakeFiles/turtlesim_catch_them_all_interfaces__rosidl_typesupport_introspection_c.dir/rosidl_typesupport_introspection_c/turtlesim_catch_them_all_interfaces/msg/detail/turtle__type_support.c.o[0m
[1.274s] [ 56%] [32mBuilding CXX object CMakeFiles/turtlesim_catch_them_all_interfaces__rosidl_typesupport_fastrtps_c.dir/rosidl_typesupport_fastrtps_c/turtlesim_catch_them_all_interfaces/msg/detail/turtle__type_support_c.cpp.o[0m
[1.275s] [ 58%] [32mBuilding CXX object CMakeFiles/turtlesim_catch_them_all_interfaces__rosidl_typesupport_fastrtps_c.dir/rosidl_typesupport_fastrtps_c/turtlesim_catch_them_all_interfaces/msg/detail/turtle_array__type_support_c.cpp.o[0m
[1.279s] [ 61%] [32m[1mLinking CXX shared library libturtlesim_catch_them_all_interfaces__rosidl_typesupport_c.so[0m
[1.298s] [ 64%] [32m[1mLinking C shared library libturtlesim_catch_them_all_interfaces__rosidl_typesupport_introspection_c.so[0m
[1.315s] [ 64%] Built target turtlesim_catch_them_all_interfaces__rosidl_typesupport_c
[1.336s] [ 64%] Built target turtlesim_catch_them_all_interfaces__rosidl_typesupport_introspection_c
[2.108s] [ 66%] [32m[1mLinking CXX shared library libturtlesim_catch_them_all_interfaces__rosidl_typesupport_cpp.so[0m
[2.299s] [ 66%] Built target turtlesim_catch_them_all_interfaces__rosidl_typesupport_cpp
[2.696s] [ 69%] [32m[1mLinking CXX shared library libturtlesim_catch_them_all_interfaces__rosidl_typesupport_introspection_cpp.so[0m
[2.701s] [ 71%] [32m[1mLinking CXX shared library libturtlesim_catch_them_all_interfaces__rosidl_typesupport_fastrtps_c.so[0m
[2.708s] [ 74%] [32m[1mLinking CXX shared library libturtlesim_catch_them_all_interfaces__rosidl_typesupport_fastrtps_cpp.so[0m
[2.743s] [ 74%] Built target turtlesim_catch_them_all_interfaces__rosidl_typesupport_introspection_cpp
[2.746s] [ 74%] Built target turtlesim_catch_them_all_interfaces__rosidl_typesupport_fastrtps_c
[2.753s] [ 74%] Built target turtlesim_catch_them_all_interfaces__rosidl_typesupport_fastrtps_cpp
[2.764s] [ 74%] Built target turtlesim_catch_them_all_interfaces
[2.776s] [ 76%] [34m[1mGenerating Python code for ROS interfaces[0m
[2.954s] [ 76%] Built target turtlesim_catch_them_all_interfaces__py
[2.964s] [ 79%] [32mBuilding C object CMakeFiles/turtlesim_catch_them_all_interfaces__rosidl_generator_py.dir/rosidl_generator_py/turtlesim_catch_them_all_interfaces/msg/_turtle_s.c.o[0m
[2.964s] [ 82%] [32mBuilding C object CMakeFiles/turtlesim_catch_them_all_interfaces__rosidl_generator_py.dir/rosidl_generator_py/turtlesim_catch_them_all_interfaces/msg/_turtle_array_s.c.o[0m
[3.049s] [ 84%] [32m[1mLinking C shared library rosidl_generator_py/turtlesim_catch_them_all_interfaces/libturtlesim_catch_them_all_interfaces__rosidl_generator_py.so[0m
[3.070s] [ 84%] Built target turtlesim_catch_them_all_interfaces__rosidl_generator_py
[3.087s] [ 87%] [32mBuilding C object CMakeFiles/turtlesim_catch_them_all_interfaces__rosidl_typesupport_introspection_c__pyext.dir/rosidl_generator_py/turtlesim_catch_them_all_interfaces/_turtlesim_catch_them_all_interfaces_s.ep.rosidl_typesupport_introspection_c.c.o[0m
[3.088s] [ 89%] [32mBuilding C object CMakeFiles/turtlesim_catch_them_all_interfaces__rosidl_typesupport_fastrtps_c__pyext.dir/rosidl_generator_py/turtlesim_catch_them_all_interfaces/_turtlesim_catch_them_all_interfaces_s.ep.rosidl_typesupport_fastrtps_c.c.o[0m
[3.089s] [ 92%] [32mBuilding C object CMakeFiles/turtlesim_catch_them_all_interfaces__rosidl_typesupport_c__pyext.dir/rosidl_generator_py/turtlesim_catch_them_all_interfaces/_turtlesim_catch_them_all_interfaces_s.ep.rosidl_typesupport_c.c.o[0m
[3.145s] [ 94%] [32m[1mLinking C shared library rosidl_generator_py/turtlesim_catch_them_all_interfaces/turtlesim_catch_them_all_interfaces_s__rosidl_typesupport_c.cpython-310-x86_64-linux-gnu.so[0m
[3.145s] [ 97%] [32m[1mLinking C shared library rosidl_generator_py/turtlesim_catch_them_all_interfaces/turtlesim_catch_them_all_interfaces_s__rosidl_typesupport_introspection_c.cpython-310-x86_64-linux-gnu.so[0m
[3.145s] [100%] [32m[1mLinking C shared library rosidl_generator_py/turtlesim_catch_them_all_interfaces/turtlesim_catch_them_all_interfaces_s__rosidl_typesupport_fastrtps_c.cpython-310-x86_64-linux-gnu.so[0m
[3.164s] [100%] Built target turtlesim_catch_them_all_interfaces__rosidl_typesupport_introspection_c__pyext
[3.164s] [100%] Built target turtlesim_catch_them_all_interfaces__rosidl_typesupport_c__pyext
[3.164s] [100%] Built target turtlesim_catch_them_all_interfaces__rosidl_typesupport_fastrtps_c__pyext
[3.173s] Invoked command in '/home/poom/Desktop/ros2_Turtlesim_CatchThemAll_ws/build/turtlesim_catch_them_all_interfaces' returned '0': CMAKE_PREFIX_PATH=${CMAKE_PREFIX_PATH}:/home/poom/Desktop/ros2_Turtlesim_CatchThemAll_ws/install/turtlesim_catch_them_all:/home/poom/Desktop/ROS2_MiniProject/ros2_ws/install/my_py_pkg:/home/poom/ros2_ws/install/my_py_pkg:/opt/ros/humble /usr/bin/cmake --build /home/poom/Desktop/ros2_Turtlesim_CatchThemAll_ws/build/turtlesim_catch_them_all_interfaces -- -j16 -l16
[3.227s] Invoking command in '/home/poom/Desktop/ros2_Turtlesim_CatchThemAll_ws/build/turtlesim_catch_them_all_interfaces': CMAKE_PREFIX_PATH=${CMAKE_PREFIX_PATH}:/home/poom/Desktop/ros2_Turtlesim_CatchThemAll_ws/install/turtlesim_catch_them_all:/home/poom/Desktop/ROS2_MiniProject/ros2_ws/install/my_py_pkg:/home/poom/ros2_ws/install/my_py_pkg:/opt/ros/humble /usr/bin/cmake --install /home/poom/Desktop/ros2_Turtlesim_CatchThemAll_ws/build/turtlesim_catch_them_all_interfaces
[3.231s] -- Install configuration: ""
[3.231s] -- Installing: /home/poom/Desktop/ros2_Turtlesim_CatchThemAll_ws/install/turtlesim_catch_them_all_interfaces/share/ament_index/resource_index/rosidl_interfaces/turtlesim_catch_them_all_interfaces
[3.231s] -- Installing: /home/poom/Desktop/ros2_Turtlesim_CatchThemAll_ws/install/turtlesim_catch_them_all_interfaces/include/turtlesim_catch_them_all_interfaces/turtlesim_catch_them_all_interfaces
[3.232s] -- Installing: /home/poom/Desktop/ros2_Turtlesim_CatchThemAll_ws/install/turtlesim_catch_them_all_interfaces/include/turtlesim_catch_them_all_interfaces/turtlesim_catch_them_all_interfaces/msg
[3.232s] -- Installing: /home/poom/Desktop/ros2_Turtlesim_CatchThemAll_ws/install/turtlesim_catch_them_all_interfaces/include/turtlesim_catch_them_all_interfaces/turtlesim_catch_them_all_interfaces/msg/turtle.h
[3.232s] -- Installing: /home/poom/Desktop/ros2_Turtlesim_CatchThemAll_ws/install/turtlesim_catch_them_all_interfaces/include/turtlesim_catch_them_all_interfaces/turtlesim_catch_them_all_interfaces/msg/turtle_array.h
[3.232s] -- Installing: /home/poom/Desktop/ros2_Turtlesim_CatchThemAll_ws/install/turtlesim_catch_them_all_interfaces/include/turtlesim_catch_them_all_interfaces/turtlesim_catch_them_all_interfaces/msg/detail
[3.232s] -- Installing: /home/poom/Desktop/ros2_Turtlesim_CatchThemAll_ws/install/turtlesim_catch_them_all_interfaces/include/turtlesim_catch_them_all_interfaces/turtlesim_catch_them_all_interfaces/msg/detail/turtle_array__type_support.h
[3.232s] -- Installing: /home/poom/Desktop/ros2_Turtlesim_CatchThemAll_ws/install/turtlesim_catch_them_all_interfaces/include/turtlesim_catch_them_all_interfaces/turtlesim_catch_them_all_interfaces/msg/detail/turtle__functions.c
[3.232s] -- Installing: /home/poom/Desktop/ros2_Turtlesim_CatchThemAll_ws/install/turtlesim_catch_them_all_interfaces/include/turtlesim_catch_them_all_interfaces/turtlesim_catch_them_all_interfaces/msg/detail/turtle_array__functions.c
[3.232s] -- Installing: /home/poom/Desktop/ros2_Turtlesim_CatchThemAll_ws/install/turtlesim_catch_them_all_interfaces/include/turtlesim_catch_them_all_interfaces/turtlesim_catch_them_all_interfaces/msg/detail/turtle__struct.h
[3.232s] -- Installing: /home/poom/Desktop/ros2_Turtlesim_CatchThemAll_ws/install/turtlesim_catch_them_all_interfaces/include/turtlesim_catch_them_all_interfaces/turtlesim_catch_them_all_interfaces/msg/detail/turtle__functions.h
[3.232s] -- Installing: /home/poom/Desktop/ros2_Turtlesim_CatchThemAll_ws/install/turtlesim_catch_them_all_interfaces/include/turtlesim_catch_them_all_interfaces/turtlesim_catch_them_all_interfaces/msg/detail/turtle_array__functions.h
[3.232s] -- Installing: /home/poom/Desktop/ros2_Turtlesim_CatchThemAll_ws/install/turtlesim_catch_them_all_interfaces/include/turtlesim_catch_them_all_interfaces/turtlesim_catch_them_all_interfaces/msg/detail/turtle__type_support.h
[3.232s] -- Installing: /home/poom/Desktop/ros2_Turtlesim_CatchThemAll_ws/install/turtlesim_catch_them_all_interfaces/include/turtlesim_catch_them_all_interfaces/turtlesim_catch_them_all_interfaces/msg/detail/turtle_array__struct.h
[3.232s] -- Installing: /home/poom/Desktop/ros2_Turtlesim_CatchThemAll_ws/install/turtlesim_catch_them_all_interfaces/include/turtlesim_catch_them_all_interfaces/turtlesim_catch_them_all_interfaces/msg/rosidl_generator_c__visibility_control.h
[3.232s] -- Installing: /home/poom/Desktop/ros2_Turtlesim_CatchThemAll_ws/install/turtlesim_catch_them_all_interfaces/share/turtlesim_catch_them_all_interfaces/environment/library_path.sh
[3.232s] -- Installing: /home/poom/Desktop/ros2_Turtlesim_CatchThemAll_ws/install/turtlesim_catch_them_all_interfaces/share/turtlesim_catch_them_all_interfaces/environment/library_path.dsv
[3.233s] -- Installing: /home/poom/Desktop/ros2_Turtlesim_CatchThemAll_ws/install/turtlesim_catch_them_all_interfaces/lib/libturtlesim_catch_them_all_interfaces__rosidl_generator_c.so
[3.233s] -- Set runtime path of "/home/poom/Desktop/ros2_Turtlesim_CatchThemAll_ws/install/turtlesim_catch_them_all_interfaces/lib/libturtlesim_catch_them_all_interfaces__rosidl_generator_c.so" to ""
[3.233s] -- Up-to-date: /home/poom/Desktop/ros2_Turtlesim_CatchThemAll_ws/install/turtlesim_catch_them_all_interfaces/include/turtlesim_catch_them_all_interfaces/turtlesim_catch_them_all_interfaces
[3.233s] -- Up-to-date: /home/poom/Desktop/ros2_Turtlesim_CatchThemAll_ws/install/turtlesim_catch_them_all_interfaces/include/turtlesim_catch_them_all_interfaces/turtlesim_catch_them_all_interfaces/msg
[3.233s] -- Up-to-date: /home/poom/Desktop/ros2_Turtlesim_CatchThemAll_ws/install/turtlesim_catch_them_all_interfaces/include/turtlesim_catch_them_all_interfaces/turtlesim_catch_them_all_interfaces/msg/detail
[3.233s] -- Installing: /home/poom/Desktop/ros2_Turtlesim_CatchThemAll_ws/install/turtlesim_catch_them_all_interfaces/include/turtlesim_catch_them_all_interfaces/turtlesim_catch_them_all_interfaces/msg/detail/turtle_array__rosidl_typesupport_fastrtps_c.h
[3.233s] -- Installing: /home/poom/Desktop/ros2_Turtlesim_CatchThemAll_ws/install/turtlesim_catch_them_all_interfaces/include/turtlesim_catch_them_all_interfaces/turtlesim_catch_them_all_interfaces/msg/detail/turtle__rosidl_typesupport_fastrtps_c.h
[3.233s] -- Installing: /home/poom/Desktop/ros2_Turtlesim_CatchThemAll_ws/install/turtlesim_catch_them_all_interfaces/include/turtlesim_catch_them_all_interfaces/turtlesim_catch_them_all_interfaces/msg/rosidl_typesupport_fastrtps_c__visibility_control.h
[3.233s] -- Installing: /home/poom/Desktop/ros2_Turtlesim_CatchThemAll_ws/install/turtlesim_catch_them_all_interfaces/lib/libturtlesim_catch_them_all_interfaces__rosidl_typesupport_fastrtps_c.so
[3.233s] -- Set runtime path of "/home/poom/Desktop/ros2_Turtlesim_CatchThemAll_ws/install/turtlesim_catch_them_all_interfaces/lib/libturtlesim_catch_them_all_interfaces__rosidl_typesupport_fastrtps_c.so" to ""
[3.233s] -- Up-to-date: /home/poom/Desktop/ros2_Turtlesim_CatchThemAll_ws/install/turtlesim_catch_them_all_interfaces/include/turtlesim_catch_them_all_interfaces/turtlesim_catch_them_all_interfaces
[3.233s] -- Up-to-date: /home/poom/Desktop/ros2_Turtlesim_CatchThemAll_ws/install/turtlesim_catch_them_all_interfaces/include/turtlesim_catch_them_all_interfaces/turtlesim_catch_them_all_interfaces/msg
[3.233s] -- Installing: /home/poom/Desktop/ros2_Turtlesim_CatchThemAll_ws/install/turtlesim_catch_them_all_interfaces/include/turtlesim_catch_them_all_interfaces/turtlesim_catch_them_all_interfaces/msg/rosidl_typesupport_introspection_c__visibility_control.h
[3.233s] -- Up-to-date: /home/poom/Desktop/ros2_Turtlesim_CatchThemAll_ws/install/turtlesim_catch_them_all_interfaces/include/turtlesim_catch_them_all_interfaces/turtlesim_catch_them_all_interfaces/msg/detail
[3.233s] -- Installing: /home/poom/Desktop/ros2_Turtlesim_CatchThemAll_ws/install/turtlesim_catch_them_all_interfaces/include/turtlesim_catch_them_all_interfaces/turtlesim_catch_them_all_interfaces/msg/detail/turtle_array__rosidl_typesupport_introspection_c.h
[3.233s] -- Installing: /home/poom/Desktop/ros2_Turtlesim_CatchThemAll_ws/install/turtlesim_catch_them_all_interfaces/include/turtlesim_catch_them_all_interfaces/turtlesim_catch_them_all_interfaces/msg/detail/turtle__type_support.c
[3.234s] -- Installing: /home/poom/Desktop/ros2_Turtlesim_CatchThemAll_ws/install/turtlesim_catch_them_all_interfaces/include/turtlesim_catch_them_all_interfaces/turtlesim_catch_them_all_interfaces/msg/detail/turtle__rosidl_typesupport_introspection_c.h
[3.234s] -- Installing: /home/poom/Desktop/ros2_Turtlesim_CatchThemAll_ws/install/turtlesim_catch_them_all_interfaces/include/turtlesim_catch_them_all_interfaces/turtlesim_catch_them_all_interfaces/msg/detail/turtle_array__type_support.c
[3.234s] -- Installing: /home/poom/Desktop/ros2_Turtlesim_CatchThemAll_ws/install/turtlesim_catch_them_all_interfaces/lib/libturtlesim_catch_them_all_interfaces__rosidl_typesupport_introspection_c.so
[3.234s] -- Set runtime path of "/home/poom/Desktop/ros2_Turtlesim_CatchThemAll_ws/install/turtlesim_catch_them_all_interfaces/lib/libturtlesim_catch_them_all_interfaces__rosidl_typesupport_introspection_c.so" to ""
[3.234s] -- Installing: /home/poom/Desktop/ros2_Turtlesim_CatchThemAll_ws/install/turtlesim_catch_them_all_interfaces/lib/libturtlesim_catch_them_all_interfaces__rosidl_typesupport_c.so
[3.234s] -- Set runtime path of "/home/poom/Desktop/ros2_Turtlesim_CatchThemAll_ws/install/turtlesim_catch_them_all_interfaces/lib/libturtlesim_catch_them_all_interfaces__rosidl_typesupport_c.so" to ""
[3.234s] -- Up-to-date: /home/poom/Desktop/ros2_Turtlesim_CatchThemAll_ws/install/turtlesim_catch_them_all_interfaces/include/turtlesim_catch_them_all_interfaces/turtlesim_catch_them_all_interfaces
[3.234s] -- Up-to-date: /home/poom/Desktop/ros2_Turtlesim_CatchThemAll_ws/install/turtlesim_catch_them_all_interfaces/include/turtlesim_catch_them_all_interfaces/turtlesim_catch_them_all_interfaces/msg
[3.234s] -- Up-to-date: /home/poom/Desktop/ros2_Turtlesim_CatchThemAll_ws/install/turtlesim_catch_them_all_interfaces/include/turtlesim_catch_them_all_interfaces/turtlesim_catch_them_all_interfaces/msg/detail
[3.234s] -- Installing: /home/poom/Desktop/ros2_Turtlesim_CatchThemAll_ws/install/turtlesim_catch_them_all_interfaces/include/turtlesim_catch_them_all_interfaces/turtlesim_catch_them_all_interfaces/msg/detail/turtle__traits.hpp
[3.234s] -- Installing: /home/poom/Desktop/ros2_Turtlesim_CatchThemAll_ws/install/turtlesim_catch_them_all_interfaces/include/turtlesim_catch_them_all_interfaces/turtlesim_catch_them_all_interfaces/msg/detail/turtle_array__builder.hpp
[3.234s] -- Installing: /home/poom/Desktop/ros2_Turtlesim_CatchThemAll_ws/install/turtlesim_catch_them_all_interfaces/include/turtlesim_catch_them_all_interfaces/turtlesim_catch_them_all_interfaces/msg/detail/turtle_array__struct.hpp
[3.234s] -- Installing: /home/poom/Desktop/ros2_Turtlesim_CatchThemAll_ws/install/turtlesim_catch_them_all_interfaces/include/turtlesim_catch_them_all_interfaces/turtlesim_catch_them_all_interfaces/msg/detail/turtle_array__traits.hpp
[3.235s] -- Installing: /home/poom/Desktop/ros2_Turtlesim_CatchThemAll_ws/install/turtlesim_catch_them_all_interfaces/include/turtlesim_catch_them_all_interfaces/turtlesim_catch_them_all_interfaces/msg/detail/turtle__struct.hpp
[3.235s] -- Installing: /home/poom/Desktop/ros2_Turtlesim_CatchThemAll_ws/install/turtlesim_catch_them_all_interfaces/include/turtlesim_catch_them_all_interfaces/turtlesim_catch_them_all_interfaces/msg/detail/turtle__builder.hpp
[3.235s] -- Installing: /home/poom/Desktop/ros2_Turtlesim_CatchThemAll_ws/install/turtlesim_catch_them_all_interfaces/include/turtlesim_catch_them_all_interfaces/turtlesim_catch_them_all_interfaces/msg/turtle.hpp
[3.235s] -- Installing: /home/poom/Desktop/ros2_Turtlesim_CatchThemAll_ws/install/turtlesim_catch_them_all_interfaces/include/turtlesim_catch_them_all_interfaces/turtlesim_catch_them_all_interfaces/msg/turtle_array.hpp
[3.235s] -- Up-to-date: /home/poom/Desktop/ros2_Turtlesim_CatchThemAll_ws/install/turtlesim_catch_them_all_interfaces/include/turtlesim_catch_them_all_interfaces/turtlesim_catch_them_all_interfaces
[3.235s] -- Up-to-date: /home/poom/Desktop/ros2_Turtlesim_CatchThemAll_ws/install/turtlesim_catch_them_all_interfaces/include/turtlesim_catch_them_all_interfaces/turtlesim_catch_them_all_interfaces/msg
[3.235s] -- Up-to-date: /home/poom/Desktop/ros2_Turtlesim_CatchThemAll_ws/install/turtlesim_catch_them_all_interfaces/include/turtlesim_catch_them_all_interfaces/turtlesim_catch_them_all_interfaces/msg/detail
[3.235s] -- Installing: /home/poom/Desktop/ros2_Turtlesim_CatchThemAll_ws/install/turtlesim_catch_them_all_interfaces/include/turtlesim_catch_them_all_interfaces/turtlesim_catch_them_all_interfaces/msg/detail/turtle_array__rosidl_typesupport_fastrtps_cpp.hpp
[3.235s] -- Installing: /home/poom/Desktop/ros2_Turtlesim_CatchThemAll_ws/install/turtlesim_catch_them_all_interfaces/include/turtlesim_catch_them_all_interfaces/turtlesim_catch_them_all_interfaces/msg/detail/dds_fastrtps
[3.235s] -- Installing: /home/poom/Desktop/ros2_Turtlesim_CatchThemAll_ws/install/turtlesim_catch_them_all_interfaces/include/turtlesim_catch_them_all_interfaces/turtlesim_catch_them_all_interfaces/msg/detail/turtle__rosidl_typesupport_fastrtps_cpp.hpp
[3.235s] -- Installing: /home/poom/Desktop/ros2_Turtlesim_CatchThemAll_ws/install/turtlesim_catch_them_all_interfaces/include/turtlesim_catch_them_all_interfaces/turtlesim_catch_them_all_interfaces/msg/rosidl_typesupport_fastrtps_cpp__visibility_control.h
[3.235s] -- Installing: /home/poom/Desktop/ros2_Turtlesim_CatchThemAll_ws/install/turtlesim_catch_them_all_interfaces/lib/libturtlesim_catch_them_all_interfaces__rosidl_typesupport_fastrtps_cpp.so
[3.235s] -- Set runtime path of "/home/poom/Desktop/ros2_Turtlesim_CatchThemAll_ws/install/turtlesim_catch_them_all_interfaces/lib/libturtlesim_catch_them_all_interfaces__rosidl_typesupport_fastrtps_cpp.so" to ""
[3.235s] -- Up-to-date: /home/poom/Desktop/ros2_Turtlesim_CatchThemAll_ws/install/turtlesim_catch_them_all_interfaces/include/turtlesim_catch_them_all_interfaces/turtlesim_catch_them_all_interfaces
[3.235s] -- Up-to-date: /home/poom/Desktop/ros2_Turtlesim_CatchThemAll_ws/install/turtlesim_catch_them_all_interfaces/include/turtlesim_catch_them_all_interfaces/turtlesim_catch_them_all_interfaces/msg
[3.235s] -- Up-to-date: /home/poom/Desktop/ros2_Turtlesim_CatchThemAll_ws/install/turtlesim_catch_them_all_interfaces/include/turtlesim_catch_them_all_interfaces/turtlesim_catch_them_all_interfaces/msg/detail
[3.235s] -- Installing: /home/poom/Desktop/ros2_Turtlesim_CatchThemAll_ws/install/turtlesim_catch_them_all_interfaces/include/turtlesim_catch_them_all_interfaces/turtlesim_catch_them_all_interfaces/msg/detail/turtle_array__type_support.cpp
[3.235s] -- Installing: /home/poom/Desktop/ros2_Turtlesim_CatchThemAll_ws/install/turtlesim_catch_them_all_interfaces/include/turtlesim_catch_them_all_interfaces/turtlesim_catch_them_all_interfaces/msg/detail/turtle__type_support.cpp
[3.235s] -- Installing: /home/poom/Desktop/ros2_Turtlesim_CatchThemAll_ws/install/turtlesim_catch_them_all_interfaces/include/turtlesim_catch_them_all_interfaces/turtlesim_catch_them_all_interfaces/msg/detail/turtle__rosidl_typesupport_introspection_cpp.hpp
[3.235s] -- Installing: /home/poom/Desktop/ros2_Turtlesim_CatchThemAll_ws/install/turtlesim_catch_them_all_interfaces/include/turtlesim_catch_them_all_interfaces/turtlesim_catch_them_all_interfaces/msg/detail/turtle_array__rosidl_typesupport_introspection_cpp.hpp
[3.235s] -- Installing: /home/poom/Desktop/ros2_Turtlesim_CatchThemAll_ws/install/turtlesim_catch_them_all_interfaces/lib/libturtlesim_catch_them_all_interfaces__rosidl_typesupport_introspection_cpp.so
[3.256s] -- Set runtime path of "/home/poom/Desktop/ros2_Turtlesim_CatchThemAll_ws/install/turtlesim_catch_them_all_interfaces/lib/libturtlesim_catch_them_all_interfaces__rosidl_typesupport_introspection_cpp.so" to ""
[3.256s] -- Installing: /home/poom/Desktop/ros2_Turtlesim_CatchThemAll_ws/install/turtlesim_catch_them_all_interfaces/lib/libturtlesim_catch_them_all_interfaces__rosidl_typesupport_cpp.so
[3.257s] -- Set runtime path of "/home/poom/Desktop/ros2_Turtlesim_CatchThemAll_ws/install/turtlesim_catch_them_all_interfaces/lib/libturtlesim_catch_them_all_interfaces__rosidl_typesupport_cpp.so" to ""
[3.257s] -- Installing: /home/poom/Desktop/ros2_Turtlesim_CatchThemAll_ws/install/turtlesim_catch_them_all_interfaces/share/turtlesim_catch_them_all_interfaces/environment/pythonpath.sh
[3.257s] -- Installing: /home/poom/Desktop/ros2_Turtlesim_CatchThemAll_ws/install/turtlesim_catch_them_all_interfaces/share/turtlesim_catch_them_all_interfaces/environment/pythonpath.dsv
[3.257s] -- Installing: /home/poom/Desktop/ros2_Turtlesim_CatchThemAll_ws/install/turtlesim_catch_them_all_interfaces/local/lib/python3.10/dist-packages/turtlesim_catch_them_all_interfaces-0.0.0-py3.10.egg-info
[3.257s] -- Installing: /home/poom/Desktop/ros2_Turtlesim_CatchThemAll_ws/install/turtlesim_catch_them_all_interfaces/local/lib/python3.10/dist-packages/turtlesim_catch_them_all_interfaces-0.0.0-py3.10.egg-info/top_level.txt
[3.257s] -- Installing: /home/poom/Desktop/ros2_Turtlesim_CatchThemAll_ws/install/turtlesim_catch_them_all_interfaces/local/lib/python3.10/dist-packages/turtlesim_catch_them_all_interfaces-0.0.0-py3.10.egg-info/dependency_links.txt
[3.257s] -- Installing: /home/poom/Desktop/ros2_Turtlesim_CatchThemAll_ws/install/turtlesim_catch_them_all_interfaces/local/lib/python3.10/dist-packages/turtlesim_catch_them_all_interfaces-0.0.0-py3.10.egg-info/SOURCES.txt
[3.257s] -- Installing: /home/poom/Desktop/ros2_Turtlesim_CatchThemAll_ws/install/turtlesim_catch_them_all_interfaces/local/lib/python3.10/dist-packages/turtlesim_catch_them_all_interfaces-0.0.0-py3.10.egg-info/PKG-INFO
[3.257s] -- Installing: /home/poom/Desktop/ros2_Turtlesim_CatchThemAll_ws/install/turtlesim_catch_them_all_interfaces/local/lib/python3.10/dist-packages/turtlesim_catch_them_all_interfaces
[3.257s] -- Installing: /home/poom/Desktop/ros2_Turtlesim_CatchThemAll_ws/install/turtlesim_catch_them_all_interfaces/local/lib/python3.10/dist-packages/turtlesim_catch_them_all_interfaces/turtlesim_catch_them_all_interfaces_s__rosidl_typesupport_introspection_c.cpython-310-x86_64-linux-gnu.so
[3.257s] -- Installing: /home/poom/Desktop/ros2_Turtlesim_CatchThemAll_ws/install/turtlesim_catch_them_all_interfaces/local/lib/python3.10/dist-packages/turtlesim_catch_them_all_interfaces/turtlesim_catch_them_all_interfaces_s__rosidl_typesupport_c.cpython-310-x86_64-linux-gnu.so
[3.257s] -- Installing: /home/poom/Desktop/ros2_Turtlesim_CatchThemAll_ws/install/turtlesim_catch_them_all_interfaces/local/lib/python3.10/dist-packages/turtlesim_catch_them_all_interfaces/_turtlesim_catch_them_all_interfaces_s.ep.rosidl_typesupport_fastrtps_c.c
[3.257s] -- Installing: /home/poom/Desktop/ros2_Turtlesim_CatchThemAll_ws/install/turtlesim_catch_them_all_interfaces/local/lib/python3.10/dist-packages/turtlesim_catch_them_all_interfaces/libturtlesim_catch_them_all_interfaces__rosidl_generator_py.so
[3.258s] -- Installing: /home/poom/Desktop/ros2_Turtlesim_CatchThemAll_ws/install/turtlesim_catch_them_all_interfaces/local/lib/python3.10/dist-packages/turtlesim_catch_them_all_interfaces/__init__.py
[3.258s] -- Installing: /home/poom/Desktop/ros2_Turtlesim_CatchThemAll_ws/install/turtlesim_catch_them_all_interfaces/local/lib/python3.10/dist-packages/turtlesim_catch_them_all_interfaces/msg
[3.258s] -- Installing: /home/poom/Desktop/ros2_Turtlesim_CatchThemAll_ws/install/turtlesim_catch_them_all_interfaces/local/lib/python3.10/dist-packages/turtlesim_catch_them_all_interfaces/msg/_turtle_s.c
[3.258s] -- Installing: /home/poom/Desktop/ros2_Turtlesim_CatchThemAll_ws/install/turtlesim_catch_them_all_interfaces/local/lib/python3.10/dist-packages/turtlesim_catch_them_all_interfaces/msg/__init__.py
[3.258s] -- Installing: /home/poom/Desktop/ros2_Turtlesim_CatchThemAll_ws/install/turtlesim_catch_them_all_interfaces/local/lib/python3.10/dist-packages/turtlesim_catch_them_all_interfaces/msg/_turtle_array.py
[3.258s] -- Installing: /home/poom/Desktop/ros2_Turtlesim_CatchThemAll_ws/install/turtlesim_catch_them_all_interfaces/local/lib/python3.10/dist-packages/turtlesim_catch_them_all_interfaces/msg/_turtle.py
[3.258s] -- Installing: /home/poom/Desktop/ros2_Turtlesim_CatchThemAll_ws/install/turtlesim_catch_them_all_interfaces/local/lib/python3.10/dist-packages/turtlesim_catch_them_all_interfaces/msg/_turtle_array_s.c
[3.258s] -- Installing: /home/poom/Desktop/ros2_Turtlesim_CatchThemAll_ws/install/turtlesim_catch_them_all_interfaces/local/lib/python3.10/dist-packages/turtlesim_catch_them_all_interfaces/turtlesim_catch_them_all_interfaces_s__rosidl_typesupport_fastrtps_c.cpython-310-x86_64-linux-gnu.so
[3.258s] -- Installing: /home/poom/Desktop/ros2_Turtlesim_CatchThemAll_ws/install/turtlesim_catch_them_all_interfaces/local/lib/python3.10/dist-packages/turtlesim_catch_them_all_interfaces/_turtlesim_catch_them_all_interfaces_s.ep.rosidl_typesupport_introspection_c.c
[3.258s] -- Installing: /home/poom/Desktop/ros2_Turtlesim_CatchThemAll_ws/install/turtlesim_catch_them_all_interfaces/local/lib/python3.10/dist-packages/turtlesim_catch_them_all_interfaces/_turtlesim_catch_them_all_interfaces_s.ep.rosidl_typesupport_c.c
[3.278s] Listing '/home/poom/Desktop/ros2_Turtlesim_CatchThemAll_ws/install/turtlesim_catch_them_all_interfaces/local/lib/python3.10/dist-packages/turtlesim_catch_them_all_interfaces'...
[3.278s] Compiling '/home/poom/Desktop/ros2_Turtlesim_CatchThemAll_ws/install/turtlesim_catch_them_all_interfaces/local/lib/python3.10/dist-packages/turtlesim_catch_them_all_interfaces/__init__.py'...
[3.278s] Listing '/home/poom/Desktop/ros2_Turtlesim_CatchThemAll_ws/install/turtlesim_catch_them_all_interfaces/local/lib/python3.10/dist-packages/turtlesim_catch_them_all_interfaces/msg'...
[3.278s] Compiling '/home/poom/Desktop/ros2_Turtlesim_CatchThemAll_ws/install/turtlesim_catch_them_all_interfaces/local/lib/python3.10/dist-packages/turtlesim_catch_them_all_interfaces/msg/__init__.py'...
[3.278s] Compiling '/home/poom/Desktop/ros2_Turtlesim_CatchThemAll_ws/install/turtlesim_catch_them_all_interfaces/local/lib/python3.10/dist-packages/turtlesim_catch_them_all_interfaces/msg/_turtle.py'...
[3.278s] Compiling '/home/poom/Desktop/ros2_Turtlesim_CatchThemAll_ws/install/turtlesim_catch_them_all_interfaces/local/lib/python3.10/dist-packages/turtlesim_catch_them_all_interfaces/msg/_turtle_array.py'...
[3.281s] -- Installing: /home/poom/Desktop/ros2_Turtlesim_CatchThemAll_ws/install/turtlesim_catch_them_all_interfaces/local/lib/python3.10/dist-packages/turtlesim_catch_them_all_interfaces/turtlesim_catch_them_all_interfaces_s__rosidl_typesupport_fastrtps_c.cpython-310-x86_64-linux-gnu.so
[3.281s] -- Set runtime path of "/home/poom/Desktop/ros2_Turtlesim_CatchThemAll_ws/install/turtlesim_catch_them_all_interfaces/local/lib/python3.10/dist-packages/turtlesim_catch_them_all_interfaces/turtlesim_catch_them_all_interfaces_s__rosidl_typesupport_fastrtps_c.cpython-310-x86_64-linux-gnu.so" to ""
[3.281s] -- Installing: /home/poom/Desktop/ros2_Turtlesim_CatchThemAll_ws/install/turtlesim_catch_them_all_interfaces/local/lib/python3.10/dist-packages/turtlesim_catch_them_all_interfaces/turtlesim_catch_them_all_interfaces_s__rosidl_typesupport_introspection_c.cpython-310-x86_64-linux-gnu.so
[3.281s] -- Set runtime path of "/home/poom/Desktop/ros2_Turtlesim_CatchThemAll_ws/install/turtlesim_catch_them_all_interfaces/local/lib/python3.10/dist-packages/turtlesim_catch_them_all_interfaces/turtlesim_catch_them_all_interfaces_s__rosidl_typesupport_introspection_c.cpython-310-x86_64-linux-gnu.so" to ""
[3.281s] -- Installing: /home/poom/Desktop/ros2_Turtlesim_CatchThemAll_ws/install/turtlesim_catch_them_all_interfaces/local/lib/python3.10/dist-packages/turtlesim_catch_them_all_interfaces/turtlesim_catch_them_all_interfaces_s__rosidl_typesupport_c.cpython-310-x86_64-linux-gnu.so
[3.282s] -- Set runtime path of "/home/poom/Desktop/ros2_Turtlesim_CatchThemAll_ws/install/turtlesim_catch_them_all_interfaces/local/lib/python3.10/dist-packages/turtlesim_catch_them_all_interfaces/turtlesim_catch_them_all_interfaces_s__rosidl_typesupport_c.cpython-310-x86_64-linux-gnu.so" to ""
[3.282s] -- Installing: /home/poom/Desktop/ros2_Turtlesim_CatchThemAll_ws/install/turtlesim_catch_them_all_interfaces/lib/libturtlesim_catch_them_all_interfaces__rosidl_generator_py.so
[3.282s] -- Set runtime path of "/home/poom/Desktop/ros2_Turtlesim_CatchThemAll_ws/install/turtlesim_catch_them_all_interfaces/lib/libturtlesim_catch_them_all_interfaces__rosidl_generator_py.so" to ""
[3.282s] -- Installing: /home/poom/Desktop/ros2_Turtlesim_CatchThemAll_ws/install/turtlesim_catch_them_all_interfaces/share/turtlesim_catch_them_all_interfaces/msg/Turtle.idl
[3.282s] -- Installing: /home/poom/Desktop/ros2_Turtlesim_CatchThemAll_ws/install/turtlesim_catch_them_all_interfaces/share/turtlesim_catch_them_all_interfaces/msg/TurtleArray.idl
[3.282s] -- Installing: /home/poom/Desktop/ros2_Turtlesim_CatchThemAll_ws/install/turtlesim_catch_them_all_interfaces/share/turtlesim_catch_them_all_interfaces/msg/Turtle.msg
[3.282s] -- Installing: /home/poom/Desktop/ros2_Turtlesim_CatchThemAll_ws/install/turtlesim_catch_them_all_interfaces/share/turtlesim_catch_them_all_interfaces/msg/TurtleArray.msg
[3.282s] -- Installing: /home/poom/Desktop/ros2_Turtlesim_CatchThemAll_ws/install/turtlesim_catch_them_all_interfaces/share/ament_index/resource_index/package_run_dependencies/turtlesim_catch_them_all_interfaces
[3.282s] -- Installing: /home/poom/Desktop/ros2_Turtlesim_CatchThemAll_ws/install/turtlesim_catch_them_all_interfaces/share/ament_index/resource_index/parent_prefix_path/turtlesim_catch_them_all_interfaces
[3.282s] -- Installing: /home/poom/Desktop/ros2_Turtlesim_CatchThemAll_ws/install/turtlesim_catch_them_all_interfaces/share/turtlesim_catch_them_all_interfaces/environment/ament_prefix_path.sh
[3.282s] -- Installing: /home/poom/Desktop/ros2_Turtlesim_CatchThemAll_ws/install/turtlesim_catch_them_all_interfaces/share/turtlesim_catch_them_all_interfaces/environment/ament_prefix_path.dsv
[3.282s] -- Installing: /home/poom/Desktop/ros2_Turtlesim_CatchThemAll_ws/install/turtlesim_catch_them_all_interfaces/share/turtlesim_catch_them_all_interfaces/environment/path.sh
[3.282s] -- Installing: /home/poom/Desktop/ros2_Turtlesim_CatchThemAll_ws/install/turtlesim_catch_them_all_interfaces/share/turtlesim_catch_them_all_interfaces/environment/path.dsv
[3.283s] -- Installing: /home/poom/Desktop/ros2_Turtlesim_CatchThemAll_ws/install/turtlesim_catch_them_all_interfaces/share/turtlesim_catch_them_all_interfaces/local_setup.bash
[3.283s] -- Installing: /home/poom/Desktop/ros2_Turtlesim_CatchThemAll_ws/install/turtlesim_catch_them_all_interfaces/share/turtlesim_catch_them_all_interfaces/local_setup.sh
[3.283s] -- Installing: /home/poom/Desktop/ros2_Turtlesim_CatchThemAll_ws/install/turtlesim_catch_them_all_interfaces/share/turtlesim_catch_them_all_interfaces/local_setup.zsh
[3.283s] -- Installing: /home/poom/Desktop/ros2_Turtlesim_CatchThemAll_ws/install/turtlesim_catch_them_all_interfaces/share/turtlesim_catch_them_all_interfaces/local_setup.dsv
[3.283s] -- Installing: /home/poom/Desktop/ros2_Turtlesim_CatchThemAll_ws/install/turtlesim_catch_them_all_interfaces/share/turtlesim_catch_them_all_interfaces/package.dsv
[3.283s] -- Installing: /home/poom/Desktop/ros2_Turtlesim_CatchThemAll_ws/install/turtlesim_catch_them_all_interfaces/share/ament_index/resource_index/packages/turtlesim_catch_them_all_interfaces
[3.283s] -- Installing: /home/poom/Desktop/ros2_Turtlesim_CatchThemAll_ws/install/turtlesim_catch_them_all_interfaces/share/turtlesim_catch_them_all_interfaces/cmake/export_turtlesim_catch_them_all_interfaces__rosidl_generator_cExport.cmake
[3.283s] -- Installing: /home/poom/Desktop/ros2_Turtlesim_CatchThemAll_ws/install/turtlesim_catch_them_all_interfaces/share/turtlesim_catch_them_all_interfaces/cmake/export_turtlesim_catch_them_all_interfaces__rosidl_generator_cExport-noconfig.cmake
[3.283s] -- Installing: /home/poom/Desktop/ros2_Turtlesim_CatchThemAll_ws/install/turtlesim_catch_them_all_interfaces/share/turtlesim_catch_them_all_interfaces/cmake/export_turtlesim_catch_them_all_interfaces__rosidl_typesupport_fastrtps_cExport.cmake
[3.283s] -- Installing: /home/poom/Desktop/ros2_Turtlesim_CatchThemAll_ws/install/turtlesim_catch_them_all_interfaces/share/turtlesim_catch_them_all_interfaces/cmake/export_turtlesim_catch_them_all_interfaces__rosidl_typesupport_fastrtps_cExport-noconfig.cmake
[3.283s] -- Installing: /home/poom/Desktop/ros2_Turtlesim_CatchThemAll_ws/install/turtlesim_catch_them_all_interfaces/share/turtlesim_catch_them_all_interfaces/cmake/turtlesim_catch_them_all_interfaces__rosidl_typesupport_introspection_cExport.cmake
[3.283s] -- Installing: /home/poom/Desktop/ros2_Turtlesim_CatchThemAll_ws/install/turtlesim_catch_them_all_interfaces/share/turtlesim_catch_them_all_interfaces/cmake/turtlesim_catch_them_all_interfaces__rosidl_typesupport_introspection_cExport-noconfig.cmake
[3.283s] -- Installing: /home/poom/Desktop/ros2_Turtlesim_CatchThemAll_ws/install/turtlesim_catch_them_all_interfaces/share/turtlesim_catch_them_all_interfaces/cmake/turtlesim_catch_them_all_interfaces__rosidl_typesupport_cExport.cmake
[3.283s] -- Installing: /home/poom/Desktop/ros2_Turtlesim_CatchThemAll_ws/install/turtlesim_catch_them_all_interfaces/share/turtlesim_catch_them_all_interfaces/cmake/turtlesim_catch_them_all_interfaces__rosidl_typesupport_cExport-noconfig.cmake
[3.283s] -- Installing: /home/poom/Desktop/ros2_Turtlesim_CatchThemAll_ws/install/turtlesim_catch_them_all_interfaces/share/turtlesim_catch_them_all_interfaces/cmake/export_turtlesim_catch_them_all_interfaces__rosidl_generator_cppExport.cmake
[3.283s] -- Installing: /home/poom/Desktop/ros2_Turtlesim_CatchThemAll_ws/install/turtlesim_catch_them_all_interfaces/share/turtlesim_catch_them_all_interfaces/cmake/export_turtlesim_catch_them_all_interfaces__rosidl_typesupport_fastrtps_cppExport.cmake
[3.284s] -- Installing: /home/poom/Desktop/ros2_Turtlesim_CatchThemAll_ws/install/turtlesim_catch_them_all_interfaces/share/turtlesim_catch_them_all_interfaces/cmake/export_turtlesim_catch_them_all_interfaces__rosidl_typesupport_fastrtps_cppExport-noconfig.cmake
[3.285s] -- Installing: /home/poom/Desktop/ros2_Turtlesim_CatchThemAll_ws/install/turtlesim_catch_them_all_interfaces/share/turtlesim_catch_them_all_interfaces/cmake/turtlesim_catch_them_all_interfaces__rosidl_typesupport_introspection_cppExport.cmake
[3.285s] -- Installing: /home/poom/Desktop/ros2_Turtlesim_CatchThemAll_ws/install/turtlesim_catch_them_all_interfaces/share/turtlesim_catch_them_all_interfaces/cmake/turtlesim_catch_them_all_interfaces__rosidl_typesupport_introspection_cppExport-noconfig.cmake
[3.285s] -- Installing: /home/poom/Desktop/ros2_Turtlesim_CatchThemAll_ws/install/turtlesim_catch_them_all_interfaces/share/turtlesim_catch_them_all_interfaces/cmake/turtlesim_catch_them_all_interfaces__rosidl_typesupport_cppExport.cmake
[3.285s] -- Installing: /home/poom/Desktop/ros2_Turtlesim_CatchThemAll_ws/install/turtlesim_catch_them_all_interfaces/share/turtlesim_catch_them_all_interfaces/cmake/turtlesim_catch_them_all_interfaces__rosidl_typesupport_cppExport-noconfig.cmake
[3.285s] -- Installing: /home/poom/Desktop/ros2_Turtlesim_CatchThemAll_ws/install/turtlesim_catch_them_all_interfaces/share/turtlesim_catch_them_all_interfaces/cmake/export_turtlesim_catch_them_all_interfaces__rosidl_generator_pyExport.cmake
[3.285s] -- Installing: /home/poom/Desktop/ros2_Turtlesim_CatchThemAll_ws/install/turtlesim_catch_them_all_interfaces/share/turtlesim_catch_them_all_interfaces/cmake/export_turtlesim_catch_them_all_interfaces__rosidl_generator_pyExport-noconfig.cmake
[3.285s] -- Installing: /home/poom/Desktop/ros2_Turtlesim_CatchThemAll_ws/install/turtlesim_catch_them_all_interfaces/share/turtlesim_catch_them_all_interfaces/cmake/rosidl_cmake-extras.cmake
[3.285s] -- Installing: /home/poom/Desktop/ros2_Turtlesim_CatchThemAll_ws/install/turtlesim_catch_them_all_interfaces/share/turtlesim_catch_them_all_interfaces/cmake/ament_cmake_export_include_directories-extras.cmake
[3.285s] -- Installing: /home/poom/Desktop/ros2_Turtlesim_CatchThemAll_ws/install/turtlesim_catch_them_all_interfaces/share/turtlesim_catch_them_all_interfaces/cmake/ament_cmake_export_libraries-extras.cmake
[3.285s] -- Installing: /home/poom/Desktop/ros2_Turtlesim_CatchThemAll_ws/install/turtlesim_catch_them_all_interfaces/share/turtlesim_catch_them_all_interfaces/cmake/ament_cmake_export_targets-extras.cmake
[3.285s] -- Installing: /home/poom/Desktop/ros2_Turtlesim_CatchThemAll_ws/install/turtlesim_catch_them_all_interfaces/share/turtlesim_catch_them_all_interfaces/cmake/rosidl_cmake_export_typesupport_targets-extras.cmake
[3.285s] -- Installing: /home/poom/Desktop/ros2_Turtlesim_CatchThemAll_ws/install/turtlesim_catch_them_all_interfaces/share/turtlesim_catch_them_all_interfaces/cmake/ament_cmake_export_dependencies-extras.cmake
[3.285s] -- Installing: /home/poom/Desktop/ros2_Turtlesim_CatchThemAll_ws/install/turtlesim_catch_them_all_interfaces/share/turtlesim_catch_them_all_interfaces/cmake/rosidl_cmake_export_typesupport_libraries-extras.cmake
[3.285s] -- Installing: /home/poom/Desktop/ros2_Turtlesim_CatchThemAll_ws/install/turtlesim_catch_them_all_interfaces/share/turtlesim_catch_them_all_interfaces/cmake/turtlesim_catch_them_all_interfacesConfig.cmake
[3.285s] -- Installing: /home/poom/Desktop/ros2_Turtlesim_CatchThemAll_ws/install/turtlesim_catch_them_all_interfaces/share/turtlesim_catch_them_all_interfaces/cmake/turtlesim_catch_them_all_interfacesConfig-version.cmake
[3.285s] -- Installing: /home/poom/Desktop/ros2_Turtlesim_CatchThemAll_ws/install/turtlesim_catch_them_all_interfaces/share/turtlesim_catch_them_all_interfaces/package.xml
[3.287s] Invoked command in '/home/poom/Desktop/ros2_Turtlesim_CatchThemAll_ws/build/turtlesim_catch_them_all_interfaces' returned '0': CMAKE_PREFIX_PATH=${CMAKE_PREFIX_PATH}:/home/poom/Desktop/ros2_Turtlesim_CatchThemAll_ws/install/turtlesim_catch_them_all:/home/poom/Desktop/ROS2_MiniProject/ros2_ws/install/my_py_pkg:/home/poom/ros2_ws/install/my_py_pkg:/opt/ros/humble /usr/bin/cmake --install /home/poom/Desktop/ros2_Turtlesim_CatchThemAll_ws/build/turtlesim_catch_them_all_interfaces
