[0.006s] Invoking command in '/home/poom/Desktop/ros2_Turtlesim_CatchThemAll_ws/build/turtlesim_catch_them_all_interfaces': CMAKE_PREFIX_PATH=${CMAKE_PREFIX_PATH}:/home/poom/Desktop/ros2_Turtlesim_CatchThemAll_ws/install/turtlesim_catch_them_all:/home/poom/Desktop/ROS2_MiniProject/ros2_ws/install/my_py_pkg:/home/poom/ros2_ws/install/my_py_pkg:/opt/ros/humble /usr/bin/cmake --build /home/poom/Desktop/ros2_Turtlesim_CatchThemAll_ws/build/turtlesim_catch_them_all_interfaces -- -j16 -l16
[0.023s] -- Found ament_cmake: 1.3.10 (/opt/ros/humble/share/ament_cmake/cmake)
[0.090s] -- Found rosidl_default_generators: 1.2.0 (/opt/ros/humble/share/rosidl_default_generators/cmake)
[0.090s] -- Using all available rosidl_typesupport_c: rosidl_typesupport_fastrtps_c;rosidl_typesupport_introspection_c
[0.090s] -- Found rosidl_adapter: 3.1.5 (/opt/ros/humble/share/rosidl_adapter/cmake)
[0.105s] -- Using all available rosidl_typesupport_cpp: rosidl_typesupport_fastrtps_cpp;rosidl_typesupport_introspection_cpp
[0.257s] -- Found ament_cmake_ros: 0.10.0 (/opt/ros/humble/share/ament_cmake_ros/cmake)
[0.357s] -- Using all available rosidl_typesupport_c: rosidl_typesupport_fastrtps_c;rosidl_typesupport_introspection_c
[0.486s] -- Using all available rosidl_typesupport_cpp: rosidl_typesupport_fastrtps_cpp;rosidl_typesupport_introspection_cpp
[0.498s] -- Found python_cmake_module: 0.10.0 (/opt/ros/humble/share/python_cmake_module/cmake)
[0.510s] -- Using PYTHON_EXECUTABLE: /usr/bin/python3
[0.510s] -- Using PYTHON_INCLUDE_DIRS: /usr/include/python3.10
[0.511s] -- Using PYTHON_LIBRARIES: /usr/lib/x86_64-linux-gnu/libpython3.10.so
[0.520s] -- Configuring done
[0.540s] -- Generating done
[0.541s] -- Build files have been written to: /home/poom/Desktop/ros2_Turtlesim_CatchThemAll_ws/build/turtlesim_catch_them_all_interfaces
[0.559s] [  2%] [34m[1mGenerating C code for ROS interfaces[0m
[0.566s] [  4%] [34m[1mGenerating C++ code for ROS interfaces[0m
[0.569s] [  4%] Built target ament_cmake_python_copy_turtlesim_catch_them_all_interfaces
[0.727s] running egg_info
[0.727s] writing turtlesim_catch_them_all_interfaces.egg-info/PKG-INFO
[0.727s] writing dependency_links to turtlesim_catch_them_all_interfaces.egg-info/dependency_links.txt
[0.727s] writing top-level names to turtlesim_catch_them_all_interfaces.egg-info/top_level.txt
[0.729s] reading manifest file 'turtlesim_catch_them_all_interfaces.egg-info/SOURCES.txt'
[0.729s] writing manifest file 'turtlesim_catch_them_all_interfaces.egg-info/SOURCES.txt'
[0.748s] [  4%] Built target ament_cmake_python_build_turtlesim_catch_them_all_interfaces_egg
[0.794s] [  4%] Built target turtlesim_catch_them_all_interfaces__cpp
[0.796s] [35m[1mConsolidate compiler generated dependencies of target turtlesim_catch_them_all_interfaces__rosidl_generator_c[0m
[0.801s] [  6%] [34m[1mGenerating C++ introspection for ROS interfaces[0m
[0.801s] [  8%] [34m[1mGenerating C++ type support for eProsima Fast-RTPS[0m
[0.801s] [ 10%] [34m[1mGenerating C++ type support dispatch for ROS interfaces[0m
[0.802s] [ 12%] [32mBuilding C object CMakeFiles/turtlesim_catch_them_all_interfaces__rosidl_generator_c.dir/rosidl_generator_c/turtlesim_catch_them_all_interfaces/msg/detail/turtle__functions.c.o[0m
[0.802s] [ 14%] [32mBuilding C object CMakeFiles/turtlesim_catch_them_all_interfaces__rosidl_generator_c.dir/rosidl_generator_c/turtlesim_catch_them_all_interfaces/srv/detail/catch_turtle__functions.c.o[0m
[0.803s] [ 17%] [32mBuilding C object CMakeFiles/turtlesim_catch_them_all_interfaces__rosidl_generator_c.dir/rosidl_generator_c/turtlesim_catch_them_all_interfaces/msg/detail/turtle_array__functions.c.o[0m
[0.843s] [ 19%] [32m[1mLinking C shared library libturtlesim_catch_them_all_interfaces__rosidl_generator_c.so[0m
[0.870s] [ 19%] Built target turtlesim_catch_them_all_interfaces__rosidl_generator_c
[0.877s] [ 23%] [34m[1mGenerating C type support for eProsima Fast-RTPS[0m
[0.877s] [ 23%] [34m[1mGenerating C introspection for ROS interfaces[0m
[0.877s] [ 25%] [34m[1mGenerating C type support dispatch for ROS interfaces[0m
[0.981s] [35m[1mConsolidate compiler generated dependencies of target turtlesim_catch_them_all_interfaces__rosidl_typesupport_cpp[0m
[0.989s] [ 27%] [32mBuilding CXX object CMakeFiles/turtlesim_catch_them_all_interfaces__rosidl_typesupport_cpp.dir/rosidl_typesupport_cpp/turtlesim_catch_them_all_interfaces/msg/turtle__type_support.cpp.o[0m
[0.989s] [ 29%] [32mBuilding CXX object CMakeFiles/turtlesim_catch_them_all_interfaces__rosidl_typesupport_cpp.dir/rosidl_typesupport_cpp/turtlesim_catch_them_all_interfaces/srv/catch_turtle__type_support.cpp.o[0m
[0.990s] [ 31%] [32mBuilding CXX object CMakeFiles/turtlesim_catch_them_all_interfaces__rosidl_typesupport_cpp.dir/rosidl_typesupport_cpp/turtlesim_catch_them_all_interfaces/msg/turtle_array__type_support.cpp.o[0m
[1.005s] [35m[1mConsolidate compiler generated dependencies of target turtlesim_catch_them_all_interfaces__rosidl_typesupport_introspection_cpp[0m
[1.014s] [ 36%] [32mBuilding CXX object CMakeFiles/turtlesim_catch_them_all_interfaces__rosidl_typesupport_introspection_cpp.dir/rosidl_typesupport_introspection_cpp/turtlesim_catch_them_all_interfaces/msg/detail/turtle_array__type_support.cpp.o[0m
[1.014s] [ 36%] [32mBuilding CXX object CMakeFiles/turtlesim_catch_them_all_interfaces__rosidl_typesupport_introspection_cpp.dir/rosidl_typesupport_introspection_cpp/turtlesim_catch_them_all_interfaces/srv/detail/catch_turtle__type_support.cpp.o[0m
[1.015s] [ 38%] [32mBuilding CXX object CMakeFiles/turtlesim_catch_them_all_interfaces__rosidl_typesupport_introspection_cpp.dir/rosidl_typesupport_introspection_cpp/turtlesim_catch_them_all_interfaces/msg/detail/turtle__type_support.cpp.o[0m
[1.028s] [35m[1mConsolidate compiler generated dependencies of target turtlesim_catch_them_all_interfaces__rosidl_typesupport_fastrtps_cpp[0m
[1.039s] [ 40%] [32mBuilding CXX object CMakeFiles/turtlesim_catch_them_all_interfaces__rosidl_typesupport_fastrtps_cpp.dir/rosidl_typesupport_fastrtps_cpp/turtlesim_catch_them_all_interfaces/msg/detail/dds_fastrtps/turtle__type_support.cpp.o[0m
[1.043s] [ 42%] [32mBuilding CXX object CMakeFiles/turtlesim_catch_them_all_interfaces__rosidl_typesupport_fastrtps_cpp.dir/rosidl_typesupport_fastrtps_cpp/turtlesim_catch_them_all_interfaces/srv/detail/dds_fastrtps/catch_turtle__type_support.cpp.o[0m
[1.043s] [ 44%] [32mBuilding CXX object CMakeFiles/turtlesim_catch_them_all_interfaces__rosidl_typesupport_fastrtps_cpp.dir/rosidl_typesupport_fastrtps_cpp/turtlesim_catch_them_all_interfaces/msg/detail/dds_fastrtps/turtle_array__type_support.cpp.o[0m
[1.081s] [35m[1mConsolidate compiler generated dependencies of target turtlesim_catch_them_all_interfaces__rosidl_typesupport_c[0m
[1.092s] [ 46%] [32mBuilding CXX object CMakeFiles/turtlesim_catch_them_all_interfaces__rosidl_typesupport_c.dir/rosidl_typesupport_c/turtlesim_catch_them_all_interfaces/msg/turtle__type_support.cpp.o[0m
[1.092s] [ 48%] [32mBuilding CXX object CMakeFiles/turtlesim_catch_them_all_interfaces__rosidl_typesupport_c.dir/rosidl_typesupport_c/turtlesim_catch_them_all_interfaces/msg/turtle_array__type_support.cpp.o[0m
[1.094s] [ 51%] [32mBuilding CXX object CMakeFiles/turtlesim_catch_them_all_interfaces__rosidl_typesupport_c.dir/rosidl_typesupport_c/turtlesim_catch_them_all_interfaces/srv/catch_turtle__type_support.cpp.o[0m
[1.126s] [35m[1mConsolidate compiler generated dependencies of target turtlesim_catch_them_all_interfaces__rosidl_typesupport_fastrtps_c[0m
[1.128s] [ 53%] [32m[1mLinking CXX shared library libturtlesim_catch_them_all_interfaces__rosidl_typesupport_c.so[0m
[1.192s] [35m[1mConsolidate compiler generated dependencies of target turtlesim_catch_them_all_interfaces__rosidl_typesupport_introspection_c[0m
[1.196s] [ 55%] [32mBuilding CXX object CMakeFiles/turtlesim_catch_them_all_interfaces__rosidl_typesupport_fastrtps_c.dir/rosidl_typesupport_fastrtps_c/turtlesim_catch_them_all_interfaces/msg/detail/turtle__type_support_c.cpp.o[0m
[1.196s] [ 57%] [32mBuilding CXX object CMakeFiles/turtlesim_catch_them_all_interfaces__rosidl_typesupport_fastrtps_c.dir/rosidl_typesupport_fastrtps_c/turtlesim_catch_them_all_interfaces/srv/detail/catch_turtle__type_support_c.cpp.o[0m
[1.196s] [ 59%] [32mBuilding CXX object CMakeFiles/turtlesim_catch_them_all_interfaces__rosidl_typesupport_fastrtps_c.dir/rosidl_typesupport_fastrtps_c/turtlesim_catch_them_all_interfaces/msg/detail/turtle_array__type_support_c.cpp.o[0m
[1.203s] [ 61%] [32mBuilding C object CMakeFiles/turtlesim_catch_them_all_interfaces__rosidl_typesupport_introspection_c.dir/rosidl_typesupport_introspection_c/turtlesim_catch_them_all_interfaces/msg/detail/turtle_array__type_support.c.o[0m
[1.203s] [ 63%] [32mBuilding C object CMakeFiles/turtlesim_catch_them_all_interfaces__rosidl_typesupport_introspection_c.dir/rosidl_typesupport_introspection_c/turtlesim_catch_them_all_interfaces/msg/detail/turtle__type_support.c.o[0m
[1.222s] [ 65%] [32mBuilding C object CMakeFiles/turtlesim_catch_them_all_interfaces__rosidl_typesupport_introspection_c.dir/rosidl_typesupport_introspection_c/turtlesim_catch_them_all_interfaces/srv/detail/catch_turtle__type_support.c.o[0m
[1.223s] [ 65%] Built target turtlesim_catch_them_all_interfaces__rosidl_typesupport_c
[1.842s] [ 68%] [32m[1mLinking C shared library libturtlesim_catch_them_all_interfaces__rosidl_typesupport_introspection_c.so[0m
[1.877s] [ 70%] [32m[1mLinking CXX shared library libturtlesim_catch_them_all_interfaces__rosidl_typesupport_cpp.so[0m
[1.976s] [ 70%] Built target turtlesim_catch_them_all_interfaces__rosidl_typesupport_introspection_c
[2.101s] [ 70%] Built target turtlesim_catch_them_all_interfaces__rosidl_typesupport_cpp
[3.125s] [ 72%] [32m[1mLinking CXX shared library libturtlesim_catch_them_all_interfaces__rosidl_typesupport_introspection_cpp.so[0m
[3.140s] [ 74%] [32m[1mLinking CXX shared library libturtlesim_catch_them_all_interfaces__rosidl_typesupport_fastrtps_cpp.so[0m
[3.162s] [ 76%] [32m[1mLinking CXX shared library libturtlesim_catch_them_all_interfaces__rosidl_typesupport_fastrtps_c.so[0m
[3.176s] [ 76%] Built target turtlesim_catch_them_all_interfaces__rosidl_typesupport_introspection_cpp
[3.190s] [ 76%] Built target turtlesim_catch_them_all_interfaces__rosidl_typesupport_fastrtps_cpp
[3.207s] [ 76%] Built target turtlesim_catch_them_all_interfaces__rosidl_typesupport_fastrtps_c
[3.217s] [ 76%] Built target turtlesim_catch_them_all_interfaces
[3.227s] [ 78%] [34m[1mGenerating Python code for ROS interfaces[0m
[3.513s] [ 78%] Built target turtlesim_catch_them_all_interfaces__py
[3.518s] [35m[1mConsolidate compiler generated dependencies of target turtlesim_catch_them_all_interfaces__rosidl_generator_py[0m
[3.526s] [ 80%] [32mBuilding C object CMakeFiles/turtlesim_catch_them_all_interfaces__rosidl_generator_py.dir/rosidl_generator_py/turtlesim_catch_them_all_interfaces/msg/_turtle_s.c.o[0m
[3.526s] [ 85%] [32mBuilding C object CMakeFiles/turtlesim_catch_them_all_interfaces__rosidl_generator_py.dir/rosidl_generator_py/turtlesim_catch_them_all_interfaces/srv/_catch_turtle_s.c.o[0m
[3.526s] [ 85%] [32mBuilding C object CMakeFiles/turtlesim_catch_them_all_interfaces__rosidl_generator_py.dir/rosidl_generator_py/turtlesim_catch_them_all_interfaces/msg/_turtle_array_s.c.o[0m
[3.593s] [ 87%] [32m[1mLinking C shared library rosidl_generator_py/turtlesim_catch_them_all_interfaces/libturtlesim_catch_them_all_interfaces__rosidl_generator_py.so[0m
[3.619s] [ 87%] Built target turtlesim_catch_them_all_interfaces__rosidl_generator_py
[3.625s] [35m[1mConsolidate compiler generated dependencies of target turtlesim_catch_them_all_interfaces__rosidl_typesupport_fastrtps_c__pyext[0m
[3.625s] [35m[1mConsolidate compiler generated dependencies of target turtlesim_catch_them_all_interfaces__rosidl_typesupport_introspection_c__pyext[0m
[3.625s] [35m[1mConsolidate compiler generated dependencies of target turtlesim_catch_them_all_interfaces__rosidl_typesupport_c__pyext[0m
[3.632s] [ 93%] [32mBuilding C object CMakeFiles/turtlesim_catch_them_all_interfaces__rosidl_typesupport_introspection_c__pyext.dir/rosidl_generator_py/turtlesim_catch_them_all_interfaces/_turtlesim_catch_them_all_interfaces_s.ep.rosidl_typesupport_introspection_c.c.o[0m
[3.632s] [ 93%] [32mBuilding C object CMakeFiles/turtlesim_catch_them_all_interfaces__rosidl_typesupport_fastrtps_c__pyext.dir/rosidl_generator_py/turtlesim_catch_them_all_interfaces/_turtlesim_catch_them_all_interfaces_s.ep.rosidl_typesupport_fastrtps_c.c.o[0m
[3.632s] [ 93%] [32mBuilding C object CMakeFiles/turtlesim_catch_them_all_interfaces__rosidl_typesupport_c__pyext.dir/rosidl_generator_py/turtlesim_catch_them_all_interfaces/_turtlesim_catch_them_all_interfaces_s.ep.rosidl_typesupport_c.c.o[0m
[3.705s] [ 97%] [32m[1mLinking C shared library rosidl_generator_py/turtlesim_catch_them_all_interfaces/turtlesim_catch_them_all_interfaces_s__rosidl_typesupport_introspection_c.cpython-310-x86_64-linux-gnu.so[0m
[3.706s] [ 97%] [32m[1mLinking C shared library rosidl_generator_py/turtlesim_catch_them_all_interfaces/turtlesim_catch_them_all_interfaces_s__rosidl_typesupport_c.cpython-310-x86_64-linux-gnu.so[0m
[3.710s] [100%] [32m[1mLinking C shared library rosidl_generator_py/turtlesim_catch_them_all_interfaces/turtlesim_catch_them_all_interfaces_s__rosidl_typesupport_fastrtps_c.cpython-310-x86_64-linux-gnu.so[0m
[3.731s] [100%] Built target turtlesim_catch_them_all_interfaces__rosidl_typesupport_introspection_c__pyext
[3.735s] [100%] Built target turtlesim_catch_them_all_interfaces__rosidl_typesupport_c__pyext
[3.735s] [100%] Built target turtlesim_catch_them_all_interfaces__rosidl_typesupport_fastrtps_c__pyext
[3.746s] Invoked command in '/home/poom/Desktop/ros2_Turtlesim_CatchThemAll_ws/build/turtlesim_catch_them_all_interfaces' returned '0': CMAKE_PREFIX_PATH=${CMAKE_PREFIX_PATH}:/home/poom/Desktop/ros2_Turtlesim_CatchThemAll_ws/install/turtlesim_catch_them_all:/home/poom/Desktop/ROS2_MiniProject/ros2_ws/install/my_py_pkg:/home/poom/ros2_ws/install/my_py_pkg:/opt/ros/humble /usr/bin/cmake --build /home/poom/Desktop/ros2_Turtlesim_CatchThemAll_ws/build/turtlesim_catch_them_all_interfaces -- -j16 -l16
[3.812s] Invoking command in '/home/poom/Desktop/ros2_Turtlesim_CatchThemAll_ws/build/turtlesim_catch_them_all_interfaces': CMAKE_PREFIX_PATH=${CMAKE_PREFIX_PATH}:/home/poom/Desktop/ros2_Turtlesim_CatchThemAll_ws/install/turtlesim_catch_them_all:/home/poom/Desktop/ROS2_MiniProject/ros2_ws/install/my_py_pkg:/home/poom/ros2_ws/install/my_py_pkg:/opt/ros/humble /usr/bin/cmake --install /home/poom/Desktop/ros2_Turtlesim_CatchThemAll_ws/build/turtlesim_catch_them_all_interfaces
[3.817s] -- Install configuration: ""
[3.817s] -- Installing: /home/poom/Desktop/ros2_Turtlesim_CatchThemAll_ws/install/turtlesim_catch_them_all_interfaces/share/ament_index/resource_index/rosidl_interfaces/turtlesim_catch_them_all_interfaces
[3.817s] -- Up-to-date: /home/poom/Desktop/ros2_Turtlesim_CatchThemAll_ws/install/turtlesim_catch_them_all_interfaces/include/turtlesim_catch_them_all_interfaces/turtlesim_catch_them_all_interfaces
[3.817s] -- Installing: /home/poom/Desktop/ros2_Turtlesim_CatchThemAll_ws/install/turtlesim_catch_them_all_interfaces/include/turtlesim_catch_them_all_interfaces/turtlesim_catch_them_all_interfaces/srv
[3.817s] -- Installing: /home/poom/Desktop/ros2_Turtlesim_CatchThemAll_ws/install/turtlesim_catch_them_all_interfaces/include/turtlesim_catch_them_all_interfaces/turtlesim_catch_them_all_interfaces/srv/catch_turtle.h
[3.817s] -- Installing: /home/poom/Desktop/ros2_Turtlesim_CatchThemAll_ws/install/turtlesim_catch_them_all_interfaces/include/turtlesim_catch_them_all_interfaces/turtlesim_catch_them_all_interfaces/srv/detail
[3.817s] -- Installing: /home/poom/Desktop/ros2_Turtlesim_CatchThemAll_ws/install/turtlesim_catch_them_all_interfaces/include/turtlesim_catch_them_all_interfaces/turtlesim_catch_them_all_interfaces/srv/detail/catch_turtle__functions.c
[3.817s] -- Installing: /home/poom/Desktop/ros2_Turtlesim_CatchThemAll_ws/install/turtlesim_catch_them_all_interfaces/include/turtlesim_catch_them_all_interfaces/turtlesim_catch_them_all_interfaces/srv/detail/catch_turtle__functions.h
[3.817s] -- Installing: /home/poom/Desktop/ros2_Turtlesim_CatchThemAll_ws/install/turtlesim_catch_them_all_interfaces/include/turtlesim_catch_them_all_interfaces/turtlesim_catch_them_all_interfaces/srv/detail/catch_turtle__struct.h
[3.817s] -- Installing: /home/poom/Desktop/ros2_Turtlesim_CatchThemAll_ws/install/turtlesim_catch_them_all_interfaces/include/turtlesim_catch_them_all_interfaces/turtlesim_catch_them_all_interfaces/srv/detail/catch_turtle__type_support.h
[3.818s] -- Up-to-date: /home/poom/Desktop/ros2_Turtlesim_CatchThemAll_ws/install/turtlesim_catch_them_all_interfaces/include/turtlesim_catch_them_all_interfaces/turtlesim_catch_them_all_interfaces/msg
[3.818s] -- Installing: /home/poom/Desktop/ros2_Turtlesim_CatchThemAll_ws/install/turtlesim_catch_them_all_interfaces/include/turtlesim_catch_them_all_interfaces/turtlesim_catch_them_all_interfaces/msg/turtle.h
[3.818s] -- Installing: /home/poom/Desktop/ros2_Turtlesim_CatchThemAll_ws/install/turtlesim_catch_them_all_interfaces/include/turtlesim_catch_them_all_interfaces/turtlesim_catch_them_all_interfaces/msg/turtle_array.h
[3.818s] -- Up-to-date: /home/poom/Desktop/ros2_Turtlesim_CatchThemAll_ws/install/turtlesim_catch_them_all_interfaces/include/turtlesim_catch_them_all_interfaces/turtlesim_catch_them_all_interfaces/msg/detail
[3.818s] -- Installing: /home/poom/Desktop/ros2_Turtlesim_CatchThemAll_ws/install/turtlesim_catch_them_all_interfaces/include/turtlesim_catch_them_all_interfaces/turtlesim_catch_them_all_interfaces/msg/detail/turtle_array__type_support.h
[3.818s] -- Installing: /home/poom/Desktop/ros2_Turtlesim_CatchThemAll_ws/install/turtlesim_catch_them_all_interfaces/include/turtlesim_catch_them_all_interfaces/turtlesim_catch_them_all_interfaces/msg/detail/turtle__functions.c
[3.818s] -- Installing: /home/poom/Desktop/ros2_Turtlesim_CatchThemAll_ws/install/turtlesim_catch_them_all_interfaces/include/turtlesim_catch_them_all_interfaces/turtlesim_catch_them_all_interfaces/msg/detail/turtle_array__functions.c
[3.818s] -- Installing: /home/poom/Desktop/ros2_Turtlesim_CatchThemAll_ws/install/turtlesim_catch_them_all_interfaces/include/turtlesim_catch_them_all_interfaces/turtlesim_catch_them_all_interfaces/msg/detail/turtle__struct.h
[3.818s] -- Installing: /home/poom/Desktop/ros2_Turtlesim_CatchThemAll_ws/install/turtlesim_catch_them_all_interfaces/include/turtlesim_catch_them_all_interfaces/turtlesim_catch_them_all_interfaces/msg/detail/turtle__functions.h
[3.818s] -- Installing: /home/poom/Desktop/ros2_Turtlesim_CatchThemAll_ws/install/turtlesim_catch_them_all_interfaces/include/turtlesim_catch_them_all_interfaces/turtlesim_catch_them_all_interfaces/msg/detail/turtle_array__functions.h
[3.818s] -- Installing: /home/poom/Desktop/ros2_Turtlesim_CatchThemAll_ws/install/turtlesim_catch_them_all_interfaces/include/turtlesim_catch_them_all_interfaces/turtlesim_catch_them_all_interfaces/msg/detail/turtle__type_support.h
[3.818s] -- Installing: /home/poom/Desktop/ros2_Turtlesim_CatchThemAll_ws/install/turtlesim_catch_them_all_interfaces/include/turtlesim_catch_them_all_interfaces/turtlesim_catch_them_all_interfaces/msg/detail/turtle_array__struct.h
[3.819s] -- Up-to-date: /home/poom/Desktop/ros2_Turtlesim_CatchThemAll_ws/install/turtlesim_catch_them_all_interfaces/include/turtlesim_catch_them_all_interfaces/turtlesim_catch_them_all_interfaces/msg/rosidl_generator_c__visibility_control.h
[3.819s] -- Up-to-date: /home/poom/Desktop/ros2_Turtlesim_CatchThemAll_ws/install/turtlesim_catch_them_all_interfaces/share/turtlesim_catch_them_all_interfaces/environment/library_path.sh
[3.819s] -- Installing: /home/poom/Desktop/ros2_Turtlesim_CatchThemAll_ws/install/turtlesim_catch_them_all_interfaces/share/turtlesim_catch_them_all_interfaces/environment/library_path.dsv
[3.819s] -- Installing: /home/poom/Desktop/ros2_Turtlesim_CatchThemAll_ws/install/turtlesim_catch_them_all_interfaces/lib/libturtlesim_catch_them_all_interfaces__rosidl_generator_c.so
[3.819s] -- Set runtime path of "/home/poom/Desktop/ros2_Turtlesim_CatchThemAll_ws/install/turtlesim_catch_them_all_interfaces/lib/libturtlesim_catch_them_all_interfaces__rosidl_generator_c.so" to ""
[3.819s] -- Up-to-date: /home/poom/Desktop/ros2_Turtlesim_CatchThemAll_ws/install/turtlesim_catch_them_all_interfaces/include/turtlesim_catch_them_all_interfaces/turtlesim_catch_them_all_interfaces
[3.819s] -- Up-to-date: /home/poom/Desktop/ros2_Turtlesim_CatchThemAll_ws/install/turtlesim_catch_them_all_interfaces/include/turtlesim_catch_them_all_interfaces/turtlesim_catch_them_all_interfaces/srv
[3.819s] -- Up-to-date: /home/poom/Desktop/ros2_Turtlesim_CatchThemAll_ws/install/turtlesim_catch_them_all_interfaces/include/turtlesim_catch_them_all_interfaces/turtlesim_catch_them_all_interfaces/srv/detail
[3.819s] -- Installing: /home/poom/Desktop/ros2_Turtlesim_CatchThemAll_ws/install/turtlesim_catch_them_all_interfaces/include/turtlesim_catch_them_all_interfaces/turtlesim_catch_them_all_interfaces/srv/detail/catch_turtle__rosidl_typesupport_fastrtps_c.h
[3.819s] -- Up-to-date: /home/poom/Desktop/ros2_Turtlesim_CatchThemAll_ws/install/turtlesim_catch_them_all_interfaces/include/turtlesim_catch_them_all_interfaces/turtlesim_catch_them_all_interfaces/msg
[3.819s] -- Up-to-date: /home/poom/Desktop/ros2_Turtlesim_CatchThemAll_ws/install/turtlesim_catch_them_all_interfaces/include/turtlesim_catch_them_all_interfaces/turtlesim_catch_them_all_interfaces/msg/detail
[3.819s] -- Installing: /home/poom/Desktop/ros2_Turtlesim_CatchThemAll_ws/install/turtlesim_catch_them_all_interfaces/include/turtlesim_catch_them_all_interfaces/turtlesim_catch_them_all_interfaces/msg/detail/turtle_array__rosidl_typesupport_fastrtps_c.h
[3.819s] -- Installing: /home/poom/Desktop/ros2_Turtlesim_CatchThemAll_ws/install/turtlesim_catch_them_all_interfaces/include/turtlesim_catch_them_all_interfaces/turtlesim_catch_them_all_interfaces/msg/detail/turtle__rosidl_typesupport_fastrtps_c.h
[3.819s] -- Up-to-date: /home/poom/Desktop/ros2_Turtlesim_CatchThemAll_ws/install/turtlesim_catch_them_all_interfaces/include/turtlesim_catch_them_all_interfaces/turtlesim_catch_them_all_interfaces/msg/rosidl_typesupport_fastrtps_c__visibility_control.h
[3.819s] -- Installing: /home/poom/Desktop/ros2_Turtlesim_CatchThemAll_ws/install/turtlesim_catch_them_all_interfaces/lib/libturtlesim_catch_them_all_interfaces__rosidl_typesupport_fastrtps_c.so
[3.819s] -- Set runtime path of "/home/poom/Desktop/ros2_Turtlesim_CatchThemAll_ws/install/turtlesim_catch_them_all_interfaces/lib/libturtlesim_catch_them_all_interfaces__rosidl_typesupport_fastrtps_c.so" to ""
[3.819s] -- Up-to-date: /home/poom/Desktop/ros2_Turtlesim_CatchThemAll_ws/install/turtlesim_catch_them_all_interfaces/include/turtlesim_catch_them_all_interfaces/turtlesim_catch_them_all_interfaces
[3.819s] -- Up-to-date: /home/poom/Desktop/ros2_Turtlesim_CatchThemAll_ws/install/turtlesim_catch_them_all_interfaces/include/turtlesim_catch_them_all_interfaces/turtlesim_catch_them_all_interfaces/srv
[3.819s] -- Up-to-date: /home/poom/Desktop/ros2_Turtlesim_CatchThemAll_ws/install/turtlesim_catch_them_all_interfaces/include/turtlesim_catch_them_all_interfaces/turtlesim_catch_them_all_interfaces/srv/detail
[3.819s] -- Installing: /home/poom/Desktop/ros2_Turtlesim_CatchThemAll_ws/install/turtlesim_catch_them_all_interfaces/include/turtlesim_catch_them_all_interfaces/turtlesim_catch_them_all_interfaces/srv/detail/catch_turtle__type_support.c
[3.819s] -- Installing: /home/poom/Desktop/ros2_Turtlesim_CatchThemAll_ws/install/turtlesim_catch_them_all_interfaces/include/turtlesim_catch_them_all_interfaces/turtlesim_catch_them_all_interfaces/srv/detail/catch_turtle__rosidl_typesupport_introspection_c.h
[3.819s] -- Up-to-date: /home/poom/Desktop/ros2_Turtlesim_CatchThemAll_ws/install/turtlesim_catch_them_all_interfaces/include/turtlesim_catch_them_all_interfaces/turtlesim_catch_them_all_interfaces/msg
[3.819s] -- Up-to-date: /home/poom/Desktop/ros2_Turtlesim_CatchThemAll_ws/install/turtlesim_catch_them_all_interfaces/include/turtlesim_catch_them_all_interfaces/turtlesim_catch_them_all_interfaces/msg/rosidl_typesupport_introspection_c__visibility_control.h
[3.819s] -- Up-to-date: /home/poom/Desktop/ros2_Turtlesim_CatchThemAll_ws/install/turtlesim_catch_them_all_interfaces/include/turtlesim_catch_them_all_interfaces/turtlesim_catch_them_all_interfaces/msg/detail
[3.819s] -- Installing: /home/poom/Desktop/ros2_Turtlesim_CatchThemAll_ws/install/turtlesim_catch_them_all_interfaces/include/turtlesim_catch_them_all_interfaces/turtlesim_catch_them_all_interfaces/msg/detail/turtle_array__rosidl_typesupport_introspection_c.h
[3.819s] -- Installing: /home/poom/Desktop/ros2_Turtlesim_CatchThemAll_ws/install/turtlesim_catch_them_all_interfaces/include/turtlesim_catch_them_all_interfaces/turtlesim_catch_them_all_interfaces/msg/detail/turtle__type_support.c
[3.820s] -- Installing: /home/poom/Desktop/ros2_Turtlesim_CatchThemAll_ws/install/turtlesim_catch_them_all_interfaces/include/turtlesim_catch_them_all_interfaces/turtlesim_catch_them_all_interfaces/msg/detail/turtle__rosidl_typesupport_introspection_c.h
[3.820s] -- Installing: /home/poom/Desktop/ros2_Turtlesim_CatchThemAll_ws/install/turtlesim_catch_them_all_interfaces/include/turtlesim_catch_them_all_interfaces/turtlesim_catch_them_all_interfaces/msg/detail/turtle_array__type_support.c
[3.820s] -- Installing: /home/poom/Desktop/ros2_Turtlesim_CatchThemAll_ws/install/turtlesim_catch_them_all_interfaces/lib/libturtlesim_catch_them_all_interfaces__rosidl_typesupport_introspection_c.so
[3.820s] -- Set runtime path of "/home/poom/Desktop/ros2_Turtlesim_CatchThemAll_ws/install/turtlesim_catch_them_all_interfaces/lib/libturtlesim_catch_them_all_interfaces__rosidl_typesupport_introspection_c.so" to ""
[3.820s] -- Installing: /home/poom/Desktop/ros2_Turtlesim_CatchThemAll_ws/install/turtlesim_catch_them_all_interfaces/lib/libturtlesim_catch_them_all_interfaces__rosidl_typesupport_c.so
[3.820s] -- Set runtime path of "/home/poom/Desktop/ros2_Turtlesim_CatchThemAll_ws/install/turtlesim_catch_them_all_interfaces/lib/libturtlesim_catch_them_all_interfaces__rosidl_typesupport_c.so" to ""
[3.820s] -- Up-to-date: /home/poom/Desktop/ros2_Turtlesim_CatchThemAll_ws/install/turtlesim_catch_them_all_interfaces/include/turtlesim_catch_them_all_interfaces/turtlesim_catch_them_all_interfaces
[3.820s] -- Up-to-date: /home/poom/Desktop/ros2_Turtlesim_CatchThemAll_ws/install/turtlesim_catch_them_all_interfaces/include/turtlesim_catch_them_all_interfaces/turtlesim_catch_them_all_interfaces/srv
[3.820s] -- Installing: /home/poom/Desktop/ros2_Turtlesim_CatchThemAll_ws/install/turtlesim_catch_them_all_interfaces/include/turtlesim_catch_them_all_interfaces/turtlesim_catch_them_all_interfaces/srv/catch_turtle.hpp
[3.820s] -- Up-to-date: /home/poom/Desktop/ros2_Turtlesim_CatchThemAll_ws/install/turtlesim_catch_them_all_interfaces/include/turtlesim_catch_them_all_interfaces/turtlesim_catch_them_all_interfaces/srv/detail
[3.820s] -- Installing: /home/poom/Desktop/ros2_Turtlesim_CatchThemAll_ws/install/turtlesim_catch_them_all_interfaces/include/turtlesim_catch_them_all_interfaces/turtlesim_catch_them_all_interfaces/srv/detail/catch_turtle__builder.hpp
[3.820s] -- Installing: /home/poom/Desktop/ros2_Turtlesim_CatchThemAll_ws/install/turtlesim_catch_them_all_interfaces/include/turtlesim_catch_them_all_interfaces/turtlesim_catch_them_all_interfaces/srv/detail/catch_turtle__struct.hpp
[3.820s] -- Installing: /home/poom/Desktop/ros2_Turtlesim_CatchThemAll_ws/install/turtlesim_catch_them_all_interfaces/include/turtlesim_catch_them_all_interfaces/turtlesim_catch_them_all_interfaces/srv/detail/catch_turtle__traits.hpp
[3.820s] -- Up-to-date: /home/poom/Desktop/ros2_Turtlesim_CatchThemAll_ws/install/turtlesim_catch_them_all_interfaces/include/turtlesim_catch_them_all_interfaces/turtlesim_catch_them_all_interfaces/msg
[3.820s] -- Up-to-date: /home/poom/Desktop/ros2_Turtlesim_CatchThemAll_ws/install/turtlesim_catch_them_all_interfaces/include/turtlesim_catch_them_all_interfaces/turtlesim_catch_them_all_interfaces/msg/detail
[3.820s] -- Installing: /home/poom/Desktop/ros2_Turtlesim_CatchThemAll_ws/install/turtlesim_catch_them_all_interfaces/include/turtlesim_catch_them_all_interfaces/turtlesim_catch_them_all_interfaces/msg/detail/turtle__traits.hpp
[3.820s] -- Installing: /home/poom/Desktop/ros2_Turtlesim_CatchThemAll_ws/install/turtlesim_catch_them_all_interfaces/include/turtlesim_catch_them_all_interfaces/turtlesim_catch_them_all_interfaces/msg/detail/turtle_array__builder.hpp
[3.820s] -- Installing: /home/poom/Desktop/ros2_Turtlesim_CatchThemAll_ws/install/turtlesim_catch_them_all_interfaces/include/turtlesim_catch_them_all_interfaces/turtlesim_catch_them_all_interfaces/msg/detail/turtle_array__struct.hpp
[3.821s] -- Installing: /home/poom/Desktop/ros2_Turtlesim_CatchThemAll_ws/install/turtlesim_catch_them_all_interfaces/include/turtlesim_catch_them_all_interfaces/turtlesim_catch_them_all_interfaces/msg/detail/turtle_array__traits.hpp
[3.821s] -- Installing: /home/poom/Desktop/ros2_Turtlesim_CatchThemAll_ws/install/turtlesim_catch_them_all_interfaces/include/turtlesim_catch_them_all_interfaces/turtlesim_catch_them_all_interfaces/msg/detail/turtle__struct.hpp
[3.821s] -- Installing: /home/poom/Desktop/ros2_Turtlesim_CatchThemAll_ws/install/turtlesim_catch_them_all_interfaces/include/turtlesim_catch_them_all_interfaces/turtlesim_catch_them_all_interfaces/msg/detail/turtle__builder.hpp
[3.821s] -- Installing: /home/poom/Desktop/ros2_Turtlesim_CatchThemAll_ws/install/turtlesim_catch_them_all_interfaces/include/turtlesim_catch_them_all_interfaces/turtlesim_catch_them_all_interfaces/msg/turtle.hpp
[3.821s] -- Installing: /home/poom/Desktop/ros2_Turtlesim_CatchThemAll_ws/install/turtlesim_catch_them_all_interfaces/include/turtlesim_catch_them_all_interfaces/turtlesim_catch_them_all_interfaces/msg/turtle_array.hpp
[3.821s] -- Up-to-date: /home/poom/Desktop/ros2_Turtlesim_CatchThemAll_ws/install/turtlesim_catch_them_all_interfaces/include/turtlesim_catch_them_all_interfaces/turtlesim_catch_them_all_interfaces
[3.821s] -- Up-to-date: /home/poom/Desktop/ros2_Turtlesim_CatchThemAll_ws/install/turtlesim_catch_them_all_interfaces/include/turtlesim_catch_them_all_interfaces/turtlesim_catch_them_all_interfaces/srv
[3.821s] -- Up-to-date: /home/poom/Desktop/ros2_Turtlesim_CatchThemAll_ws/install/turtlesim_catch_them_all_interfaces/include/turtlesim_catch_them_all_interfaces/turtlesim_catch_them_all_interfaces/srv/detail
[3.821s] -- Installing: /home/poom/Desktop/ros2_Turtlesim_CatchThemAll_ws/install/turtlesim_catch_them_all_interfaces/include/turtlesim_catch_them_all_interfaces/turtlesim_catch_them_all_interfaces/srv/detail/dds_fastrtps
[3.821s] -- Installing: /home/poom/Desktop/ros2_Turtlesim_CatchThemAll_ws/install/turtlesim_catch_them_all_interfaces/include/turtlesim_catch_them_all_interfaces/turtlesim_catch_them_all_interfaces/srv/detail/catch_turtle__rosidl_typesupport_fastrtps_cpp.hpp
[3.821s] -- Up-to-date: /home/poom/Desktop/ros2_Turtlesim_CatchThemAll_ws/install/turtlesim_catch_them_all_interfaces/include/turtlesim_catch_them_all_interfaces/turtlesim_catch_them_all_interfaces/msg
[3.821s] -- Up-to-date: /home/poom/Desktop/ros2_Turtlesim_CatchThemAll_ws/install/turtlesim_catch_them_all_interfaces/include/turtlesim_catch_them_all_interfaces/turtlesim_catch_them_all_interfaces/msg/detail
[3.821s] -- Installing: /home/poom/Desktop/ros2_Turtlesim_CatchThemAll_ws/install/turtlesim_catch_them_all_interfaces/include/turtlesim_catch_them_all_interfaces/turtlesim_catch_them_all_interfaces/msg/detail/turtle_array__rosidl_typesupport_fastrtps_cpp.hpp
[3.821s] -- Up-to-date: /home/poom/Desktop/ros2_Turtlesim_CatchThemAll_ws/install/turtlesim_catch_them_all_interfaces/include/turtlesim_catch_them_all_interfaces/turtlesim_catch_them_all_interfaces/msg/detail/dds_fastrtps
[3.821s] -- Installing: /home/poom/Desktop/ros2_Turtlesim_CatchThemAll_ws/install/turtlesim_catch_them_all_interfaces/include/turtlesim_catch_them_all_interfaces/turtlesim_catch_them_all_interfaces/msg/detail/turtle__rosidl_typesupport_fastrtps_cpp.hpp
[3.821s] -- Up-to-date: /home/poom/Desktop/ros2_Turtlesim_CatchThemAll_ws/install/turtlesim_catch_them_all_interfaces/include/turtlesim_catch_them_all_interfaces/turtlesim_catch_them_all_interfaces/msg/rosidl_typesupport_fastrtps_cpp__visibility_control.h
[3.821s] -- Installing: /home/poom/Desktop/ros2_Turtlesim_CatchThemAll_ws/install/turtlesim_catch_them_all_interfaces/lib/libturtlesim_catch_them_all_interfaces__rosidl_typesupport_fastrtps_cpp.so
[3.821s] -- Set runtime path of "/home/poom/Desktop/ros2_Turtlesim_CatchThemAll_ws/install/turtlesim_catch_them_all_interfaces/lib/libturtlesim_catch_them_all_interfaces__rosidl_typesupport_fastrtps_cpp.so" to ""
[3.821s] -- Up-to-date: /home/poom/Desktop/ros2_Turtlesim_CatchThemAll_ws/install/turtlesim_catch_them_all_interfaces/include/turtlesim_catch_them_all_interfaces/turtlesim_catch_them_all_interfaces
[3.821s] -- Up-to-date: /home/poom/Desktop/ros2_Turtlesim_CatchThemAll_ws/install/turtlesim_catch_them_all_interfaces/include/turtlesim_catch_them_all_interfaces/turtlesim_catch_them_all_interfaces/srv
[3.821s] -- Up-to-date: /home/poom/Desktop/ros2_Turtlesim_CatchThemAll_ws/install/turtlesim_catch_them_all_interfaces/include/turtlesim_catch_them_all_interfaces/turtlesim_catch_them_all_interfaces/srv/detail
[3.822s] -- Installing: /home/poom/Desktop/ros2_Turtlesim_CatchThemAll_ws/install/turtlesim_catch_them_all_interfaces/include/turtlesim_catch_them_all_interfaces/turtlesim_catch_them_all_interfaces/srv/detail/catch_turtle__rosidl_typesupport_introspection_cpp.hpp
[3.822s] -- Installing: /home/poom/Desktop/ros2_Turtlesim_CatchThemAll_ws/install/turtlesim_catch_them_all_interfaces/include/turtlesim_catch_them_all_interfaces/turtlesim_catch_them_all_interfaces/srv/detail/catch_turtle__type_support.cpp
[3.822s] -- Up-to-date: /home/poom/Desktop/ros2_Turtlesim_CatchThemAll_ws/install/turtlesim_catch_them_all_interfaces/include/turtlesim_catch_them_all_interfaces/turtlesim_catch_them_all_interfaces/msg
[3.822s] -- Up-to-date: /home/poom/Desktop/ros2_Turtlesim_CatchThemAll_ws/install/turtlesim_catch_them_all_interfaces/include/turtlesim_catch_them_all_interfaces/turtlesim_catch_them_all_interfaces/msg/detail
[3.822s] -- Installing: /home/poom/Desktop/ros2_Turtlesim_CatchThemAll_ws/install/turtlesim_catch_them_all_interfaces/include/turtlesim_catch_them_all_interfaces/turtlesim_catch_them_all_interfaces/msg/detail/turtle_array__type_support.cpp
[3.822s] -- Installing: /home/poom/Desktop/ros2_Turtlesim_CatchThemAll_ws/install/turtlesim_catch_them_all_interfaces/include/turtlesim_catch_them_all_interfaces/turtlesim_catch_them_all_interfaces/msg/detail/turtle__type_support.cpp
[3.822s] -- Installing: /home/poom/Desktop/ros2_Turtlesim_CatchThemAll_ws/install/turtlesim_catch_them_all_interfaces/include/turtlesim_catch_them_all_interfaces/turtlesim_catch_them_all_interfaces/msg/detail/turtle__rosidl_typesupport_introspection_cpp.hpp
[3.822s] -- Installing: /home/poom/Desktop/ros2_Turtlesim_CatchThemAll_ws/install/turtlesim_catch_them_all_interfaces/include/turtlesim_catch_them_all_interfaces/turtlesim_catch_them_all_interfaces/msg/detail/turtle_array__rosidl_typesupport_introspection_cpp.hpp
[3.822s] -- Installing: /home/poom/Desktop/ros2_Turtlesim_CatchThemAll_ws/install/turtlesim_catch_them_all_interfaces/lib/libturtlesim_catch_them_all_interfaces__rosidl_typesupport_introspection_cpp.so
[3.822s] -- Set runtime path of "/home/poom/Desktop/ros2_Turtlesim_CatchThemAll_ws/install/turtlesim_catch_them_all_interfaces/lib/libturtlesim_catch_them_all_interfaces__rosidl_typesupport_introspection_cpp.so" to ""
[3.822s] -- Installing: /home/poom/Desktop/ros2_Turtlesim_CatchThemAll_ws/install/turtlesim_catch_them_all_interfaces/lib/libturtlesim_catch_them_all_interfaces__rosidl_typesupport_cpp.so
[3.822s] -- Set runtime path of "/home/poom/Desktop/ros2_Turtlesim_CatchThemAll_ws/install/turtlesim_catch_them_all_interfaces/lib/libturtlesim_catch_them_all_interfaces__rosidl_typesupport_cpp.so" to ""
[3.822s] -- Up-to-date: /home/poom/Desktop/ros2_Turtlesim_CatchThemAll_ws/install/turtlesim_catch_them_all_interfaces/share/turtlesim_catch_them_all_interfaces/environment/pythonpath.sh
[3.822s] -- Installing: /home/poom/Desktop/ros2_Turtlesim_CatchThemAll_ws/install/turtlesim_catch_them_all_interfaces/share/turtlesim_catch_them_all_interfaces/environment/pythonpath.dsv
[3.822s] -- Up-to-date: /home/poom/Desktop/ros2_Turtlesim_CatchThemAll_ws/install/turtlesim_catch_them_all_interfaces/local/lib/python3.10/dist-packages/turtlesim_catch_them_all_interfaces-0.0.0-py3.10.egg-info
[3.822s] -- Installing: /home/poom/Desktop/ros2_Turtlesim_CatchThemAll_ws/install/turtlesim_catch_them_all_interfaces/local/lib/python3.10/dist-packages/turtlesim_catch_them_all_interfaces-0.0.0-py3.10.egg-info/top_level.txt
[3.822s] -- Installing: /home/poom/Desktop/ros2_Turtlesim_CatchThemAll_ws/install/turtlesim_catch_them_all_interfaces/local/lib/python3.10/dist-packages/turtlesim_catch_them_all_interfaces-0.0.0-py3.10.egg-info/dependency_links.txt
[3.822s] -- Installing: /home/poom/Desktop/ros2_Turtlesim_CatchThemAll_ws/install/turtlesim_catch_them_all_interfaces/local/lib/python3.10/dist-packages/turtlesim_catch_them_all_interfaces-0.0.0-py3.10.egg-info/SOURCES.txt
[3.822s] -- Installing: /home/poom/Desktop/ros2_Turtlesim_CatchThemAll_ws/install/turtlesim_catch_them_all_interfaces/local/lib/python3.10/dist-packages/turtlesim_catch_them_all_interfaces-0.0.0-py3.10.egg-info/PKG-INFO
[3.822s] -- Up-to-date: /home/poom/Desktop/ros2_Turtlesim_CatchThemAll_ws/install/turtlesim_catch_them_all_interfaces/local/lib/python3.10/dist-packages/turtlesim_catch_them_all_interfaces
[3.822s] -- Installing: /home/poom/Desktop/ros2_Turtlesim_CatchThemAll_ws/install/turtlesim_catch_them_all_interfaces/local/lib/python3.10/dist-packages/turtlesim_catch_them_all_interfaces/turtlesim_catch_them_all_interfaces_s__rosidl_typesupport_introspection_c.cpython-310-x86_64-linux-gnu.so
[3.822s] -- Installing: /home/poom/Desktop/ros2_Turtlesim_CatchThemAll_ws/install/turtlesim_catch_them_all_interfaces/local/lib/python3.10/dist-packages/turtlesim_catch_them_all_interfaces/turtlesim_catch_them_all_interfaces_s__rosidl_typesupport_c.cpython-310-x86_64-linux-gnu.so
[3.822s] -- Installing: /home/poom/Desktop/ros2_Turtlesim_CatchThemAll_ws/install/turtlesim_catch_them_all_interfaces/local/lib/python3.10/dist-packages/turtlesim_catch_them_all_interfaces/_turtlesim_catch_them_all_interfaces_s.ep.rosidl_typesupport_fastrtps_c.c
[3.822s] -- Installing: /home/poom/Desktop/ros2_Turtlesim_CatchThemAll_ws/install/turtlesim_catch_them_all_interfaces/local/lib/python3.10/dist-packages/turtlesim_catch_them_all_interfaces/srv
[3.823s] -- Installing: /home/poom/Desktop/ros2_Turtlesim_CatchThemAll_ws/install/turtlesim_catch_them_all_interfaces/local/lib/python3.10/dist-packages/turtlesim_catch_them_all_interfaces/srv/__init__.py
[3.823s] -- Installing: /home/poom/Desktop/ros2_Turtlesim_CatchThemAll_ws/install/turtlesim_catch_them_all_interfaces/local/lib/python3.10/dist-packages/turtlesim_catch_them_all_interfaces/srv/_catch_turtle.py
[3.823s] -- Installing: /home/poom/Desktop/ros2_Turtlesim_CatchThemAll_ws/install/turtlesim_catch_them_all_interfaces/local/lib/python3.10/dist-packages/turtlesim_catch_them_all_interfaces/srv/_catch_turtle_s.c
[3.823s] -- Installing: /home/poom/Desktop/ros2_Turtlesim_CatchThemAll_ws/install/turtlesim_catch_them_all_interfaces/local/lib/python3.10/dist-packages/turtlesim_catch_them_all_interfaces/libturtlesim_catch_them_all_interfaces__rosidl_generator_py.so
[3.823s] -- Installing: /home/poom/Desktop/ros2_Turtlesim_CatchThemAll_ws/install/turtlesim_catch_them_all_interfaces/local/lib/python3.10/dist-packages/turtlesim_catch_them_all_interfaces/__init__.py
[3.823s] -- Up-to-date: /home/poom/Desktop/ros2_Turtlesim_CatchThemAll_ws/install/turtlesim_catch_them_all_interfaces/local/lib/python3.10/dist-packages/turtlesim_catch_them_all_interfaces/msg
[3.823s] -- Installing: /home/poom/Desktop/ros2_Turtlesim_CatchThemAll_ws/install/turtlesim_catch_them_all_interfaces/local/lib/python3.10/dist-packages/turtlesim_catch_them_all_interfaces/msg/_turtle_s.c
[3.823s] -- Installing: /home/poom/Desktop/ros2_Turtlesim_CatchThemAll_ws/install/turtlesim_catch_them_all_interfaces/local/lib/python3.10/dist-packages/turtlesim_catch_them_all_interfaces/msg/__init__.py
[3.823s] -- Installing: /home/poom/Desktop/ros2_Turtlesim_CatchThemAll_ws/install/turtlesim_catch_them_all_interfaces/local/lib/python3.10/dist-packages/turtlesim_catch_them_all_interfaces/msg/_turtle_array.py
[3.823s] -- Installing: /home/poom/Desktop/ros2_Turtlesim_CatchThemAll_ws/install/turtlesim_catch_them_all_interfaces/local/lib/python3.10/dist-packages/turtlesim_catch_them_all_interfaces/msg/_turtle.py
[3.823s] -- Installing: /home/poom/Desktop/ros2_Turtlesim_CatchThemAll_ws/install/turtlesim_catch_them_all_interfaces/local/lib/python3.10/dist-packages/turtlesim_catch_them_all_interfaces/msg/_turtle_array_s.c
[3.823s] -- Installing: /home/poom/Desktop/ros2_Turtlesim_CatchThemAll_ws/install/turtlesim_catch_them_all_interfaces/local/lib/python3.10/dist-packages/turtlesim_catch_them_all_interfaces/turtlesim_catch_them_all_interfaces_s__rosidl_typesupport_fastrtps_c.cpython-310-x86_64-linux-gnu.so
[3.823s] -- Installing: /home/poom/Desktop/ros2_Turtlesim_CatchThemAll_ws/install/turtlesim_catch_them_all_interfaces/local/lib/python3.10/dist-packages/turtlesim_catch_them_all_interfaces/_turtlesim_catch_them_all_interfaces_s.ep.rosidl_typesupport_introspection_c.c
[3.823s] -- Installing: /home/poom/Desktop/ros2_Turtlesim_CatchThemAll_ws/install/turtlesim_catch_them_all_interfaces/local/lib/python3.10/dist-packages/turtlesim_catch_them_all_interfaces/_turtlesim_catch_them_all_interfaces_s.ep.rosidl_typesupport_c.c
[3.843s] Listing '/home/poom/Desktop/ros2_Turtlesim_CatchThemAll_ws/install/turtlesim_catch_them_all_interfaces/local/lib/python3.10/dist-packages/turtlesim_catch_them_all_interfaces'...
[3.843s] Compiling '/home/poom/Desktop/ros2_Turtlesim_CatchThemAll_ws/install/turtlesim_catch_them_all_interfaces/local/lib/python3.10/dist-packages/turtlesim_catch_them_all_interfaces/__init__.py'...
[3.843s] Listing '/home/poom/Desktop/ros2_Turtlesim_CatchThemAll_ws/install/turtlesim_catch_them_all_interfaces/local/lib/python3.10/dist-packages/turtlesim_catch_them_all_interfaces/msg'...
[3.843s] Compiling '/home/poom/Desktop/ros2_Turtlesim_CatchThemAll_ws/install/turtlesim_catch_them_all_interfaces/local/lib/python3.10/dist-packages/turtlesim_catch_them_all_interfaces/msg/__init__.py'...
[3.843s] Compiling '/home/poom/Desktop/ros2_Turtlesim_CatchThemAll_ws/install/turtlesim_catch_them_all_interfaces/local/lib/python3.10/dist-packages/turtlesim_catch_them_all_interfaces/msg/_turtle.py'...
[3.843s] Compiling '/home/poom/Desktop/ros2_Turtlesim_CatchThemAll_ws/install/turtlesim_catch_them_all_interfaces/local/lib/python3.10/dist-packages/turtlesim_catch_them_all_interfaces/msg/_turtle_array.py'...
[3.843s] Listing '/home/poom/Desktop/ros2_Turtlesim_CatchThemAll_ws/install/turtlesim_catch_them_all_interfaces/local/lib/python3.10/dist-packages/turtlesim_catch_them_all_interfaces/srv'...
[3.843s] Compiling '/home/poom/Desktop/ros2_Turtlesim_CatchThemAll_ws/install/turtlesim_catch_them_all_interfaces/local/lib/python3.10/dist-packages/turtlesim_catch_them_all_interfaces/srv/__init__.py'...
[3.843s] Compiling '/home/poom/Desktop/ros2_Turtlesim_CatchThemAll_ws/install/turtlesim_catch_them_all_interfaces/local/lib/python3.10/dist-packages/turtlesim_catch_them_all_interfaces/srv/_catch_turtle.py'...
[3.846s] -- Installing: /home/poom/Desktop/ros2_Turtlesim_CatchThemAll_ws/install/turtlesim_catch_them_all_interfaces/local/lib/python3.10/dist-packages/turtlesim_catch_them_all_interfaces/turtlesim_catch_them_all_interfaces_s__rosidl_typesupport_fastrtps_c.cpython-310-x86_64-linux-gnu.so
[3.846s] -- Set runtime path of "/home/poom/Desktop/ros2_Turtlesim_CatchThemAll_ws/install/turtlesim_catch_them_all_interfaces/local/lib/python3.10/dist-packages/turtlesim_catch_them_all_interfaces/turtlesim_catch_them_all_interfaces_s__rosidl_typesupport_fastrtps_c.cpython-310-x86_64-linux-gnu.so" to ""
[3.846s] -- Installing: /home/poom/Desktop/ros2_Turtlesim_CatchThemAll_ws/install/turtlesim_catch_them_all_interfaces/local/lib/python3.10/dist-packages/turtlesim_catch_them_all_interfaces/turtlesim_catch_them_all_interfaces_s__rosidl_typesupport_introspection_c.cpython-310-x86_64-linux-gnu.so
[3.846s] -- Set runtime path of "/home/poom/Desktop/ros2_Turtlesim_CatchThemAll_ws/install/turtlesim_catch_them_all_interfaces/local/lib/python3.10/dist-packages/turtlesim_catch_them_all_interfaces/turtlesim_catch_them_all_interfaces_s__rosidl_typesupport_introspection_c.cpython-310-x86_64-linux-gnu.so" to ""
[3.846s] -- Installing: /home/poom/Desktop/ros2_Turtlesim_CatchThemAll_ws/install/turtlesim_catch_them_all_interfaces/local/lib/python3.10/dist-packages/turtlesim_catch_them_all_interfaces/turtlesim_catch_them_all_interfaces_s__rosidl_typesupport_c.cpython-310-x86_64-linux-gnu.so
[3.846s] -- Set runtime path of "/home/poom/Desktop/ros2_Turtlesim_CatchThemAll_ws/install/turtlesim_catch_them_all_interfaces/local/lib/python3.10/dist-packages/turtlesim_catch_them_all_interfaces/turtlesim_catch_them_all_interfaces_s__rosidl_typesupport_c.cpython-310-x86_64-linux-gnu.so" to ""
[3.846s] -- Installing: /home/poom/Desktop/ros2_Turtlesim_CatchThemAll_ws/install/turtlesim_catch_them_all_interfaces/lib/libturtlesim_catch_them_all_interfaces__rosidl_generator_py.so
[3.847s] -- Set runtime path of "/home/poom/Desktop/ros2_Turtlesim_CatchThemAll_ws/install/turtlesim_catch_them_all_interfaces/lib/libturtlesim_catch_them_all_interfaces__rosidl_generator_py.so" to ""
[3.847s] -- Up-to-date: /home/poom/Desktop/ros2_Turtlesim_CatchThemAll_ws/install/turtlesim_catch_them_all_interfaces/share/turtlesim_catch_them_all_interfaces/msg/Turtle.idl
[3.847s] -- Up-to-date: /home/poom/Desktop/ros2_Turtlesim_CatchThemAll_ws/install/turtlesim_catch_them_all_interfaces/share/turtlesim_catch_them_all_interfaces/msg/TurtleArray.idl
[3.847s] -- Installing: /home/poom/Desktop/ros2_Turtlesim_CatchThemAll_ws/install/turtlesim_catch_them_all_interfaces/share/turtlesim_catch_them_all_interfaces/srv/CatchTurtle.idl
[3.847s] -- Up-to-date: /home/poom/Desktop/ros2_Turtlesim_CatchThemAll_ws/install/turtlesim_catch_them_all_interfaces/share/turtlesim_catch_them_all_interfaces/msg/Turtle.msg
[3.847s] -- Up-to-date: /home/poom/Desktop/ros2_Turtlesim_CatchThemAll_ws/install/turtlesim_catch_them_all_interfaces/share/turtlesim_catch_them_all_interfaces/msg/TurtleArray.msg
[3.847s] -- Installing: /home/poom/Desktop/ros2_Turtlesim_CatchThemAll_ws/install/turtlesim_catch_them_all_interfaces/share/turtlesim_catch_them_all_interfaces/srv/CatchTurtle.srv
[3.847s] -- Installing: /home/poom/Desktop/ros2_Turtlesim_CatchThemAll_ws/install/turtlesim_catch_them_all_interfaces/share/turtlesim_catch_them_all_interfaces/srv/CatchTurtle_Request.msg
[3.847s] -- Installing: /home/poom/Desktop/ros2_Turtlesim_CatchThemAll_ws/install/turtlesim_catch_them_all_interfaces/share/turtlesim_catch_them_all_interfaces/srv/CatchTurtle_Response.msg
[3.847s] -- Up-to-date: /home/poom/Desktop/ros2_Turtlesim_CatchThemAll_ws/install/turtlesim_catch_them_all_interfaces/share/ament_index/resource_index/package_run_dependencies/turtlesim_catch_them_all_interfaces
[3.847s] -- Up-to-date: /home/poom/Desktop/ros2_Turtlesim_CatchThemAll_ws/install/turtlesim_catch_them_all_interfaces/share/ament_index/resource_index/parent_prefix_path/turtlesim_catch_them_all_interfaces
[3.847s] -- Up-to-date: /home/poom/Desktop/ros2_Turtlesim_CatchThemAll_ws/install/turtlesim_catch_them_all_interfaces/share/turtlesim_catch_them_all_interfaces/environment/ament_prefix_path.sh
[3.847s] -- Installing: /home/poom/Desktop/ros2_Turtlesim_CatchThemAll_ws/install/turtlesim_catch_them_all_interfaces/share/turtlesim_catch_them_all_interfaces/environment/ament_prefix_path.dsv
[3.847s] -- Up-to-date: /home/poom/Desktop/ros2_Turtlesim_CatchThemAll_ws/install/turtlesim_catch_them_all_interfaces/share/turtlesim_catch_them_all_interfaces/environment/path.sh
[3.847s] -- Installing: /home/poom/Desktop/ros2_Turtlesim_CatchThemAll_ws/install/turtlesim_catch_them_all_interfaces/share/turtlesim_catch_them_all_interfaces/environment/path.dsv
[3.847s] -- Up-to-date: /home/poom/Desktop/ros2_Turtlesim_CatchThemAll_ws/install/turtlesim_catch_them_all_interfaces/share/turtlesim_catch_them_all_interfaces/local_setup.bash
[3.847s] -- Up-to-date: /home/poom/Desktop/ros2_Turtlesim_CatchThemAll_ws/install/turtlesim_catch_them_all_interfaces/share/turtlesim_catch_them_all_interfaces/local_setup.sh
[3.847s] -- Up-to-date: /home/poom/Desktop/ros2_Turtlesim_CatchThemAll_ws/install/turtlesim_catch_them_all_interfaces/share/turtlesim_catch_them_all_interfaces/local_setup.zsh
[3.847s] -- Installing: /home/poom/Desktop/ros2_Turtlesim_CatchThemAll_ws/install/turtlesim_catch_them_all_interfaces/share/turtlesim_catch_them_all_interfaces/local_setup.dsv
[3.847s] -- Installing: /home/poom/Desktop/ros2_Turtlesim_CatchThemAll_ws/install/turtlesim_catch_them_all_interfaces/share/turtlesim_catch_them_all_interfaces/package.dsv
[3.848s] -- Up-to-date: /home/poom/Desktop/ros2_Turtlesim_CatchThemAll_ws/install/turtlesim_catch_them_all_interfaces/share/ament_index/resource_index/packages/turtlesim_catch_them_all_interfaces
[3.848s] -- Up-to-date: /home/poom/Desktop/ros2_Turtlesim_CatchThemAll_ws/install/turtlesim_catch_them_all_interfaces/share/turtlesim_catch_them_all_interfaces/cmake/export_turtlesim_catch_them_all_interfaces__rosidl_generator_cExport.cmake
[3.848s] -- Up-to-date: /home/poom/Desktop/ros2_Turtlesim_CatchThemAll_ws/install/turtlesim_catch_them_all_interfaces/share/turtlesim_catch_them_all_interfaces/cmake/export_turtlesim_catch_them_all_interfaces__rosidl_generator_cExport-noconfig.cmake
[3.848s] -- Up-to-date: /home/poom/Desktop/ros2_Turtlesim_CatchThemAll_ws/install/turtlesim_catch_them_all_interfaces/share/turtlesim_catch_them_all_interfaces/cmake/export_turtlesim_catch_them_all_interfaces__rosidl_typesupport_fastrtps_cExport.cmake
[3.848s] -- Up-to-date: /home/poom/Desktop/ros2_Turtlesim_CatchThemAll_ws/install/turtlesim_catch_them_all_interfaces/share/turtlesim_catch_them_all_interfaces/cmake/export_turtlesim_catch_them_all_interfaces__rosidl_typesupport_fastrtps_cExport-noconfig.cmake
[3.848s] -- Up-to-date: /home/poom/Desktop/ros2_Turtlesim_CatchThemAll_ws/install/turtlesim_catch_them_all_interfaces/share/turtlesim_catch_them_all_interfaces/cmake/turtlesim_catch_them_all_interfaces__rosidl_typesupport_introspection_cExport.cmake
[3.848s] -- Up-to-date: /home/poom/Desktop/ros2_Turtlesim_CatchThemAll_ws/install/turtlesim_catch_them_all_interfaces/share/turtlesim_catch_them_all_interfaces/cmake/turtlesim_catch_them_all_interfaces__rosidl_typesupport_introspection_cExport-noconfig.cmake
[3.848s] -- Up-to-date: /home/poom/Desktop/ros2_Turtlesim_CatchThemAll_ws/install/turtlesim_catch_them_all_interfaces/share/turtlesim_catch_them_all_interfaces/cmake/turtlesim_catch_them_all_interfaces__rosidl_typesupport_cExport.cmake
[3.848s] -- Up-to-date: /home/poom/Desktop/ros2_Turtlesim_CatchThemAll_ws/install/turtlesim_catch_them_all_interfaces/share/turtlesim_catch_them_all_interfaces/cmake/turtlesim_catch_them_all_interfaces__rosidl_typesupport_cExport-noconfig.cmake
[3.848s] -- Up-to-date: /home/poom/Desktop/ros2_Turtlesim_CatchThemAll_ws/install/turtlesim_catch_them_all_interfaces/share/turtlesim_catch_them_all_interfaces/cmake/export_turtlesim_catch_them_all_interfaces__rosidl_generator_cppExport.cmake
[3.848s] -- Up-to-date: /home/poom/Desktop/ros2_Turtlesim_CatchThemAll_ws/install/turtlesim_catch_them_all_interfaces/share/turtlesim_catch_them_all_interfaces/cmake/export_turtlesim_catch_them_all_interfaces__rosidl_typesupport_fastrtps_cppExport.cmake
[3.848s] -- Up-to-date: /home/poom/Desktop/ros2_Turtlesim_CatchThemAll_ws/install/turtlesim_catch_them_all_interfaces/share/turtlesim_catch_them_all_interfaces/cmake/export_turtlesim_catch_them_all_interfaces__rosidl_typesupport_fastrtps_cppExport-noconfig.cmake
[3.848s] -- Up-to-date: /home/poom/Desktop/ros2_Turtlesim_CatchThemAll_ws/install/turtlesim_catch_them_all_interfaces/share/turtlesim_catch_them_all_interfaces/cmake/turtlesim_catch_them_all_interfaces__rosidl_typesupport_introspection_cppExport.cmake
[3.848s] -- Up-to-date: /home/poom/Desktop/ros2_Turtlesim_CatchThemAll_ws/install/turtlesim_catch_them_all_interfaces/share/turtlesim_catch_them_all_interfaces/cmake/turtlesim_catch_them_all_interfaces__rosidl_typesupport_introspection_cppExport-noconfig.cmake
[3.848s] -- Up-to-date: /home/poom/Desktop/ros2_Turtlesim_CatchThemAll_ws/install/turtlesim_catch_them_all_interfaces/share/turtlesim_catch_them_all_interfaces/cmake/turtlesim_catch_them_all_interfaces__rosidl_typesupport_cppExport.cmake
[3.848s] -- Up-to-date: /home/poom/Desktop/ros2_Turtlesim_CatchThemAll_ws/install/turtlesim_catch_them_all_interfaces/share/turtlesim_catch_them_all_interfaces/cmake/turtlesim_catch_them_all_interfaces__rosidl_typesupport_cppExport-noconfig.cmake
[3.848s] -- Up-to-date: /home/poom/Desktop/ros2_Turtlesim_CatchThemAll_ws/install/turtlesim_catch_them_all_interfaces/share/turtlesim_catch_them_all_interfaces/cmake/export_turtlesim_catch_them_all_interfaces__rosidl_generator_pyExport.cmake
[3.848s] -- Up-to-date: /home/poom/Desktop/ros2_Turtlesim_CatchThemAll_ws/install/turtlesim_catch_them_all_interfaces/share/turtlesim_catch_them_all_interfaces/cmake/export_turtlesim_catch_them_all_interfaces__rosidl_generator_pyExport-noconfig.cmake
[3.848s] -- Installing: /home/poom/Desktop/ros2_Turtlesim_CatchThemAll_ws/install/turtlesim_catch_them_all_interfaces/share/turtlesim_catch_them_all_interfaces/cmake/rosidl_cmake-extras.cmake
[3.848s] -- Up-to-date: /home/poom/Desktop/ros2_Turtlesim_CatchThemAll_ws/install/turtlesim_catch_them_all_interfaces/share/turtlesim_catch_them_all_interfaces/cmake/ament_cmake_export_include_directories-extras.cmake
[3.848s] -- Up-to-date: /home/poom/Desktop/ros2_Turtlesim_CatchThemAll_ws/install/turtlesim_catch_them_all_interfaces/share/turtlesim_catch_them_all_interfaces/cmake/ament_cmake_export_libraries-extras.cmake
[3.848s] -- Up-to-date: /home/poom/Desktop/ros2_Turtlesim_CatchThemAll_ws/install/turtlesim_catch_them_all_interfaces/share/turtlesim_catch_them_all_interfaces/cmake/ament_cmake_export_targets-extras.cmake
[3.848s] -- Up-to-date: /home/poom/Desktop/ros2_Turtlesim_CatchThemAll_ws/install/turtlesim_catch_them_all_interfaces/share/turtlesim_catch_them_all_interfaces/cmake/rosidl_cmake_export_typesupport_targets-extras.cmake
[3.848s] -- Up-to-date: /home/poom/Desktop/ros2_Turtlesim_CatchThemAll_ws/install/turtlesim_catch_them_all_interfaces/share/turtlesim_catch_them_all_interfaces/cmake/ament_cmake_export_dependencies-extras.cmake
[3.848s] -- Up-to-date: /home/poom/Desktop/ros2_Turtlesim_CatchThemAll_ws/install/turtlesim_catch_them_all_interfaces/share/turtlesim_catch_them_all_interfaces/cmake/rosidl_cmake_export_typesupport_libraries-extras.cmake
[3.848s] -- Up-to-date: /home/poom/Desktop/ros2_Turtlesim_CatchThemAll_ws/install/turtlesim_catch_them_all_interfaces/share/turtlesim_catch_them_all_interfaces/cmake/turtlesim_catch_them_all_interfacesConfig.cmake
[3.848s] -- Up-to-date: /home/poom/Desktop/ros2_Turtlesim_CatchThemAll_ws/install/turtlesim_catch_them_all_interfaces/share/turtlesim_catch_them_all_interfaces/cmake/turtlesim_catch_them_all_interfacesConfig-version.cmake
[3.848s] -- Up-to-date: /home/poom/Desktop/ros2_Turtlesim_CatchThemAll_ws/install/turtlesim_catch_them_all_interfaces/share/turtlesim_catch_them_all_interfaces/package.xml
[3.849s] Invoked command in '/home/poom/Desktop/ros2_Turtlesim_CatchThemAll_ws/build/turtlesim_catch_them_all_interfaces' returned '0': CMAKE_PREFIX_PATH=${CMAKE_PREFIX_PATH}:/home/poom/Desktop/ros2_Turtlesim_CatchThemAll_ws/install/turtlesim_catch_them_all:/home/poom/Desktop/ROS2_MiniProject/ros2_ws/install/my_py_pkg:/home/poom/ros2_ws/install/my_py_pkg:/opt/ros/humble /usr/bin/cmake --install /home/poom/Desktop/ros2_Turtlesim_CatchThemAll_ws/build/turtlesim_catch_them_all_interfaces
